#
# There is insufficient memory for the Java Runtime Environment to continue.
# Native memory allocation (mmap) failed to map 264241152 bytes. Error detail: G1 virtual space
# Possible reasons:
#   The system is out of physical RAM or swap space
#   This process is running with CompressedOops enabled, and the Java Heap may be blocking the growth of the native heap
# Possible solutions:
#   Reduce memory load on the system
#   Increase physical memory or swap space
#   Check if swap backing store is full
#   Decrease Java heap size (-Xmx/-Xms)
#   Decrease number of Java threads
#   Decrease Java thread stack sizes (-Xss)
#   Set larger code cache with -XX:ReservedCodeCacheSize=
#   JVM is running with Zero Based Compressed Oops mode in which the Java heap is
#     placed in the first 32GB address space. The Java Heap base address is the
#     maximum limit for the native heap growth. Please use -XX:HeapBaseMinAddress
#     to set the Java Heap base and to place the Java Heap above 32GB virtual address.
# This output file may be truncated or incomplete.
#
#  Out of Memory Error (os_windows.cpp:3898), pid=22372, tid=22200
#
# JRE version:  (21.0.6) (build )
# Java VM: OpenJDK 64-Bit Server VM (21.0.6+-13391695-b895.109, mixed mode, sharing, tiered, compressed oops, compressed class ptrs, g1 gc, windows-amd64)
# No core dump will be written. Minidumps are not enabled by default on client versions of Windows
#

---------------  S U M M A R Y ------------

Command Line: org.jetbrains.kotlin.cli.jvm.K2JVMCompiler @C:\Users\anchi\HumbleContacts2\app\build\20260528_17742558477663269014.compiler.options

Host: 13th Gen Intel(R) Core(TM) i7-1355U, 12 cores, 15G,  Windows 11 , 64 bit Build 26100 (10.0.26100.8328)
Time: Thu May 28 17:04:20 2026 India Standard Time elapsed time: 1.136105 seconds (0d 0h 0m 1s)

---------------  T H R E A D  ---------------

Current thread (0x0000028300c52400):  JavaThread "Unknown thread" [_thread_in_vm, id=22200, stack(0x00000098a5f00000,0x00000098a6000000) (1024K)]

Stack: [0x00000098a5f00000,0x00000098a6000000]
Native frames: (J=compiled Java code, j=interpreted, Vv=VM code, C=native code)
V  [jvm.dll+0x6d0639]
V  [jvm.dll+0x85eb03]
V  [jvm.dll+0x86105e]
V  [jvm.dll+0x861743]
V  [jvm.dll+0x27e6e6]
V  [jvm.dll+0x6ccfd5]
V  [jvm.dll+0x6c0a8a]
V  [jvm.dll+0x35537b]
V  [jvm.dll+0x35cfd6]
V  [jvm.dll+0x3aef86]
V  [jvm.dll+0x3af258]
V  [jvm.dll+0x327a2c]
V  [jvm.dll+0x32871b]
V  [jvm.dll+0x826549]
V  [jvm.dll+0x3bc158]
V  [jvm.dll+0x80f7f8]
V  [jvm.dll+0x45035e]
V  [jvm.dll+0x451ac1]
C  [jli.dll+0x52ab]
C  [ucrtbase.dll+0x37b0]
C  [KERNEL32.DLL+0x2e957]
C  [ntdll.dll+0x427c]


---------------  P R O C E S S  ---------------

Threads class SMR info:
_java_thread_list=0x00007ffe71651848, length=0, elements={
}

Java Threads: ( => current thread )
Total: 0

Other Threads:
  0x000002830324c940 WorkerThread "GC Thread#0"                     [id=24420, stack(0x00000098a6000000,0x00000098a6100000) (1024K)]
  0x000002830325d430 ConcurrentGCThread "G1 Main Marker"            [id=12292, stack(0x00000098a6100000,0x00000098a6200000) (1024K)]
  0x000002830325eca0 WorkerThread "G1 Conc#0"                       [id=21208, stack(0x00000098a6200000,0x00000098a6300000) (1024K)]

[error occurred during error reporting (printing all threads), id 0xc0000005, EXCEPTION_ACCESS_VIOLATION (0xc0000005) at pc=0x00007ffe70e4aa87]
VM state: not at safepoint (not fully initialized)

VM Mutex/Monitor currently owned by a thread:  ([mutex/lock_event])
[0x00007ffe716be4a0] Heap_lock - owner thread: 0x0000028300c52400

Heap address: 0x0000000704e00000, size: 4018 MB, Compressed Oops mode: Zero based, Oop shift amount: 3

CDS archive(s) mapped at: [0x0000000000000000-0x0000000000000000-0x0000000000000000), size 0, SharedBaseAddress: 0x0000000800000000, ArchiveRelocationMode: 1.
Narrow klass base: 0x0000000000000000, Narrow klass shift: 0, Narrow klass range: 0x0

GC Precious Log:
 CardTable entry size: 512
 Card Set container configuration: InlinePtr #cards 4 size 8 Array Of Cards #cards 16 size 48 Howl #buckets 8 coarsen threshold 3686 Howl Bitmap #cards 512 size 80 coarsen threshold 460 Card regions per heap region 1 cards per card region 4096

Heap:
 garbage-first heap   total 0K, used 0K [0x0000000704e00000, 0x0000000800000000)
  region size 2048K, 0 young (0K), 0 survivors (0K)
 Metaspace       used 0K, committed 0K, reserved 0K
  class space    used 0K, committed 0K, reserved 0K

Heap Regions: E=young(eden), S=young(survivor), O=old, HS=humongous(starts), HC=humongous(continues), CS=collection set, F=free, TAMS=top-at-mark-start, PB=parsable bottom

Card table byte_map: [0x0000028316050000,0x0000028316830000] _byte_map_base: 0x0000028312829000

Marking Bits: (CMBitMap*) 0x000002830324d040
 Bits: [0x0000028316830000, 0x000002831a6f8000)

GC Heap History (0 events):
No events

Dll operation events (1 events):
Event: 0.044 Loaded shared library C:\Program Files\Android\Android Studio\jbr\bin\java.dll

Deoptimization events (0 events):
No events

Classes loaded (0 events):
No events

Classes unloaded (0 events):
No events

Classes redefined (0 events):
No events

Internal exceptions (0 events):
No events

ZGC Phase Switch (0 events):
No events

VM Operations (0 events):
No events

Memory protections (0 events):
No events

Nmethod flushes (0 events):
No events

Events (0 events):
No events


Dynamic libraries:
0x00007ff667770000 - 0x00007ff66777a000 	C:\Program Files\Android\Android Studio\jbr\bin\java.exe
0x00007fff2c400000 - 0x00007fff2c667000 	C:\Windows\SYSTEM32\ntdll.dll
0x00007fff2b710000 - 0x00007fff2b7d9000 	C:\Windows\System32\KERNEL32.DLL
0x00007fff28e30000 - 0x00007fff29227000 	C:\Windows\System32\KERNELBASE.dll
0x00007fff29460000 - 0x00007fff295ab000 	C:\Windows\System32\ucrtbase.dll
0x00007ffedc940000 - 0x00007ffedc958000 	C:\Program Files\Android\Android Studio\jbr\bin\jli.dll
0x00007fff2c170000 - 0x00007fff2c336000 	C:\Windows\System32\USER32.dll
0x00007fff29670000 - 0x00007fff29697000 	C:\Windows\System32\win32u.dll
0x00007fff2b6e0000 - 0x00007fff2b70b000 	C:\Windows\System32\GDI32.dll
0x00007fff29750000 - 0x00007fff2987c000 	C:\Windows\System32\gdi32full.dll
0x00007fff29230000 - 0x00007fff292d3000 	C:\Windows\System32\msvcp_win.dll
0x00007ffe81fb0000 - 0x00007ffe81fcb000 	C:\Program Files\Android\Android Studio\jbr\bin\VCRUNTIME140.dll
0x00007fff0ee10000 - 0x00007fff0f0a2000 	C:\Windows\WinSxS\amd64_microsoft.windows.common-controls_6595b64144ccf1df_6.0.26100.8457_none_3e0b2faee331e92d\COMCTL32.dll
0x00007fff2b630000 - 0x00007fff2b6d9000 	C:\Windows\System32\msvcrt.dll
0x00007fff2a460000 - 0x00007fff2a492000 	C:\Windows\System32\IMM32.DLL
0x00000000542c0000 - 0x00000000542cd000 	C:\Program Files (x86)\360\Total Security\safemon\SafeWrapper.dll
0x00007fff2b560000 - 0x00007fff2b616000 	C:\Windows\System32\ADVAPI32.dll
0x00007fff2a4a0000 - 0x00007fff2a547000 	C:\Windows\System32\sechost.dll
0x00007fff2b9d0000 - 0x00007fff2bae8000 	C:\Windows\System32\RPCRT4.dll
0x00007fff24060000 - 0x00007fff24165000 	C:\Program Files (x86)\360\Total Security\safemon\libzdtp64.dll
0x00007fff2a670000 - 0x00007fff2adde000 	C:\Windows\System32\SHELL32.dll
0x00007fff2af90000 - 0x00007fff2aff6000 	C:\Windows\System32\SHLWAPI.dll
0x00007fff29880000 - 0x00007fff2a0ec000 	C:\Windows\System32\Windows.Storage.dll
0x00007fff2b080000 - 0x00007fff2b403000 	C:\Windows\System32\combase.dll
0x00007fff28910000 - 0x00007fff2891b000 	C:\Windows\SYSTEM32\VERSION.dll
0x00007ffe70b00000 - 0x00007ffe70b0c000 	C:\Program Files\Android\Android Studio\jbr\bin\vcruntime140_1.dll
0x00007ffe8d0f0000 - 0x00007ffe8d17d000 	C:\Program Files\Android\Android Studio\jbr\bin\msvcp140.dll
0x00007ffe70b10000 - 0x00007ffe7179b000 	C:\Program Files\Android\Android Studio\jbr\bin\server\jvm.dll
0x00007fff2a560000 - 0x00007fff2a5e0000 	C:\Windows\System32\WS2_32.dll
0x00007fff28c90000 - 0x00007fff28cee000 	C:\Windows\SYSTEM32\POWRPROF.dll
0x00007fff239f0000 - 0x00007fff23a26000 	C:\Windows\SYSTEM32\WINMM.dll
0x00007fff28c70000 - 0x00007fff28c84000 	C:\Windows\SYSTEM32\UMPDC.dll
0x00007fff27b50000 - 0x00007fff27b6b000 	C:\Windows\SYSTEM32\kernel.appcore.dll
0x00007ffe70af0000 - 0x00007ffe70afa000 	C:\Program Files\Android\Android Studio\jbr\bin\jimage.dll
0x00007fff26c20000 - 0x00007fff26e62000 	C:\Windows\SYSTEM32\DBGHELP.DLL
0x00007fff2a280000 - 0x00007fff2a359000 	C:\Windows\System32\OLEAUT32.dll
0x00007fff096c0000 - 0x00007fff096fb000 	C:\Windows\SYSTEM32\dbgcore.DLL
0x00007fff296a0000 - 0x00007fff29748000 	C:\Windows\System32\bcryptPrimitives.dll
0x00007ffe70ad0000 - 0x00007ffe70af0000 	C:\Program Files\Android\Android Studio\jbr\bin\java.dll

dbghelp: loaded successfully - version: 4.0.5 - missing functions: none
symbol engine: initialized successfully - sym options: 0x614 - pdb path: .;C:\Program Files\Android\Android Studio\jbr\bin;C:\Windows\SYSTEM32;C:\Windows\WinSxS\amd64_microsoft.windows.common-controls_6595b64144ccf1df_6.0.26100.8457_none_3e0b2faee331e92d;C:\Program Files (x86)\360\Total Security\safemon;C:\Program Files\Android\Android Studio\jbr\bin\server

VM Arguments:
java_command: org.jetbrains.kotlin.cli.jvm.K2JVMCompiler @C:\Users\anchi\HumbleContacts2\app\build\20260528_17742558477663269014.compiler.options
java_class_path (initial): C:\Users\anchi\.gradle\caches\modules-2\files-2.1\org.jetbrains.kotlin\kotlin-compiler-embeddable\2.0.21\79346ed53db48b18312a472602eb5c057070c54d\kotlin-compiler-embeddable-2.0.21.jar;C:\Users\anchi\.gradle\caches\modules-2\files-2.1\org.jetbrains.kotlin\kotlin-stdlib\2.0.21\618b539767b4899b4660a83006e052b63f1db551\kotlin-stdlib-2.0.21.jar;C:\Users\anchi\.gradle\caches\modules-2\files-2.1\org.jetbrains.kotlin\kotlin-script-runtime\2.0.21\c9b044380ad41f89aa89aa896c2d32a8c0b2129d\kotlin-script-runtime-2.0.21.jar;C:\Users\anchi\.gradle\caches\modules-2\files-2.1\org.jetbrains.kotlin\kotlin-reflect\1.6.10\1cbe9c92c12a94eea200d23c2bbaedaf3daf5132\kotlin-reflect-1.6.10.jar;C:\Users\anchi\.gradle\caches\modules-2\files-2.1\org.jetbrains.kotlin\kotlin-daemon-embeddable\2.0.21\c9e933b23287de9b5a17e2116b4657bb91aea72c\kotlin-daemon-embeddable-2.0.21.jar;C:\Users\anchi\.gradle\caches\modules-2\files-2.1\org.jetbrains.intellij.deps\trove4j\1.0.20200330\3afb14d5f9ceb459d724e907a21145e8ff394f02\trove4j-1.0.20200330.jar;C:\Users\anchi\.gradle\caches\modules-2\files-2.1\org.jetbrains.kotlinx\kotlinx-coroutines-core-jvm\1.6.4\2c997cd1c0ef33f3e751d3831929aeff1390cb30\kotlinx-coroutines-core-jvm-1.6.4.jar;C:\Users\anchi\.gradle\caches\modules-2\files-2.1\org.jetbrains\annotations\13.0\919f0dfe192fb4e063e7dacadee7f8bb9a2672a9\annotations-13.0.jar
Launcher Type: SUN_STANDARD

[Global flags]
     intx CICompilerCount                          = 4                                         {product} {ergonomic}
     uint ConcGCThreads                            = 3                                         {product} {ergonomic}
     uint G1ConcRefinementThreads                  = 10                                        {product} {ergonomic}
   size_t G1HeapRegionSize                         = 2097152                                   {product} {ergonomic}
    uintx GCDrainStackTargetSize                   = 64                                        {product} {ergonomic}
   size_t InitialHeapSize                          = 264241152                                 {product} {ergonomic}
   size_t MarkStackSize                            = 4194304                                   {product} {ergonomic}
   size_t MaxHeapSize                              = 4213178368                                {product} {ergonomic}
   size_t MinHeapDeltaBytes                        = 2097152                                   {product} {ergonomic}
   size_t MinHeapSize                              = 8388608                                   {product} {ergonomic}
    uintx NonNMethodCodeHeapSize                   = 5839372                                {pd product} {ergonomic}
    uintx NonProfiledCodeHeapSize                  = 122909434                              {pd product} {ergonomic}
    uintx ProfiledCodeHeapSize                     = 122909434                              {pd product} {ergonomic}
    uintx ReservedCodeCacheSize                    = 251658240                              {pd product} {ergonomic}
     bool SegmentedCodeCache                       = true                                      {product} {ergonomic}
   size_t SoftMaxHeapSize                          = 4213178368                             {manageable} {ergonomic}
     bool UseCompressedOops                        = true                           {product lp64_product} {ergonomic}
     bool UseG1GC                                  = true                                      {product} {ergonomic}
     bool UseLargePagesIndividualAllocation        = false                                  {pd product} {ergonomic}

Logging:
Log output configuration:
 #0: stdout all=warning uptime,level,tags foldmultilines=false
 #1: stderr all=off uptime,level,tags foldmultilines=false

Environment Variables:
JAVA_HOME=C:\Program Files\Android\Android Studio\jbr
CLASSPATH=C:\Users\anchi\HumbleContacts2\\gradle\wrapper\gradle-wrapper.jar
PATH=C:\Program Files (x86)\NVIDIA Corporation\PhysX\Common;C:\Program Files (x86)\Common Files\Oracle\Java\javapath;C:\Python314\Scripts\;C:\Python314\;C:\Windows\system32;C:\Windows;C:\Windows\System32\Wbem;C:\Windows\System32\WindowsPowerShell\v1.0\;C:\Windows\System32\OpenSSH\;C:\Program Files\dotnet\;C:\Program Files\nodejs\;C:\ProgramData\chocolatey\bin;C:\MinGW\bin;C:\Program Files\Cloudflare\Cloudflare WARP\;C:\Program Files\Android\Android Studio\jbr\bin;C:\Program Files (x86)\Windows Kits\8.1\Windows Performance Toolkit\;C:\Windows\system32\config\systemprofile\AppData\Local\Muse Hub\lib;C:\Program Files\Git\cmd;C:\Users\anchi\AppData\Local\Programs\Python\Python313\Scripts\;C:\Users\anchi\AppData\Local\Programs\Python\Python313\;C:\Users\anchi\AppData\Local\Microsoft\WindowsApps;C:\Users\anchi\AppData\Roaming\npm;C:\Users\anchi\AppData\Local\Programs\Microsoft VS Code\bin;C:\Users\anchi\AppData\Local\Python\bin;C:\Users\anchi\AppData\Local\Muse Hub\lib;C:\Users\anchi\.local\bin;C:\Users\anchi\AppData\Local\GitHubDesktop\bin
USERNAME=anchi
OS=Windows_NT
PROCESSOR_IDENTIFIER=Intel64 Family 6 Model 186 Stepping 3, GenuineIntel
TMP=C:\Users\anchi\AppData\Local\Temp
TEMP=C:\Users\anchi\AppData\Local\Temp




Periodic native trim disabled

JNI global refs:
JNI global refs: 0, weak refs: 0

JNI global refs memory usage: 0, weak refs: 0

Process memory usage:
Resident Set Size: 14808K (0% of 16454352K total physical memory with 1825120K free physical memory)

OOME stack traces (most recent first):
Classloader memory used:

---------------  S Y S T E M  ---------------

OS:
 Windows 11 , 64 bit Build 26100 (10.0.26100.8328)
OS uptime: 0 days 0:31 hours
Hyper-V role detected

CPU: total 12 (initial active 12) (6 cores per cpu, 2 threads per core) family 6 model 186 stepping 3 microcode 0x6134, cx8, cmov, fxsr, ht, mmx, 3dnowpref, sse, sse2, sse3, ssse3, sse4.1, sse4.2, popcnt, lzcnt, tsc, tscinvbit, avx, avx2, aes, erms, clmul, bmi1, bmi2, adx, sha, fma, vzeroupper, clflush, clflushopt, clwb, hv, serialize, rdtscp, rdpid, fsrm, f16c, cet_ibt, cet_ss
Processor Information for the first 12 processors :
  Max Mhz: 1700, Current Mhz: 1700, Mhz Limit: 1700

Memory: 4k page, system-wide physical 16068M (1782M free)
TotalPageFile size 16068M (AvailPageFile size 156M)
current process WorkingSet (physical memory assigned to process): 14M, peak: 14M
current process commit charge ("private bytes"): 64M, peak: 316M

vm_info: OpenJDK 64-Bit Server VM (21.0.6+-13391695-b895.109) for windows-amd64 JRE (21.0.6+-13391695-b895.109), built on 2025-04-22T21:19:17Z by "builder" with MS VC++ 16.10 / 16.11 (VS2019)

END.
