#
# There is insufficient memory for the Java Runtime Environment to continue.
# Native memory allocation (malloc) failed to allocate 2894512 bytes. Error detail: Chunk::new
# Possible reasons:
#   The system is out of physical RAM or swap space
#   This process is running with CompressedOops enabled, and the Java Heap may be blocking the growth of the native heap
# Possible solutions:
#   Reduce memory load on the system
#   Increase physical memory or swap space
#   Check if swap backing store is full
#   Decrease Java heap size (-Xmx/-Xms)
#   Decrease number of Java threads
#   Decrease Java thread stack sizes (-Xss)
#   Set larger code cache with -XX:ReservedCodeCacheSize=
#   JVM is running with Unscaled Compressed Oops mode in which the Java heap is
#     placed in the first 4GB address space. The Java Heap base address is the
#     maximum limit for the native heap growth. Please use -XX:HeapBaseMinAddress
#     to set the Java Heap base and to place the Java Heap above 4GB virtual address.
# This output file may be truncated or incomplete.
#
#  Out of Memory Error (arena.cpp:168), pid=28660, tid=28504
#
# JRE version: OpenJDK Runtime Environment (21.0.6) (build 21.0.6+-13391695-b895.109)
# Java VM: OpenJDK 64-Bit Server VM (21.0.6+-13391695-b895.109, mixed mode, tiered, compressed oops, compressed class ptrs, g1 gc, windows-amd64)
# No core dump will be written. Minidumps are not enabled by default on client versions of Windows
#

---------------  S U M M A R Y ------------

Command Line: --add-opens=java.base/java.lang=ALL-UNNAMED --add-opens=java.base/java.lang.invoke=ALL-UNNAMED --add-opens=java.base/java.util=ALL-UNNAMED --add-opens=java.prefs/java.util.prefs=ALL-UNNAMED --add-exports=jdk.compiler/com.sun.tools.javac.api=ALL-UNNAMED --add-exports=jdk.compiler/com.sun.tools.javac.util=ALL-UNNAMED --add-opens=java.base/java.util=ALL-UNNAMED --add-opens=java.prefs/java.util.prefs=ALL-UNNAMED --add-opens=java.base/java.nio.charset=ALL-UNNAMED --add-opens=java.base/java.net=ALL-UNNAMED --add-opens=java.base/java.util.concurrent.atomic=ALL-UNNAMED --add-opens=java.xml/javax.xml.namespace=ALL-UNNAMED -Xmx2048m -Dfile.encoding=UTF-8 -Duser.country=IN -Duser.language=en -Duser.variant -javaagent:C:\Users\anchi\.gradle\wrapper\dists\gradle-8.13-bin\5xuhj0ry160q40clulazy9h7d\gradle-8.13\lib\agents\gradle-instrumentation-agent-8.13.jar org.gradle.launcher.daemon.bootstrap.GradleDaemon 8.13

Host: 13th Gen Intel(R) Core(TM) i7-1355U, 12 cores, 15G,  Windows 11 , 64 bit Build 26100 (10.0.26100.8328)
Time: Wed May 27 14:48:16 2026 India Standard Time elapsed time: 20.046053 seconds (0d 0h 0m 20s)

---------------  T H R E A D  ---------------

Current thread (0x000002c0d7ef5f40):  JavaThread "C2 CompilerThread0" daemon [_thread_in_native, id=28504, stack(0x000000fcb9a00000,0x000000fcb9b00000) (1024K)]


Current CompileTask:
C2:20046 8566       4       org.objectweb.asm.ClassReader::readCode (5117 bytes)

Stack: [0x000000fcb9a00000,0x000000fcb9b00000]
Native frames: (J=compiled Java code, j=interpreted, Vv=VM code, C=native code)
V  [jvm.dll+0x6d0639]
V  [jvm.dll+0x85eb03]
V  [jvm.dll+0x86105e]
V  [jvm.dll+0x861743]
V  [jvm.dll+0x27e6e6]
V  [jvm.dll+0xbff6d]
V  [jvm.dll+0xc04a3]
V  [jvm.dll+0x3b61ab]
V  [jvm.dll+0x1de872]
V  [jvm.dll+0x247dd4]
V  [jvm.dll+0x247251]
V  [jvm.dll+0x1c5f04]
V  [jvm.dll+0x2569ac]
V  [jvm.dll+0x254ef6]
V  [jvm.dll+0x3f0e96]
V  [jvm.dll+0x806ed8]
V  [jvm.dll+0x6cef0d]
C  [ucrtbase.dll+0x37b0]
C  [KERNEL32.DLL+0x2e957]
C  [ntdll.dll+0x427c]


---------------  P R O C E S S  ---------------

Threads class SMR info:
_java_thread_list=0x000002c0dfd3b2a0, length=53, elements={
0x000002c0c027a890, 0x000002c0d7ec69e0, 0x000002c0d7ecb4c0, 0x000002c0d7eed5a0,
0x000002c0d7ecc430, 0x000002c0d7ecce80, 0x000002c0d7ed5cc0, 0x000002c0d7ef5f40,
0x000002c0d7ed9710, 0x000002c0d7ff2120, 0x000002c0d8388240, 0x000002c0de03cde0,
0x000002c0de170120, 0x000002c0de4d3970, 0x000002c0de28e2b0, 0x000002c0de28e910,
0x000002c0de447dc0, 0x000002c0de288ea0, 0x000002c0de24a060, 0x000002c0de24b410,
0x000002c0de24a6f0, 0x000002c0de24ad80, 0x000002c0de7fabb0, 0x000002c0de7fbf60,
0x000002c0de7fb8d0, 0x000002c0de7fa520, 0x000002c0de7fcc80, 0x000002c0de7fc5f0,
0x000002c0de7fd9a0, 0x000002c0de7fe6c0, 0x000002c0de7fb240, 0x000002c0de800790,
0x000002c0de8014b0, 0x000002c0de7ffa70, 0x000002c0de801b40, 0x000002c0de7fed50,
0x000002c0e0916220, 0x000002c0e09168b0, 0x000002c0e09175d0, 0x000002c0e09147e0,
0x000002c0e0916f40, 0x000002c0e0915500, 0x000002c0e0914e70, 0x000002c0e0919010,
0x000002c0e091a3c0, 0x000002c0e091aa50, 0x000002c0e091b0e0, 0x000002c0e0918980,
0x000002c0e0917c60, 0x000002c0e091b770, 0x000002c0e09196a0, 0x000002c0e09182f0,
0x000002c0e1212f70
}

Java Threads: ( => current thread )
  0x000002c0c027a890 JavaThread "main"                              [_thread_blocked, id=3012, stack(0x000000fcb8c00000,0x000000fcb8d00000) (1024K)]
  0x000002c0d7ec69e0 JavaThread "Reference Handler"          daemon [_thread_blocked, id=28748, stack(0x000000fcb9400000,0x000000fcb9500000) (1024K)]
  0x000002c0d7ecb4c0 JavaThread "Finalizer"                  daemon [_thread_blocked, id=22836, stack(0x000000fcb9500000,0x000000fcb9600000) (1024K)]
  0x000002c0d7eed5a0 JavaThread "Signal Dispatcher"          daemon [_thread_blocked, id=12076, stack(0x000000fcb9600000,0x000000fcb9700000) (1024K)]
  0x000002c0d7ecc430 JavaThread "Attach Listener"            daemon [_thread_blocked, id=21116, stack(0x000000fcb9700000,0x000000fcb9800000) (1024K)]
  0x000002c0d7ecce80 JavaThread "Service Thread"             daemon [_thread_blocked, id=14372, stack(0x000000fcb9800000,0x000000fcb9900000) (1024K)]
  0x000002c0d7ed5cc0 JavaThread "Monitor Deflation Thread"   daemon [_thread_blocked, id=29132, stack(0x000000fcb9900000,0x000000fcb9a00000) (1024K)]
=>0x000002c0d7ef5f40 JavaThread "C2 CompilerThread0"         daemon [_thread_in_native, id=28504, stack(0x000000fcb9a00000,0x000000fcb9b00000) (1024K)]
  0x000002c0d7ed9710 JavaThread "C1 CompilerThread0"         daemon [_thread_blocked, id=15044, stack(0x000000fcb9b00000,0x000000fcb9c00000) (1024K)]
  0x000002c0d7ff2120 JavaThread "Common-Cleaner"             daemon [_thread_blocked, id=30108, stack(0x000000fcb9c00000,0x000000fcb9d00000) (1024K)]
  0x000002c0d8388240 JavaThread "Notification Thread"        daemon [_thread_blocked, id=28324, stack(0x000000fcb9d00000,0x000000fcb9e00000) (1024K)]
  0x000002c0de03cde0 JavaThread "Daemon health stats"               [_thread_blocked, id=7108, stack(0x000000fcba800000,0x000000fcba900000) (1024K)]
  0x000002c0de170120 JavaThread "Incoming local TCP Connector on port 56287"        [_thread_in_native, id=2916, stack(0x000000fcba900000,0x000000fcbaa00000) (1024K)]
  0x000002c0de4d3970 JavaThread "Daemon periodic checks"            [_thread_blocked, id=17604, stack(0x000000fcbaa00000,0x000000fcbab00000) (1024K)]
  0x000002c0de28e2b0 JavaThread "Daemon"                            [_thread_blocked, id=25812, stack(0x000000fcbab00000,0x000000fcbac00000) (1024K)]
  0x000002c0de28e910 JavaThread "Handler for socket connection from /127.0.0.1:56287 to /127.0.0.1:56288"        [_thread_in_native, id=1568, stack(0x000000fcbac00000,0x000000fcbad00000) (1024K)]
  0x000002c0de447dc0 JavaThread "Cancel handler"                    [_thread_blocked, id=16636, stack(0x000000fcbad00000,0x000000fcbae00000) (1024K)]
  0x000002c0de288ea0 JavaThread "Daemon worker"                     [_thread_in_native, id=19112, stack(0x000000fcbae00000,0x000000fcbaf00000) (1024K)]
  0x000002c0de24a060 JavaThread "Asynchronous log dispatcher for DefaultDaemonConnection: socket connection from /127.0.0.1:56287 to /127.0.0.1:56288"        [_thread_blocked, id=4304, stack(0x000000fcbaf00000,0x000000fcbb000000) (1024K)]
  0x000002c0de24b410 JavaThread "Stdin handler"                     [_thread_blocked, id=2392, stack(0x000000fcbb000000,0x000000fcbb100000) (1024K)]
  0x000002c0de24a6f0 JavaThread "Daemon client event forwarder"        [_thread_blocked, id=19340, stack(0x000000fcbb100000,0x000000fcbb200000) (1024K)]
  0x000002c0de24ad80 JavaThread "Cache worker for journal cache (C:\Users\anchi\.gradle\caches\journal-1)"        [_thread_blocked, id=2900, stack(0x000000fcbb400000,0x000000fcbb500000) (1024K)]
  0x000002c0de7fabb0 JavaThread "File lock request listener"        [_thread_in_native, id=8712, stack(0x000000fcbb500000,0x000000fcbb600000) (1024K)]
  0x000002c0de7fbf60 JavaThread "Cache worker for file hash cache (C:\Users\anchi\.gradle\caches\8.13\fileHashes)"        [_thread_blocked, id=27164, stack(0x000000fcbb600000,0x000000fcbb700000) (1024K)]
  0x000002c0de7fb8d0 JavaThread "Cache worker for file hash cache (C:\Users\anchi\HumbleContacts2\.gradle\8.13\fileHashes)"        [_thread_blocked, id=28400, stack(0x000000fcbb700000,0x000000fcbb800000) (1024K)]
  0x000002c0de7fa520 JavaThread "Cache worker for Build Output Cleanup Cache (C:\Users\anchi\HumbleContacts2\.gradle\buildOutputCleanup)"        [_thread_blocked, id=28472, stack(0x000000fcbb800000,0x000000fcbb900000) (1024K)]
  0x000002c0de7fcc80 JavaThread "File watcher server"        daemon [_thread_in_native, id=10024, stack(0x000000fcb9e00000,0x000000fcb9f00000) (1024K)]
  0x000002c0de7fc5f0 JavaThread "File watcher consumer"      daemon [_thread_blocked, id=12308, stack(0x000000fcbb900000,0x000000fcbba00000) (1024K)]
  0x000002c0de7fd9a0 JavaThread "jar transforms"                    [_thread_blocked, id=11156, stack(0x000000fcbbc00000,0x000000fcbbd00000) (1024K)]
  0x000002c0de7fe6c0 JavaThread "jar transforms Thread 2"           [_thread_blocked, id=5748, stack(0x000000fcbbd00000,0x000000fcbbe00000) (1024K)]
  0x000002c0de7fb240 JavaThread "Cache worker for checksums cache (C:\Users\anchi\HumbleContacts2\.gradle\8.13\checksums)"        [_thread_blocked, id=30344, stack(0x000000fcbbe00000,0x000000fcbbf00000) (1024K)]
  0x000002c0de800790 JavaThread "Cache worker for file content cache (C:\Users\anchi\.gradle\caches\8.13\fileContent)"        [_thread_blocked, id=18944, stack(0x000000fcbbf00000,0x000000fcbc000000) (1024K)]
  0x000002c0de8014b0 JavaThread "jar transforms Thread 3"           [_thread_blocked, id=15224, stack(0x000000fcbc000000,0x000000fcbc100000) (1024K)]
  0x000002c0de7ffa70 JavaThread "Cache worker for cache directory md-supplier (C:\Users\anchi\.gradle\caches\8.13\md-supplier)"        [_thread_blocked, id=3548, stack(0x000000fcbc100000,0x000000fcbc200000) (1024K)]
  0x000002c0de801b40 JavaThread "Cache worker for cache directory md-rule (C:\Users\anchi\.gradle\caches\8.13\md-rule)"        [_thread_blocked, id=15740, stack(0x000000fcbc200000,0x000000fcbc300000) (1024K)]
  0x000002c0de7fed50 JavaThread "Unconstrained build operations"        [_thread_blocked, id=25404, stack(0x000000fcbc300000,0x000000fcbc400000) (1024K)]
  0x000002c0e0916220 JavaThread "Unconstrained build operations Thread 2"        [_thread_blocked, id=28056, stack(0x000000fcbc400000,0x000000fcbc500000) (1024K)]
  0x000002c0e09168b0 JavaThread "Unconstrained build operations Thread 3"        [_thread_blocked, id=28824, stack(0x000000fcbc500000,0x000000fcbc600000) (1024K)]
  0x000002c0e09175d0 JavaThread "Unconstrained build operations Thread 4"        [_thread_blocked, id=2136, stack(0x000000fcbc600000,0x000000fcbc700000) (1024K)]
  0x000002c0e09147e0 JavaThread "Unconstrained build operations Thread 5"        [_thread_blocked, id=18784, stack(0x000000fcbc700000,0x000000fcbc800000) (1024K)]
  0x000002c0e0916f40 JavaThread "Unconstrained build operations Thread 6"        [_thread_blocked, id=15720, stack(0x000000fcbc800000,0x000000fcbc900000) (1024K)]
  0x000002c0e0915500 JavaThread "Unconstrained build operations Thread 7"        [_thread_blocked, id=18268, stack(0x000000fcbc900000,0x000000fcbca00000) (1024K)]
  0x000002c0e0914e70 JavaThread "Unconstrained build operations Thread 8"        [_thread_blocked, id=18976, stack(0x000000fcbca00000,0x000000fcbcb00000) (1024K)]
  0x000002c0e0919010 JavaThread "jar transforms Thread 4"           [_thread_blocked, id=20296, stack(0x000000fcbcb00000,0x000000fcbcc00000) (1024K)]
  0x000002c0e091a3c0 JavaThread "jar transforms Thread 5"           [_thread_blocked, id=24664, stack(0x000000fcbcc00000,0x000000fcbcd00000) (1024K)]
  0x000002c0e091aa50 JavaThread "Unconstrained build operations Thread 9"        [_thread_blocked, id=21844, stack(0x000000fcbcd00000,0x000000fcbce00000) (1024K)]
  0x000002c0e091b0e0 JavaThread "Unconstrained build operations Thread 10"        [_thread_blocked, id=29736, stack(0x000000fcbce00000,0x000000fcbcf00000) (1024K)]
  0x000002c0e0918980 JavaThread "Unconstrained build operations Thread 11"        [_thread_blocked, id=12152, stack(0x000000fcbcf00000,0x000000fcbd000000) (1024K)]
  0x000002c0e0917c60 JavaThread "Unconstrained build operations Thread 12"        [_thread_blocked, id=29580, stack(0x000000fcbd000000,0x000000fcbd100000) (1024K)]
  0x000002c0e091b770 JavaThread "jar transforms Thread 6"           [_thread_blocked, id=29036, stack(0x000000fcbd100000,0x000000fcbd200000) (1024K)]
  0x000002c0e09196a0 JavaThread "jar transforms Thread 7"           [_thread_blocked, id=14160, stack(0x000000fcbd200000,0x000000fcbd300000) (1024K)]
  0x000002c0e09182f0 JavaThread "jar transforms Thread 8"           [_thread_blocked, id=6340, stack(0x000000fcbd300000,0x000000fcbd400000) (1024K)]
  0x000002c0e1212f70 JavaThread "C2 CompilerThread1"         daemon [_thread_blocked, id=28888, stack(0x000000fcbba00000,0x000000fcbbb00000) (1024K)]
Total: 53

Other Threads:
  0x000002c0d7e759d0 VMThread "VM Thread"                           [id=17732, stack(0x000000fcb9300000,0x000000fcb9400000) (1024K)]
  0x000002c0d7e20090 WatcherThread "VM Periodic Task Thread"        [id=19000, stack(0x000000fcb9200000,0x000000fcb9300000) (1024K)]
  0x000002c0bdf1e010 WorkerThread "GC Thread#0"                     [id=8872, stack(0x000000fcb8d00000,0x000000fcb8e00000) (1024K)]
  0x000002c0dd04f340 WorkerThread "GC Thread#1"                     [id=18836, stack(0x000000fcba000000,0x000000fcba100000) (1024K)]
  0x000002c0dd04f6e0 WorkerThread "GC Thread#2"                     [id=28372, stack(0x000000fcba100000,0x000000fcba200000) (1024K)]
  0x000002c0d8505450 WorkerThread "GC Thread#3"                     [id=29368, stack(0x000000fcba200000,0x000000fcba300000) (1024K)]
  0x000002c0d85057f0 WorkerThread "GC Thread#4"                     [id=25552, stack(0x000000fcba300000,0x000000fcba400000) (1024K)]
  0x000002c0d8505b90 WorkerThread "GC Thread#5"                     [id=25132, stack(0x000000fcba400000,0x000000fcba500000) (1024K)]
  0x000002c0de1d9b40 WorkerThread "GC Thread#6"                     [id=5972, stack(0x000000fcba500000,0x000000fcba600000) (1024K)]
  0x000002c0de1e1fe0 WorkerThread "GC Thread#7"                     [id=29720, stack(0x000000fcba600000,0x000000fcba700000) (1024K)]
  0x000002c0de1e35f0 WorkerThread "GC Thread#8"                     [id=10104, stack(0x000000fcba700000,0x000000fcba800000) (1024K)]
  0x000002c0de1e3990 WorkerThread "GC Thread#9"                     [id=9120, stack(0x000000fcb9f00000,0x000000fcba000000) (1024K)]
  0x000002c0c02e1620 ConcurrentGCThread "G1 Main Marker"            [id=16020, stack(0x000000fcb8e00000,0x000000fcb8f00000) (1024K)]
  0x000002c0c02e1f30 WorkerThread "G1 Conc#0"                       [id=11328, stack(0x000000fcb8f00000,0x000000fcb9000000) (1024K)]
  0x000002c0de1e3d30 WorkerThread "G1 Conc#1"                       [id=25816, stack(0x000000fcbb200000,0x000000fcbb300000) (1024K)]
  0x000002c0de1e2770 WorkerThread "G1 Conc#2"                       [id=15076, stack(0x000000fcbb300000,0x000000fcbb400000) (1024K)]
  0x000002c0d7a88ca0 ConcurrentGCThread "G1 Refine#0"               [id=15936, stack(0x000000fcb9000000,0x000000fcb9100000) (1024K)]
  0x000002c0d7a895c0 ConcurrentGCThread "G1 Service"                [id=19848, stack(0x000000fcb9100000,0x000000fcb9200000) (1024K)]
Total: 18

Threads with active compile tasks:
C2 CompilerThread0  20071 8566       4       org.objectweb.asm.ClassReader::readCode (5117 bytes)
Total: 1

VM state: not at safepoint (normal execution)

VM Mutex/Monitor currently owned by a thread: None

Heap address: 0x0000000080000000, size: 2048 MB, Compressed Oops mode: 32-bit

CDS archive(s) not mapped
Compressed class space mapped at: 0x0000000100000000-0x0000000140000000, reserved size: 1073741824
Narrow klass base: 0x0000000000000000, Narrow klass shift: 3, Narrow klass range: 0x140000000

GC Precious Log:
 CardTable entry size: 512
 Card Set container configuration: InlinePtr #cards 5 size 8 Array Of Cards #cards 12 size 40 Howl #buckets 4 coarsen threshold 1843 Howl Bitmap #cards 512 size 80 coarsen threshold 460 Card regions per heap region 1 cards per card region 2048
 CPUs: 12 total, 12 available
 Memory: 16068M
 Large Page Support: Disabled
 NUMA Support: Disabled
 Compressed Oops: Enabled (32-bit)
 Heap Region Size: 1M
 Heap Min Capacity: 8M
 Heap Initial Capacity: 252M
 Heap Max Capacity: 2G
 Pre-touch: Disabled
 Parallel Workers: 10
 Concurrent Workers: 3
 Concurrent Refinement Workers: 10
 Periodic GC: Disabled

Heap:
 garbage-first heap   total 218112K, used 132062K [0x0000000080000000, 0x0000000100000000)
  region size 1024K, 82 young (83968K), 9 survivors (9216K)
 Metaspace       used 66115K, committed 67648K, reserved 1114112K
  class space    used 8782K, committed 9536K, reserved 1048576K

Heap Regions: E=young(eden), S=young(survivor), O=old, HS=humongous(starts), HC=humongous(continues), CS=collection set, F=free, TAMS=top-at-mark-start, PB=parsable bottom
|   0|0x0000000080000000, 0x0000000080100000, 0x0000000080100000|100%|HS|  |TAMS 0x0000000080000000| PB 0x0000000080000000| Complete 
|   1|0x0000000080100000, 0x0000000080200000, 0x0000000080200000|100%|HC|  |TAMS 0x0000000080100000| PB 0x0000000080100000| Complete 
|   2|0x0000000080200000, 0x0000000080300000, 0x0000000080300000|100%|HC|  |TAMS 0x0000000080200000| PB 0x0000000080200000| Complete 
|   3|0x0000000080300000, 0x0000000080400000, 0x0000000080400000|100%| O|  |TAMS 0x0000000080300000| PB 0x0000000080300000| Untracked 
|   4|0x0000000080400000, 0x0000000080500000, 0x0000000080500000|100%| O|  |TAMS 0x0000000080400000| PB 0x0000000080400000| Untracked 
|   5|0x0000000080500000, 0x0000000080600000, 0x0000000080600000|100%| O|  |TAMS 0x0000000080500000| PB 0x0000000080500000| Untracked 
|   6|0x0000000080600000, 0x0000000080700000, 0x0000000080700000|100%| O|  |TAMS 0x0000000080600000| PB 0x0000000080600000| Untracked 
|   7|0x0000000080700000, 0x0000000080800000, 0x0000000080800000|100%|HS|  |TAMS 0x0000000080700000| PB 0x0000000080700000| Complete 
|   8|0x0000000080800000, 0x0000000080900000, 0x0000000080900000|100%| O|  |TAMS 0x0000000080800000| PB 0x0000000080800000| Untracked 
|   9|0x0000000080900000, 0x0000000080a00000, 0x0000000080a00000|100%| O|  |TAMS 0x0000000080900000| PB 0x0000000080900000| Untracked 
|  10|0x0000000080a00000, 0x0000000080b00000, 0x0000000080b00000|100%| O|  |TAMS 0x0000000080a00000| PB 0x0000000080a00000| Untracked 
|  11|0x0000000080b00000, 0x0000000080c00000, 0x0000000080c00000|100%| O|  |TAMS 0x0000000080b00000| PB 0x0000000080b00000| Untracked 
|  12|0x0000000080c00000, 0x0000000080d00000, 0x0000000080d00000|100%| O|  |TAMS 0x0000000080c00000| PB 0x0000000080c00000| Untracked 
|  13|0x0000000080d00000, 0x0000000080e00000, 0x0000000080e00000|100%| O|  |TAMS 0x0000000080d00000| PB 0x0000000080d00000| Untracked 
|  14|0x0000000080e00000, 0x0000000080f00000, 0x0000000080f00000|100%| O|  |TAMS 0x0000000080e00000| PB 0x0000000080e00000| Untracked 
|  15|0x0000000080f00000, 0x0000000081000000, 0x0000000081000000|100%| O|  |TAMS 0x0000000080f00000| PB 0x0000000080f00000| Untracked 
|  16|0x0000000081000000, 0x0000000081100000, 0x0000000081100000|100%| O|  |TAMS 0x0000000081000000| PB 0x0000000081000000| Untracked 
|  17|0x0000000081100000, 0x0000000081200000, 0x0000000081200000|100%| O|  |TAMS 0x0000000081100000| PB 0x0000000081100000| Untracked 
|  18|0x0000000081200000, 0x0000000081300000, 0x0000000081300000|100%| O|  |TAMS 0x0000000081200000| PB 0x0000000081200000| Untracked 
|  19|0x0000000081300000, 0x0000000081400000, 0x0000000081400000|100%| O|  |TAMS 0x0000000081300000| PB 0x0000000081300000| Untracked 
|  20|0x0000000081400000, 0x0000000081500000, 0x0000000081500000|100%| O|  |TAMS 0x0000000081400000| PB 0x0000000081400000| Untracked 
|  21|0x0000000081500000, 0x0000000081600000, 0x0000000081600000|100%| O|  |TAMS 0x0000000081500000| PB 0x0000000081500000| Untracked 
|  22|0x0000000081600000, 0x0000000081700000, 0x0000000081700000|100%| O|  |TAMS 0x0000000081600000| PB 0x0000000081600000| Untracked 
|  23|0x0000000081700000, 0x0000000081800000, 0x0000000081800000|100%| O|  |TAMS 0x0000000081700000| PB 0x0000000081700000| Untracked 
|  24|0x0000000081800000, 0x0000000081900000, 0x0000000081900000|100%| O|  |TAMS 0x0000000081800000| PB 0x0000000081800000| Untracked 
|  25|0x0000000081900000, 0x0000000081a00000, 0x0000000081a00000|100%| O|  |TAMS 0x0000000081900000| PB 0x0000000081900000| Untracked 
|  26|0x0000000081a00000, 0x0000000081b00000, 0x0000000081b00000|100%| O|  |TAMS 0x0000000081a00000| PB 0x0000000081a00000| Untracked 
|  27|0x0000000081b00000, 0x0000000081c00000, 0x0000000081c00000|100%| O|  |TAMS 0x0000000081b00000| PB 0x0000000081b00000| Untracked 
|  28|0x0000000081c00000, 0x0000000081d00000, 0x0000000081d00000|100%| O|  |TAMS 0x0000000081c00000| PB 0x0000000081c00000| Untracked 
|  29|0x0000000081d00000, 0x0000000081e00000, 0x0000000081e00000|100%| O|  |TAMS 0x0000000081d00000| PB 0x0000000081d00000| Untracked 
|  30|0x0000000081e00000, 0x0000000081f00000, 0x0000000081f00000|100%| O|  |TAMS 0x0000000081e00000| PB 0x0000000081e00000| Untracked 
|  31|0x0000000081f00000, 0x0000000082000000, 0x0000000082000000|100%| O|  |TAMS 0x0000000081f00000| PB 0x0000000081f00000| Untracked 
|  32|0x0000000082000000, 0x0000000082100000, 0x0000000082100000|100%| O|  |TAMS 0x0000000082000000| PB 0x0000000082000000| Untracked 
|  33|0x0000000082100000, 0x0000000082200000, 0x0000000082200000|100%| O|  |TAMS 0x0000000082100000| PB 0x0000000082100000| Untracked 
|  34|0x0000000082200000, 0x0000000082300000, 0x0000000082300000|100%| O|  |TAMS 0x0000000082200000| PB 0x0000000082200000| Untracked 
|  35|0x0000000082300000, 0x0000000082400000, 0x0000000082400000|100%| O|  |TAMS 0x0000000082300000| PB 0x0000000082300000| Untracked 
|  36|0x0000000082400000, 0x0000000082500000, 0x0000000082500000|100%| O|  |TAMS 0x0000000082400000| PB 0x0000000082400000| Untracked 
|  37|0x0000000082500000, 0x0000000082600000, 0x0000000082600000|100%| O|  |TAMS 0x0000000082500000| PB 0x0000000082500000| Untracked 
|  38|0x0000000082600000, 0x0000000082700000, 0x0000000082700000|100%| O|  |TAMS 0x0000000082600000| PB 0x0000000082600000| Untracked 
|  39|0x0000000082700000, 0x0000000082800000, 0x0000000082800000|100%| O|  |TAMS 0x0000000082700000| PB 0x0000000082700000| Untracked 
|  40|0x0000000082800000, 0x0000000082900000, 0x0000000082900000|100%| O|  |TAMS 0x0000000082800000| PB 0x0000000082800000| Untracked 
|  41|0x0000000082900000, 0x0000000082a00000, 0x0000000082a00000|100%| O|  |TAMS 0x0000000082900000| PB 0x0000000082900000| Untracked 
|  42|0x0000000082a00000, 0x0000000082b00000, 0x0000000082b00000|100%| O|  |TAMS 0x0000000082a00000| PB 0x0000000082a00000| Untracked 
|  43|0x0000000082b00000, 0x0000000082c00000, 0x0000000082c00000|100%| O|  |TAMS 0x0000000082b00000| PB 0x0000000082b00000| Untracked 
|  44|0x0000000082c00000, 0x0000000082d00000, 0x0000000082d00000|100%| O|  |TAMS 0x0000000082c00000| PB 0x0000000082c00000| Untracked 
|  45|0x0000000082d00000, 0x0000000082e00000, 0x0000000082e00000|100%| O|  |TAMS 0x0000000082d00000| PB 0x0000000082d00000| Untracked 
|  46|0x0000000082e00000, 0x0000000082f00000, 0x0000000082f00000|100%| O|  |TAMS 0x0000000082e00000| PB 0x0000000082e00000| Untracked 
|  47|0x0000000082f00000, 0x0000000083000000, 0x0000000083000000|100%| O|  |TAMS 0x0000000082f00000| PB 0x0000000082f00000| Untracked 
|  48|0x0000000083000000, 0x0000000083000b08, 0x0000000083100000|  0%| O|  |TAMS 0x0000000083000000| PB 0x0000000083000000| Untracked 
|  49|0x0000000083100000, 0x0000000083100000, 0x0000000083200000|  0%| F|  |TAMS 0x0000000083100000| PB 0x0000000083100000| Untracked 
|  50|0x0000000083200000, 0x0000000083200000, 0x0000000083300000|  0%| F|  |TAMS 0x0000000083200000| PB 0x0000000083200000| Untracked 
|  51|0x0000000083300000, 0x0000000083300000, 0x0000000083400000|  0%| F|  |TAMS 0x0000000083300000| PB 0x0000000083300000| Untracked 
|  52|0x0000000083400000, 0x0000000083400000, 0x0000000083500000|  0%| F|  |TAMS 0x0000000083400000| PB 0x0000000083400000| Untracked 
|  53|0x0000000083500000, 0x0000000083500000, 0x0000000083600000|  0%| F|  |TAMS 0x0000000083500000| PB 0x0000000083500000| Untracked 
|  54|0x0000000083600000, 0x0000000083600000, 0x0000000083700000|  0%| F|  |TAMS 0x0000000083600000| PB 0x0000000083600000| Untracked 
|  55|0x0000000083700000, 0x0000000083700000, 0x0000000083800000|  0%| F|  |TAMS 0x0000000083700000| PB 0x0000000083700000| Untracked 
|  56|0x0000000083800000, 0x0000000083800000, 0x0000000083900000|  0%| F|  |TAMS 0x0000000083800000| PB 0x0000000083800000| Untracked 
|  57|0x0000000083900000, 0x0000000083900000, 0x0000000083a00000|  0%| F|  |TAMS 0x0000000083900000| PB 0x0000000083900000| Untracked 
|  58|0x0000000083a00000, 0x0000000083a00000, 0x0000000083b00000|  0%| F|  |TAMS 0x0000000083a00000| PB 0x0000000083a00000| Untracked 
|  59|0x0000000083b00000, 0x0000000083b00000, 0x0000000083c00000|  0%| F|  |TAMS 0x0000000083b00000| PB 0x0000000083b00000| Untracked 
|  60|0x0000000083c00000, 0x0000000083c00000, 0x0000000083d00000|  0%| F|  |TAMS 0x0000000083c00000| PB 0x0000000083c00000| Untracked 
|  61|0x0000000083d00000, 0x0000000083d00000, 0x0000000083e00000|  0%| F|  |TAMS 0x0000000083d00000| PB 0x0000000083d00000| Untracked 
|  62|0x0000000083e00000, 0x0000000083e00000, 0x0000000083f00000|  0%| F|  |TAMS 0x0000000083e00000| PB 0x0000000083e00000| Untracked 
|  63|0x0000000083f00000, 0x0000000083f00000, 0x0000000084000000|  0%| F|  |TAMS 0x0000000083f00000| PB 0x0000000083f00000| Untracked 
|  64|0x0000000084000000, 0x0000000084000000, 0x0000000084100000|  0%| F|  |TAMS 0x0000000084000000| PB 0x0000000084000000| Untracked 
|  65|0x0000000084100000, 0x0000000084100000, 0x0000000084200000|  0%| F|  |TAMS 0x0000000084100000| PB 0x0000000084100000| Untracked 
|  66|0x0000000084200000, 0x0000000084200000, 0x0000000084300000|  0%| F|  |TAMS 0x0000000084200000| PB 0x0000000084200000| Untracked 
|  67|0x0000000084300000, 0x0000000084300000, 0x0000000084400000|  0%| F|  |TAMS 0x0000000084300000| PB 0x0000000084300000| Untracked 
|  68|0x0000000084400000, 0x0000000084400000, 0x0000000084500000|  0%| F|  |TAMS 0x0000000084400000| PB 0x0000000084400000| Untracked 
|  69|0x0000000084500000, 0x0000000084500000, 0x0000000084600000|  0%| F|  |TAMS 0x0000000084500000| PB 0x0000000084500000| Untracked 
|  70|0x0000000084600000, 0x0000000084600000, 0x0000000084700000|  0%| F|  |TAMS 0x0000000084600000| PB 0x0000000084600000| Untracked 
|  71|0x0000000084700000, 0x0000000084700000, 0x0000000084800000|  0%| F|  |TAMS 0x0000000084700000| PB 0x0000000084700000| Untracked 
|  72|0x0000000084800000, 0x0000000084800000, 0x0000000084900000|  0%| F|  |TAMS 0x0000000084800000| PB 0x0000000084800000| Untracked 
|  73|0x0000000084900000, 0x0000000084900000, 0x0000000084a00000|  0%| F|  |TAMS 0x0000000084900000| PB 0x0000000084900000| Untracked 
|  74|0x0000000084a00000, 0x0000000084a00000, 0x0000000084b00000|  0%| F|  |TAMS 0x0000000084a00000| PB 0x0000000084a00000| Untracked 
|  75|0x0000000084b00000, 0x0000000084b00000, 0x0000000084c00000|  0%| F|  |TAMS 0x0000000084b00000| PB 0x0000000084b00000| Untracked 
|  76|0x0000000084c00000, 0x0000000084c00000, 0x0000000084d00000|  0%| F|  |TAMS 0x0000000084c00000| PB 0x0000000084c00000| Untracked 
|  77|0x0000000084d00000, 0x0000000084d00000, 0x0000000084e00000|  0%| F|  |TAMS 0x0000000084d00000| PB 0x0000000084d00000| Untracked 
|  78|0x0000000084e00000, 0x0000000084e00000, 0x0000000084f00000|  0%| F|  |TAMS 0x0000000084e00000| PB 0x0000000084e00000| Untracked 
|  79|0x0000000084f00000, 0x0000000084f00000, 0x0000000085000000|  0%| F|  |TAMS 0x0000000084f00000| PB 0x0000000084f00000| Untracked 
|  80|0x0000000085000000, 0x0000000085000000, 0x0000000085100000|  0%| F|  |TAMS 0x0000000085000000| PB 0x0000000085000000| Untracked 
|  81|0x0000000085100000, 0x0000000085100000, 0x0000000085200000|  0%| F|  |TAMS 0x0000000085100000| PB 0x0000000085100000| Untracked 
|  82|0x0000000085200000, 0x0000000085200000, 0x0000000085300000|  0%| F|  |TAMS 0x0000000085200000| PB 0x0000000085200000| Untracked 
|  83|0x0000000085300000, 0x0000000085300000, 0x0000000085400000|  0%| F|  |TAMS 0x0000000085300000| PB 0x0000000085300000| Untracked 
|  84|0x0000000085400000, 0x0000000085400000, 0x0000000085500000|  0%| F|  |TAMS 0x0000000085400000| PB 0x0000000085400000| Untracked 
|  85|0x0000000085500000, 0x0000000085500000, 0x0000000085600000|  0%| F|  |TAMS 0x0000000085500000| PB 0x0000000085500000| Untracked 
|  86|0x0000000085600000, 0x00000000856f6df8, 0x0000000085700000| 96%| S|CS|TAMS 0x0000000085600000| PB 0x0000000085600000| Complete 
|  87|0x0000000085700000, 0x0000000085800000, 0x0000000085800000|100%| S|CS|TAMS 0x0000000085700000| PB 0x0000000085700000| Complete 
|  88|0x0000000085800000, 0x0000000085900000, 0x0000000085900000|100%| S|CS|TAMS 0x0000000085800000| PB 0x0000000085800000| Complete 
|  89|0x0000000085900000, 0x0000000085a00000, 0x0000000085a00000|100%| S|CS|TAMS 0x0000000085900000| PB 0x0000000085900000| Complete 
|  90|0x0000000085a00000, 0x0000000085b00000, 0x0000000085b00000|100%| S|CS|TAMS 0x0000000085a00000| PB 0x0000000085a00000| Complete 
|  91|0x0000000085b00000, 0x0000000085c00000, 0x0000000085c00000|100%| S|CS|TAMS 0x0000000085b00000| PB 0x0000000085b00000| Complete 
|  92|0x0000000085c00000, 0x0000000085d00000, 0x0000000085d00000|100%| S|CS|TAMS 0x0000000085c00000| PB 0x0000000085c00000| Complete 
|  93|0x0000000085d00000, 0x0000000085e00000, 0x0000000085e00000|100%| S|CS|TAMS 0x0000000085d00000| PB 0x0000000085d00000| Complete 
|  94|0x0000000085e00000, 0x0000000085f00000, 0x0000000085f00000|100%| S|CS|TAMS 0x0000000085e00000| PB 0x0000000085e00000| Complete 
|  95|0x0000000085f00000, 0x0000000085f00000, 0x0000000086000000|  0%| F|  |TAMS 0x0000000085f00000| PB 0x0000000085f00000| Untracked 
|  96|0x0000000086000000, 0x0000000086000000, 0x0000000086100000|  0%| F|  |TAMS 0x0000000086000000| PB 0x0000000086000000| Untracked 
|  97|0x0000000086100000, 0x0000000086100000, 0x0000000086200000|  0%| F|  |TAMS 0x0000000086100000| PB 0x0000000086100000| Untracked 
|  98|0x0000000086200000, 0x0000000086200000, 0x0000000086300000|  0%| F|  |TAMS 0x0000000086200000| PB 0x0000000086200000| Untracked 
|  99|0x0000000086300000, 0x0000000086300000, 0x0000000086400000|  0%| F|  |TAMS 0x0000000086300000| PB 0x0000000086300000| Untracked 
| 100|0x0000000086400000, 0x0000000086400000, 0x0000000086500000|  0%| F|  |TAMS 0x0000000086400000| PB 0x0000000086400000| Untracked 
| 101|0x0000000086500000, 0x0000000086500000, 0x0000000086600000|  0%| F|  |TAMS 0x0000000086500000| PB 0x0000000086500000| Untracked 
| 102|0x0000000086600000, 0x0000000086600000, 0x0000000086700000|  0%| F|  |TAMS 0x0000000086600000| PB 0x0000000086600000| Untracked 
| 103|0x0000000086700000, 0x0000000086700000, 0x0000000086800000|  0%| F|  |TAMS 0x0000000086700000| PB 0x0000000086700000| Untracked 
| 104|0x0000000086800000, 0x0000000086800000, 0x0000000086900000|  0%| F|  |TAMS 0x0000000086800000| PB 0x0000000086800000| Untracked 
| 105|0x0000000086900000, 0x0000000086900000, 0x0000000086a00000|  0%| F|  |TAMS 0x0000000086900000| PB 0x0000000086900000| Untracked 
| 106|0x0000000086a00000, 0x0000000086a00000, 0x0000000086b00000|  0%| F|  |TAMS 0x0000000086a00000| PB 0x0000000086a00000| Untracked 
| 107|0x0000000086b00000, 0x0000000086b00000, 0x0000000086c00000|  0%| F|  |TAMS 0x0000000086b00000| PB 0x0000000086b00000| Untracked 
| 108|0x0000000086c00000, 0x0000000086c00000, 0x0000000086d00000|  0%| F|  |TAMS 0x0000000086c00000| PB 0x0000000086c00000| Untracked 
| 109|0x0000000086d00000, 0x0000000086d00000, 0x0000000086e00000|  0%| F|  |TAMS 0x0000000086d00000| PB 0x0000000086d00000| Untracked 
| 110|0x0000000086e00000, 0x0000000086e00000, 0x0000000086f00000|  0%| F|  |TAMS 0x0000000086e00000| PB 0x0000000086e00000| Untracked 
| 111|0x0000000086f00000, 0x0000000086f00000, 0x0000000087000000|  0%| F|  |TAMS 0x0000000086f00000| PB 0x0000000086f00000| Untracked 
| 112|0x0000000087000000, 0x0000000087000000, 0x0000000087100000|  0%| F|  |TAMS 0x0000000087000000| PB 0x0000000087000000| Untracked 
| 113|0x0000000087100000, 0x0000000087100000, 0x0000000087200000|  0%| F|  |TAMS 0x0000000087100000| PB 0x0000000087100000| Untracked 
| 114|0x0000000087200000, 0x0000000087200000, 0x0000000087300000|  0%| F|  |TAMS 0x0000000087200000| PB 0x0000000087200000| Untracked 
| 115|0x0000000087300000, 0x0000000087300000, 0x0000000087400000|  0%| F|  |TAMS 0x0000000087300000| PB 0x0000000087300000| Untracked 
| 116|0x0000000087400000, 0x0000000087400000, 0x0000000087500000|  0%| F|  |TAMS 0x0000000087400000| PB 0x0000000087400000| Untracked 
| 117|0x0000000087500000, 0x0000000087500000, 0x0000000087600000|  0%| F|  |TAMS 0x0000000087500000| PB 0x0000000087500000| Untracked 
| 118|0x0000000087600000, 0x0000000087600000, 0x0000000087700000|  0%| F|  |TAMS 0x0000000087600000| PB 0x0000000087600000| Untracked 
| 119|0x0000000087700000, 0x0000000087700000, 0x0000000087800000|  0%| F|  |TAMS 0x0000000087700000| PB 0x0000000087700000| Untracked 
| 120|0x0000000087800000, 0x0000000087800000, 0x0000000087900000|  0%| F|  |TAMS 0x0000000087800000| PB 0x0000000087800000| Untracked 
| 121|0x0000000087900000, 0x0000000087900000, 0x0000000087a00000|  0%| F|  |TAMS 0x0000000087900000| PB 0x0000000087900000| Untracked 
| 122|0x0000000087a00000, 0x0000000087a00000, 0x0000000087b00000|  0%| F|  |TAMS 0x0000000087a00000| PB 0x0000000087a00000| Untracked 
| 123|0x0000000087b00000, 0x0000000087b00000, 0x0000000087c00000|  0%| F|  |TAMS 0x0000000087b00000| PB 0x0000000087b00000| Untracked 
| 124|0x0000000087c00000, 0x0000000087c00000, 0x0000000087d00000|  0%| F|  |TAMS 0x0000000087c00000| PB 0x0000000087c00000| Untracked 
| 125|0x0000000087d00000, 0x0000000087d00000, 0x0000000087e00000|  0%| F|  |TAMS 0x0000000087d00000| PB 0x0000000087d00000| Untracked 
| 126|0x0000000087e00000, 0x0000000087e00000, 0x0000000087f00000|  0%| F|  |TAMS 0x0000000087e00000| PB 0x0000000087e00000| Untracked 
| 127|0x0000000087f00000, 0x0000000087f00000, 0x0000000088000000|  0%| F|  |TAMS 0x0000000087f00000| PB 0x0000000087f00000| Untracked 
| 128|0x0000000088000000, 0x0000000088000000, 0x0000000088100000|  0%| F|  |TAMS 0x0000000088000000| PB 0x0000000088000000| Untracked 
| 129|0x0000000088100000, 0x0000000088100000, 0x0000000088200000|  0%| F|  |TAMS 0x0000000088100000| PB 0x0000000088100000| Untracked 
| 130|0x0000000088200000, 0x0000000088200000, 0x0000000088300000|  0%| F|  |TAMS 0x0000000088200000| PB 0x0000000088200000| Untracked 
| 131|0x0000000088300000, 0x0000000088300000, 0x0000000088400000|  0%| F|  |TAMS 0x0000000088300000| PB 0x0000000088300000| Untracked 
| 132|0x0000000088400000, 0x0000000088400000, 0x0000000088500000|  0%| F|  |TAMS 0x0000000088400000| PB 0x0000000088400000| Untracked 
| 133|0x0000000088500000, 0x0000000088500000, 0x0000000088600000|  0%| F|  |TAMS 0x0000000088500000| PB 0x0000000088500000| Untracked 
| 134|0x0000000088600000, 0x0000000088600000, 0x0000000088700000|  0%| F|  |TAMS 0x0000000088600000| PB 0x0000000088600000| Untracked 
| 135|0x0000000088700000, 0x0000000088700000, 0x0000000088800000|  0%| F|  |TAMS 0x0000000088700000| PB 0x0000000088700000| Untracked 
| 136|0x0000000088800000, 0x0000000088800000, 0x0000000088900000|  0%| F|  |TAMS 0x0000000088800000| PB 0x0000000088800000| Untracked 
| 137|0x0000000088900000, 0x0000000088900000, 0x0000000088a00000|  0%| F|  |TAMS 0x0000000088900000| PB 0x0000000088900000| Untracked 
| 138|0x0000000088a00000, 0x0000000088a00000, 0x0000000088b00000|  0%| F|  |TAMS 0x0000000088a00000| PB 0x0000000088a00000| Untracked 
| 139|0x0000000088b00000, 0x0000000088c00000, 0x0000000088c00000|100%| E|  |TAMS 0x0000000088b00000| PB 0x0000000088b00000| Complete 
| 140|0x0000000088c00000, 0x0000000088d00000, 0x0000000088d00000|100%| E|CS|TAMS 0x0000000088c00000| PB 0x0000000088c00000| Complete 
| 141|0x0000000088d00000, 0x0000000088e00000, 0x0000000088e00000|100%| E|CS|TAMS 0x0000000088d00000| PB 0x0000000088d00000| Complete 
| 142|0x0000000088e00000, 0x0000000088f00000, 0x0000000088f00000|100%| E|CS|TAMS 0x0000000088e00000| PB 0x0000000088e00000| Complete 
| 143|0x0000000088f00000, 0x0000000089000000, 0x0000000089000000|100%| E|CS|TAMS 0x0000000088f00000| PB 0x0000000088f00000| Complete 
| 144|0x0000000089000000, 0x0000000089100000, 0x0000000089100000|100%| E|CS|TAMS 0x0000000089000000| PB 0x0000000089000000| Complete 
| 145|0x0000000089100000, 0x0000000089200000, 0x0000000089200000|100%| E|CS|TAMS 0x0000000089100000| PB 0x0000000089100000| Complete 
| 146|0x0000000089200000, 0x0000000089300000, 0x0000000089300000|100%| E|CS|TAMS 0x0000000089200000| PB 0x0000000089200000| Complete 
| 147|0x0000000089300000, 0x0000000089400000, 0x0000000089400000|100%| E|CS|TAMS 0x0000000089300000| PB 0x0000000089300000| Complete 
| 148|0x0000000089400000, 0x0000000089500000, 0x0000000089500000|100%| E|CS|TAMS 0x0000000089400000| PB 0x0000000089400000| Complete 
| 149|0x0000000089500000, 0x0000000089600000, 0x0000000089600000|100%| E|CS|TAMS 0x0000000089500000| PB 0x0000000089500000| Complete 
| 150|0x0000000089600000, 0x0000000089700000, 0x0000000089700000|100%| E|CS|TAMS 0x0000000089600000| PB 0x0000000089600000| Complete 
| 151|0x0000000089700000, 0x0000000089800000, 0x0000000089800000|100%| E|CS|TAMS 0x0000000089700000| PB 0x0000000089700000| Complete 
| 152|0x0000000089800000, 0x0000000089900000, 0x0000000089900000|100%| E|CS|TAMS 0x0000000089800000| PB 0x0000000089800000| Complete 
| 153|0x0000000089900000, 0x0000000089a00000, 0x0000000089a00000|100%| E|CS|TAMS 0x0000000089900000| PB 0x0000000089900000| Complete 
| 154|0x0000000089a00000, 0x0000000089b00000, 0x0000000089b00000|100%| E|CS|TAMS 0x0000000089a00000| PB 0x0000000089a00000| Complete 
| 155|0x0000000089b00000, 0x0000000089c00000, 0x0000000089c00000|100%| E|CS|TAMS 0x0000000089b00000| PB 0x0000000089b00000| Complete 
| 156|0x0000000089c00000, 0x0000000089d00000, 0x0000000089d00000|100%| E|CS|TAMS 0x0000000089c00000| PB 0x0000000089c00000| Complete 
| 157|0x0000000089d00000, 0x0000000089e00000, 0x0000000089e00000|100%| E|CS|TAMS 0x0000000089d00000| PB 0x0000000089d00000| Complete 
| 158|0x0000000089e00000, 0x0000000089f00000, 0x0000000089f00000|100%| E|CS|TAMS 0x0000000089e00000| PB 0x0000000089e00000| Complete 
| 159|0x0000000089f00000, 0x000000008a000000, 0x000000008a000000|100%| E|CS|TAMS 0x0000000089f00000| PB 0x0000000089f00000| Complete 
| 160|0x000000008a000000, 0x000000008a100000, 0x000000008a100000|100%| E|CS|TAMS 0x000000008a000000| PB 0x000000008a000000| Complete 
| 161|0x000000008a100000, 0x000000008a200000, 0x000000008a200000|100%| E|CS|TAMS 0x000000008a100000| PB 0x000000008a100000| Complete 
| 162|0x000000008a200000, 0x000000008a300000, 0x000000008a300000|100%| E|CS|TAMS 0x000000008a200000| PB 0x000000008a200000| Complete 
| 163|0x000000008a300000, 0x000000008a400000, 0x000000008a400000|100%| E|CS|TAMS 0x000000008a300000| PB 0x000000008a300000| Complete 
| 164|0x000000008a400000, 0x000000008a500000, 0x000000008a500000|100%| E|CS|TAMS 0x000000008a400000| PB 0x000000008a400000| Complete 
| 165|0x000000008a500000, 0x000000008a600000, 0x000000008a600000|100%| E|CS|TAMS 0x000000008a500000| PB 0x000000008a500000| Complete 
| 166|0x000000008a600000, 0x000000008a700000, 0x000000008a700000|100%| E|CS|TAMS 0x000000008a600000| PB 0x000000008a600000| Complete 
| 167|0x000000008a700000, 0x000000008a800000, 0x000000008a800000|100%| E|CS|TAMS 0x000000008a700000| PB 0x000000008a700000| Complete 
| 168|0x000000008a800000, 0x000000008a900000, 0x000000008a900000|100%| E|CS|TAMS 0x000000008a800000| PB 0x000000008a800000| Complete 
| 169|0x000000008a900000, 0x000000008aa00000, 0x000000008aa00000|100%| E|CS|TAMS 0x000000008a900000| PB 0x000000008a900000| Complete 
| 170|0x000000008aa00000, 0x000000008ab00000, 0x000000008ab00000|100%| E|CS|TAMS 0x000000008aa00000| PB 0x000000008aa00000| Complete 
| 171|0x000000008ab00000, 0x000000008ac00000, 0x000000008ac00000|100%| E|CS|TAMS 0x000000008ab00000| PB 0x000000008ab00000| Complete 
| 172|0x000000008ac00000, 0x000000008ad00000, 0x000000008ad00000|100%| E|CS|TAMS 0x000000008ac00000| PB 0x000000008ac00000| Complete 
| 173|0x000000008ad00000, 0x000000008ae00000, 0x000000008ae00000|100%| E|CS|TAMS 0x000000008ad00000| PB 0x000000008ad00000| Complete 
| 174|0x000000008ae00000, 0x000000008af00000, 0x000000008af00000|100%| E|CS|TAMS 0x000000008ae00000| PB 0x000000008ae00000| Complete 
| 175|0x000000008af00000, 0x000000008b000000, 0x000000008b000000|100%| E|CS|TAMS 0x000000008af00000| PB 0x000000008af00000| Complete 
| 176|0x000000008b000000, 0x000000008b100000, 0x000000008b100000|100%| E|CS|TAMS 0x000000008b000000| PB 0x000000008b000000| Complete 
| 177|0x000000008b100000, 0x000000008b200000, 0x000000008b200000|100%| E|CS|TAMS 0x000000008b100000| PB 0x000000008b100000| Complete 
| 178|0x000000008b200000, 0x000000008b300000, 0x000000008b300000|100%| E|CS|TAMS 0x000000008b200000| PB 0x000000008b200000| Complete 
| 179|0x000000008b300000, 0x000000008b400000, 0x000000008b400000|100%| E|CS|TAMS 0x000000008b300000| PB 0x000000008b300000| Complete 
| 180|0x000000008b400000, 0x000000008b500000, 0x000000008b500000|100%| E|CS|TAMS 0x000000008b400000| PB 0x000000008b400000| Complete 
| 181|0x000000008b500000, 0x000000008b600000, 0x000000008b600000|100%| E|CS|TAMS 0x000000008b500000| PB 0x000000008b500000| Complete 
| 182|0x000000008b600000, 0x000000008b700000, 0x000000008b700000|100%| E|CS|TAMS 0x000000008b600000| PB 0x000000008b600000| Complete 
| 183|0x000000008b700000, 0x000000008b800000, 0x000000008b800000|100%| E|CS|TAMS 0x000000008b700000| PB 0x000000008b700000| Complete 
| 184|0x000000008b800000, 0x000000008b900000, 0x000000008b900000|100%| E|CS|TAMS 0x000000008b800000| PB 0x000000008b800000| Complete 
| 185|0x000000008b900000, 0x000000008ba00000, 0x000000008ba00000|100%| E|CS|TAMS 0x000000008b900000| PB 0x000000008b900000| Complete 
| 186|0x000000008ba00000, 0x000000008bb00000, 0x000000008bb00000|100%| E|CS|TAMS 0x000000008ba00000| PB 0x000000008ba00000| Complete 
| 187|0x000000008bb00000, 0x000000008bc00000, 0x000000008bc00000|100%| E|CS|TAMS 0x000000008bb00000| PB 0x000000008bb00000| Complete 
| 188|0x000000008bc00000, 0x000000008bd00000, 0x000000008bd00000|100%| E|CS|TAMS 0x000000008bc00000| PB 0x000000008bc00000| Complete 
| 189|0x000000008bd00000, 0x000000008be00000, 0x000000008be00000|100%| E|CS|TAMS 0x000000008bd00000| PB 0x000000008bd00000| Complete 
| 190|0x000000008be00000, 0x000000008bf00000, 0x000000008bf00000|100%| E|CS|TAMS 0x000000008be00000| PB 0x000000008be00000| Complete 
| 191|0x000000008bf00000, 0x000000008c000000, 0x000000008c000000|100%| E|CS|TAMS 0x000000008bf00000| PB 0x000000008bf00000| Complete 
| 192|0x000000008c000000, 0x000000008c100000, 0x000000008c100000|100%| E|CS|TAMS 0x000000008c000000| PB 0x000000008c000000| Complete 
| 193|0x000000008c100000, 0x000000008c200000, 0x000000008c200000|100%| E|CS|TAMS 0x000000008c100000| PB 0x000000008c100000| Complete 
| 194|0x000000008c200000, 0x000000008c300000, 0x000000008c300000|100%| E|CS|TAMS 0x000000008c200000| PB 0x000000008c200000| Complete 
| 195|0x000000008c300000, 0x000000008c400000, 0x000000008c400000|100%| E|CS|TAMS 0x000000008c300000| PB 0x000000008c300000| Complete 
| 196|0x000000008c400000, 0x000000008c500000, 0x000000008c500000|100%| E|CS|TAMS 0x000000008c400000| PB 0x000000008c400000| Complete 
| 197|0x000000008c500000, 0x000000008c600000, 0x000000008c600000|100%| E|CS|TAMS 0x000000008c500000| PB 0x000000008c500000| Complete 
| 198|0x000000008c600000, 0x000000008c700000, 0x000000008c700000|100%| E|CS|TAMS 0x000000008c600000| PB 0x000000008c600000| Complete 
| 199|0x000000008c700000, 0x000000008c800000, 0x000000008c800000|100%| E|CS|TAMS 0x000000008c700000| PB 0x000000008c700000| Complete 
| 200|0x000000008c800000, 0x000000008c900000, 0x000000008c900000|100%| E|CS|TAMS 0x000000008c800000| PB 0x000000008c800000| Complete 
| 201|0x000000008c900000, 0x000000008ca00000, 0x000000008ca00000|100%| E|CS|TAMS 0x000000008c900000| PB 0x000000008c900000| Complete 
| 220|0x000000008dc00000, 0x000000008dd00000, 0x000000008dd00000|100%| E|CS|TAMS 0x000000008dc00000| PB 0x000000008dc00000| Complete 
| 221|0x000000008dd00000, 0x000000008de00000, 0x000000008de00000|100%| E|CS|TAMS 0x000000008dd00000| PB 0x000000008dd00000| Complete 
| 222|0x000000008de00000, 0x000000008df00000, 0x000000008df00000|100%| E|CS|TAMS 0x000000008de00000| PB 0x000000008de00000| Complete 
| 223|0x000000008df00000, 0x000000008e000000, 0x000000008e000000|100%| E|CS|TAMS 0x000000008df00000| PB 0x000000008df00000| Complete 
| 224|0x000000008e000000, 0x000000008e100000, 0x000000008e100000|100%| E|CS|TAMS 0x000000008e000000| PB 0x000000008e000000| Complete 
| 225|0x000000008e100000, 0x000000008e200000, 0x000000008e200000|100%| E|CS|TAMS 0x000000008e100000| PB 0x000000008e100000| Complete 
| 226|0x000000008e200000, 0x000000008e300000, 0x000000008e300000|100%| E|CS|TAMS 0x000000008e200000| PB 0x000000008e200000| Complete 
| 227|0x000000008e300000, 0x000000008e400000, 0x000000008e400000|100%| E|CS|TAMS 0x000000008e300000| PB 0x000000008e300000| Complete 
| 228|0x000000008e400000, 0x000000008e500000, 0x000000008e500000|100%| E|CS|TAMS 0x000000008e400000| PB 0x000000008e400000| Complete 
| 229|0x000000008e500000, 0x000000008e600000, 0x000000008e600000|100%| E|CS|TAMS 0x000000008e500000| PB 0x000000008e500000| Complete 
| 251|0x000000008fb00000, 0x000000008fc00000, 0x000000008fc00000|100%| E|CS|TAMS 0x000000008fb00000| PB 0x000000008fb00000| Complete 

Card table byte_map: [0x000002c0d2d00000,0x000002c0d3100000] _byte_map_base: 0x000002c0d2900000

Marking Bits: (CMBitMap*) 0x000002c0bdf1e620
 Bits: [0x000002c0d3100000, 0x000002c0d5100000)

Polling page: 0x000002c0bdff0000

Metaspace:

Usage:
  Non-class:     55.99 MB used.
      Class:      8.58 MB used.
       Both:     64.57 MB used.

Virtual space:
  Non-class space:       64.00 MB reserved,      56.75 MB ( 89%) committed,  1 nodes.
      Class space:        1.00 GB reserved,       9.31 MB ( <1%) committed,  1 nodes.
             Both:        1.06 GB reserved,      66.06 MB (  6%) committed. 

Chunk freelists:
   Non-Class:  6.59 MB
       Class:  6.54 MB
        Both:  13.13 MB

MaxMetaspaceSize: unlimited
CompressedClassSpaceSize: 1.00 GB
Initial GC threshold: 21.00 MB
Current GC threshold: 110.00 MB
CDS: off
 - commit_granule_bytes: 65536.
 - commit_granule_words: 8192.
 - virtual_space_node_default_size: 8388608.
 - enlarge_chunks_in_place: 1.
 - use_allocation_guard: 0.


Internal statistics:

num_allocs_failed_limit: 6.
num_arena_births: 2864.
num_arena_deaths: 12.
num_vsnodes_births: 2.
num_vsnodes_deaths: 0.
num_space_committed: 1057.
num_space_uncommitted: 0.
num_chunks_returned_to_freelist: 31.
num_chunks_taken_from_freelist: 5505.
num_chunk_merges: 9.
num_chunk_splits: 3578.
num_chunks_enlarged: 2266.
num_inconsistent_stats: 0.

CodeHeap 'non-profiled nmethods': size=120000Kb used=5736Kb max_used=5892Kb free=114263Kb
 bounds [0x000002c0cae70000, 0x000002c0cb440000, 0x000002c0d23a0000]
CodeHeap 'profiled nmethods': size=120000Kb used=12161Kb max_used=13190Kb free=107838Kb
 bounds [0x000002c0c33a0000, 0x000002c0c40a0000, 0x000002c0ca8d0000]
CodeHeap 'non-nmethods': size=5760Kb used=2737Kb max_used=2816Kb free=3022Kb
 bounds [0x000002c0ca8d0000, 0x000002c0caba0000, 0x000002c0cae70000]
 total_blobs=7679 nmethods=6796 adapters=787
 compilation: enabled
              stopped_count=0, restarted_count=0
 full_count=0

Compilation events (20 events):
Event: 16.959 Thread 0x000002c0e1212f70 8567       4       org.gradle.api.internal.runtimeshaded.RuntimeShadedJarCreator$ShadingClassRemapper::visitField (79 bytes)
Event: 16.959 Thread 0x000002c0d7ed9710 nmethod 8572 0x000002c0c364a890 code [0x000002c0c364aa40, 0x000002c0c364ac88]
Event: 16.959 Thread 0x000002c0d7ed9710 8574       1       javax.management.ObjectName::getCanonicalName (5 bytes)
Event: 16.959 Thread 0x000002c0d7ed9710 nmethod 8574 0x000002c0cb2b3210 code [0x000002c0cb2b33a0, 0x000002c0cb2b3468]
Event: 16.971 Thread 0x000002c0e1212f70 nmethod 8567 0x000002c0cb36ef10 code [0x000002c0cb36f200, 0x000002c0cb370328]
Event: 16.971 Thread 0x000002c0e1212f70 8568       4       org.objectweb.asm.commons.ClassRemapper::visitField (72 bytes)
Event: 16.980 Thread 0x000002c0e1212f70 nmethod 8568 0x000002c0cb36d590 code [0x000002c0cb36d840, 0x000002c0cb36e5d8]
Event: 16.981 Thread 0x000002c0e1212f70 8570       4       org.objectweb.asm.FieldVisitor::visitEnd (15 bytes)
Event: 16.981 Thread 0x000002c0e1212f70 nmethod 8570 0x000002c0cb36d290 code [0x000002c0cb36d420, 0x000002c0cb36d4e8]
Event: 16.981 Thread 0x000002c0e1212f70 8569       4       org.objectweb.asm.commons.ClassRemapper::createFieldRemapper (17 bytes)
Event: 16.983 Thread 0x000002c0e1212f70 nmethod 8569 0x000002c0cb36cc90 code [0x000002c0cb36ce20, 0x000002c0cb36d0c0]
Event: 16.998 Thread 0x000002c0e1212f70 8575       4       org.objectweb.asm.MethodWriter::computeMethodInfoSize (571 bytes)
Event: 17.004 Thread 0x000002c0e1212f70 nmethod 8575 0x000002c0cb37b690 code [0x000002c0cb37b960, 0x000002c0cb37c390]
Event: 17.004 Thread 0x000002c0e1212f70 8576       4       org.objectweb.asm.MethodWriter::putMethodInfo (1274 bytes)
Event: 17.969 Thread 0x000002c0d7ed9710 8578       3       java.lang.management.ManagementFactory$$Lambda/0x0000000100178f48::apply (12 bytes)
Event: 18.018 Thread 0x000002c0d7ed9710 nmethod 8578 0x000002c0c3d5c690 code [0x000002c0c3d5c860, 0x000002c0c3d5cc50]
Event: 18.018 Thread 0x000002c0d7ed9710 8579       3       java.lang.management.ManagementFactory::lambda$getPlatformMXBeans$3 (13 bytes)
Event: 18.018 Thread 0x000002c0d7ed9710 nmethod 8579 0x000002c0c3511d90 code [0x000002c0c3511f60, 0x000002c0c35121d0]
Event: 18.018 Thread 0x000002c0d7ed9710 8580       3       sun.management.spi.PlatformMBeanProvider$PlatformComponent::getMBeans (87 bytes)
Event: 18.019 Thread 0x000002c0d7ed9710 nmethod 8580 0x000002c0c396df90 code [0x000002c0c396e320, 0x000002c0c396f910]

GC Heap History (20 events):
Event: 15.278 GC heap before
{Heap before GC invocations=47 (full 0):
 garbage-first heap   total 150528K, used 135295K [0x0000000080000000, 0x0000000100000000)
  region size 1024K, 87 young (89088K), 6 survivors (6144K)
 Metaspace       used 66094K, committed 67648K, reserved 1114112K
  class space    used 8782K, committed 9536K, reserved 1048576K
}
Event: 15.282 GC heap after
{Heap after GC invocations=48 (full 0):
 garbage-first heap   total 150528K, used 52803K [0x0000000080000000, 0x0000000100000000)
  region size 1024K, 6 young (6144K), 6 survivors (6144K)
 Metaspace       used 66094K, committed 67648K, reserved 1114112K
  class space    used 8782K, committed 9536K, reserved 1048576K
}
Event: 15.446 GC heap before
{Heap before GC invocations=48 (full 0):
 garbage-first heap   total 150528K, used 135747K [0x0000000080000000, 0x0000000100000000)
  region size 1024K, 87 young (89088K), 6 survivors (6144K)
 Metaspace       used 66094K, committed 67648K, reserved 1114112K
  class space    used 8782K, committed 9536K, reserved 1048576K
}
Event: 15.450 GC heap after
{Heap after GC invocations=49 (full 0):
 garbage-first heap   total 181248K, used 52732K [0x0000000080000000, 0x0000000100000000)
  region size 1024K, 6 young (6144K), 6 survivors (6144K)
 Metaspace       used 66094K, committed 67648K, reserved 1114112K
  class space    used 8782K, committed 9536K, reserved 1048576K
}
Event: 15.663 GC heap before
{Heap before GC invocations=50 (full 0):
 garbage-first heap   total 181248K, used 155132K [0x0000000080000000, 0x0000000100000000)
  region size 1024K, 106 young (108544K), 6 survivors (6144K)
 Metaspace       used 66097K, committed 67648K, reserved 1114112K
  class space    used 8782K, committed 9536K, reserved 1048576K
}
Event: 15.667 GC heap after
{Heap after GC invocations=51 (full 0):
 garbage-first heap   total 181248K, used 54576K [0x0000000080000000, 0x0000000100000000)
  region size 1024K, 7 young (7168K), 7 survivors (7168K)
 Metaspace       used 66097K, committed 67648K, reserved 1114112K
  class space    used 8782K, committed 9536K, reserved 1048576K
}
Event: 15.820 GC heap before
{Heap before GC invocations=51 (full 0):
 garbage-first heap   total 181248K, used 155952K [0x0000000080000000, 0x0000000100000000)
  region size 1024K, 106 young (108544K), 7 survivors (7168K)
 Metaspace       used 66100K, committed 67648K, reserved 1114112K
  class space    used 8782K, committed 9536K, reserved 1048576K
}
Event: 15.824 GC heap after
{Heap after GC invocations=52 (full 0):
 garbage-first heap   total 181248K, used 54419K [0x0000000080000000, 0x0000000100000000)
  region size 1024K, 7 young (7168K), 7 survivors (7168K)
 Metaspace       used 66100K, committed 67648K, reserved 1114112K
  class space    used 8782K, committed 9536K, reserved 1048576K
}
Event: 15.992 GC heap before
{Heap before GC invocations=52 (full 0):
 garbage-first heap   total 181248K, used 155795K [0x0000000080000000, 0x0000000100000000)
  region size 1024K, 106 young (108544K), 7 survivors (7168K)
 Metaspace       used 66109K, committed 67648K, reserved 1114112K
  class space    used 8782K, committed 9536K, reserved 1048576K
}
Event: 15.995 GC heap after
{Heap after GC invocations=53 (full 0):
 garbage-first heap   total 181248K, used 54936K [0x0000000080000000, 0x0000000100000000)
  region size 1024K, 7 young (7168K), 7 survivors (7168K)
 Metaspace       used 66109K, committed 67648K, reserved 1114112K
  class space    used 8782K, committed 9536K, reserved 1048576K
}
Event: 16.138 GC heap before
{Heap before GC invocations=53 (full 0):
 garbage-first heap   total 181248K, used 156312K [0x0000000080000000, 0x0000000100000000)
  region size 1024K, 106 young (108544K), 7 survivors (7168K)
 Metaspace       used 66110K, committed 67648K, reserved 1114112K
  class space    used 8782K, committed 9536K, reserved 1048576K
}
Event: 16.142 GC heap after
{Heap after GC invocations=54 (full 0):
 garbage-first heap   total 181248K, used 55254K [0x0000000080000000, 0x0000000100000000)
  region size 1024K, 7 young (7168K), 7 survivors (7168K)
 Metaspace       used 66110K, committed 67648K, reserved 1114112K
  class space    used 8782K, committed 9536K, reserved 1048576K
}
Event: 16.270 GC heap before
{Heap before GC invocations=54 (full 0):
 garbage-first heap   total 181248K, used 156630K [0x0000000080000000, 0x0000000100000000)
  region size 1024K, 106 young (108544K), 7 survivors (7168K)
 Metaspace       used 66110K, committed 67648K, reserved 1114112K
  class space    used 8782K, committed 9536K, reserved 1048576K
}
Event: 16.274 GC heap after
{Heap after GC invocations=55 (full 0):
 garbage-first heap   total 218112K, used 55661K [0x0000000080000000, 0x0000000100000000)
  region size 1024K, 7 young (7168K), 7 survivors (7168K)
 Metaspace       used 66110K, committed 67648K, reserved 1114112K
  class space    used 8782K, committed 9536K, reserved 1048576K
}
Event: 16.470 GC heap before
{Heap before GC invocations=55 (full 0):
 garbage-first heap   total 218112K, used 178541K [0x0000000080000000, 0x0000000100000000)
  region size 1024K, 127 young (130048K), 7 survivors (7168K)
 Metaspace       used 66110K, committed 67648K, reserved 1114112K
  class space    used 8782K, committed 9536K, reserved 1048576K
}
Event: 16.474 GC heap after
{Heap after GC invocations=56 (full 0):
 garbage-first heap   total 218112K, used 55851K [0x0000000080000000, 0x0000000100000000)
  region size 1024K, 7 young (7168K), 7 survivors (7168K)
 Metaspace       used 66110K, committed 67648K, reserved 1114112K
  class space    used 8782K, committed 9536K, reserved 1048576K
}
Event: 16.662 GC heap before
{Heap before GC invocations=56 (full 0):
 garbage-first heap   total 218112K, used 178731K [0x0000000080000000, 0x0000000100000000)
  region size 1024K, 127 young (130048K), 7 survivors (7168K)
 Metaspace       used 66110K, committed 67648K, reserved 1114112K
  class space    used 8782K, committed 9536K, reserved 1048576K
}
Event: 16.665 GC heap after
{Heap after GC invocations=57 (full 0):
 garbage-first heap   total 218112K, used 57163K [0x0000000080000000, 0x0000000100000000)
  region size 1024K, 9 young (9216K), 9 survivors (9216K)
 Metaspace       used 66110K, committed 67648K, reserved 1114112K
  class space    used 8782K, committed 9536K, reserved 1048576K
}
Event: 16.881 GC heap before
{Heap before GC invocations=57 (full 0):
 garbage-first heap   total 218112K, used 177995K [0x0000000080000000, 0x0000000100000000)
  region size 1024K, 127 young (130048K), 9 survivors (9216K)
 Metaspace       used 66111K, committed 67648K, reserved 1114112K
  class space    used 8782K, committed 9536K, reserved 1048576K
}
Event: 16.885 GC heap after
{Heap after GC invocations=58 (full 0):
 garbage-first heap   total 218112K, used 58334K [0x0000000080000000, 0x0000000100000000)
  region size 1024K, 9 young (9216K), 9 survivors (9216K)
 Metaspace       used 66111K, committed 67648K, reserved 1114112K
  class space    used 8782K, committed 9536K, reserved 1048576K
}

Dll operation events (3 events):
Event: 0.015 Loaded shared library C:\Program Files\Android\Android Studio\jbr\bin\java.dll
Event: 0.021 Loaded shared library C:\Program Files\Android\Android Studio\jbr\bin\zip.dll
Event: 0.639 Loaded shared library C:\Program Files\Android\Android Studio\jbr\bin\verify.dll

Deoptimization events (20 events):
Event: 16.820 Thread 0x000002c0de288ea0 DEOPT PACKING pc=0x000002c0c3e9fd91 sp=0x000000fcbaef8040
Event: 16.820 Thread 0x000002c0de288ea0 DEOPT UNPACKING pc=0x000002c0ca924e42 sp=0x000000fcbaef7750 mode 0
Event: 16.847 Thread 0x000002c0de288ea0 DEOPT PACKING pc=0x000002c0c3e9fd91 sp=0x000000fcbaef8040
Event: 16.847 Thread 0x000002c0de288ea0 DEOPT UNPACKING pc=0x000002c0ca924e42 sp=0x000000fcbaef7750 mode 0
Event: 16.853 Thread 0x000002c0de288ea0 DEOPT PACKING pc=0x000002c0c3e9fd91 sp=0x000000fcbaef8040
Event: 16.853 Thread 0x000002c0de288ea0 DEOPT UNPACKING pc=0x000002c0ca924e42 sp=0x000000fcbaef7750 mode 0
Event: 16.875 Thread 0x000002c0de288ea0 DEOPT PACKING pc=0x000002c0c3e9f222 sp=0x000000fcbaef8040
Event: 16.876 Thread 0x000002c0de288ea0 DEOPT UNPACKING pc=0x000002c0ca924e42 sp=0x000000fcbaef7750 mode 0
Event: 16.897 Thread 0x000002c0de288ea0 DEOPT PACKING pc=0x000002c0c3e9fd91 sp=0x000000fcbaef8040
Event: 16.898 Thread 0x000002c0de288ea0 DEOPT UNPACKING pc=0x000002c0ca924e42 sp=0x000000fcbaef7750 mode 0
Event: 16.929 Thread 0x000002c0de288ea0 DEOPT PACKING pc=0x000002c0c3e9fd91 sp=0x000000fcbaef8040
Event: 16.929 Thread 0x000002c0de288ea0 DEOPT UNPACKING pc=0x000002c0ca924e42 sp=0x000000fcbaef7750 mode 0
Event: 16.938 Thread 0x000002c0de288ea0 DEOPT PACKING pc=0x000002c0c3e9fd91 sp=0x000000fcbaef8040
Event: 16.938 Thread 0x000002c0de288ea0 DEOPT UNPACKING pc=0x000002c0ca924e42 sp=0x000000fcbaef7750 mode 0
Event: 16.953 Thread 0x000002c0de288ea0 DEOPT PACKING pc=0x000002c0c3e9fd91 sp=0x000000fcbaef8040
Event: 16.953 Thread 0x000002c0de288ea0 DEOPT UNPACKING pc=0x000002c0ca924e42 sp=0x000000fcbaef7750 mode 0
Event: 16.961 Thread 0x000002c0de288ea0 DEOPT PACKING pc=0x000002c0c3e9fd91 sp=0x000000fcbaef8040
Event: 16.961 Thread 0x000002c0de288ea0 DEOPT UNPACKING pc=0x000002c0ca924e42 sp=0x000000fcbaef7750 mode 0
Event: 18.034 Thread 0x000002c0de288ea0 DEOPT PACKING pc=0x000002c0c3e9fd91 sp=0x000000fcbaef8040
Event: 18.034 Thread 0x000002c0de288ea0 DEOPT UNPACKING pc=0x000002c0ca924e42 sp=0x000000fcbaef7750 mode 0

Classes loaded (20 events):
Event: 10.711 Loading class java/lang/Base64
Event: 10.711 Loading class java/lang/Base64 done
Event: 10.712 Loading class java/io/Base64
Event: 10.712 Loading class java/io/Base64 done
Event: 10.714 Loading class java/net/Base64
Event: 10.714 Loading class java/net/Base64 done
Event: 10.729 Loading class java/util/Stack
Event: 10.729 Loading class java/util/Stack done
Event: 10.833 Loading class java/util/BitSet$1BitSetSpliterator
Event: 10.833 Loading class java/util/BitSet$1BitSetSpliterator done
Event: 10.854 Loading class java/util/Collections$SynchronizedRandomAccessList
Event: 10.854 Loading class java/util/Collections$SynchronizedList
Event: 10.854 Loading class java/util/Collections$SynchronizedList done
Event: 10.854 Loading class java/util/Collections$SynchronizedRandomAccessList done
Event: 12.193 Loading class java/util/concurrent/LinkedBlockingDeque$Itr
Event: 12.193 Loading class java/util/concurrent/LinkedBlockingDeque$AbstractItr
Event: 12.193 Loading class java/util/concurrent/LinkedBlockingDeque$AbstractItr done
Event: 12.193 Loading class java/util/concurrent/LinkedBlockingDeque$Itr done
Event: 13.623 Loading class java/util/regex/Pattern$Caret
Event: 13.623 Loading class java/util/regex/Pattern$Caret done

Classes unloaded (20 events):
Event: 10.141 Thread 0x000002c0d7e759d0 Unloading class 0x00000001006a4000 '_BuildScript_'
Event: 10.929 Thread 0x000002c0d7e759d0 Unloading class 0x0000000100931400 '_BuildScript_$_run_closure1$_closure2$_closure4'
Event: 10.929 Thread 0x000002c0d7e759d0 Unloading class 0x0000000100931000 '_BuildScript_$_run_closure1$_closure2$_closure3'
Event: 10.929 Thread 0x000002c0d7e759d0 Unloading class 0x0000000100930948 '_BuildScript_$_run_closure1$_closure2'
Event: 10.929 Thread 0x000002c0d7e759d0 Unloading class 0x0000000100930548 '_BuildScript_$_run_closure1'
Event: 10.929 Thread 0x000002c0d7e759d0 Unloading class 0x0000000100930000 '_BuildScript_'
Event: 11.500 Thread 0x000002c0d7e759d0 Unloading class 0x0000000100942800 '_BuildScript_'
Event: 11.500 Thread 0x000002c0d7e759d0 Unloading class 0x0000000100942400 'SetupUtpTestResultListenerAction$_execute_closure1$_closure2'
Event: 11.500 Thread 0x000002c0d7e759d0 Unloading class 0x0000000100942000 'SetupUtpTestResultListenerAction$_execute_closure1'
Event: 11.500 Thread 0x000002c0d7e759d0 Unloading class 0x0000000100941c00 'SetupUtpTestResultListenerAction'
Event: 11.500 Thread 0x000002c0d7e759d0 Unloading class 0x000000010093b800 '_BuildScript_$_run_closure1$_closure3'
Event: 11.500 Thread 0x000002c0d7e759d0 Unloading class 0x000000010093b400 '_BuildScript_$_run_closure1$_closure2'
Event: 11.500 Thread 0x000002c0d7e759d0 Unloading class 0x000000010093b000 '_BuildScript_$_run_closure1'
Event: 11.500 Thread 0x000002c0d7e759d0 Unloading class 0x000000010093a8b8 '_BuildScript_'
Event: 11.500 Thread 0x000002c0d7e759d0 Unloading class 0x000000010093a4b8 'KotlinCoroutineJvmDebugArgumentsProvider$_asArguments_closure1'
Event: 11.500 Thread 0x000002c0d7e759d0 Unloading class 0x000000010093a210 'KotlinCoroutineJvmDebugArgumentsProvider'
Event: 11.500 Thread 0x000002c0d7e759d0 Unloading class 0x000000010093a000 'Properties'
Event: 11.500 Thread 0x000002c0d7e759d0 Unloading class 0x0000000100938948 '_BuildScript_$_run_closure1$_closure2'
Event: 11.500 Thread 0x000002c0d7e759d0 Unloading class 0x0000000100938548 '_BuildScript_$_run_closure1'
Event: 11.500 Thread 0x000002c0d7e759d0 Unloading class 0x0000000100938000 '_BuildScript_'

Classes redefined (0 events):
No events

Internal exceptions (20 events):
Event: 10.795 Thread 0x000002c0de288ea0 Exception <a 'java/lang/ClassNotFoundException'{0x0000000083819c78}: addGradleAndroidTestListener1_5hczu1r96xrhul6dk9grhd97zBeanInfo> (0x0000000083819c78) 
thrown [s\src\hotspot\share\classfile\systemDictionary.cpp, line 312]
Event: 10.796 Thread 0x000002c0de288ea0 Exception <a 'java/lang/ClassNotFoundException'{0x000000008381fe68}: addGradleAndroidTestListener1_5hczu1r96xrhul6dk9grhd97zCustomizer> (0x000000008381fe68) 
thrown [s\src\hotspot\share\classfile\systemDictionary.cpp, line 312]
Event: 10.806 Thread 0x000002c0de288ea0 Exception <a 'java/lang/ClassNotFoundException'{0x00000000838b91d0}: SetupUtpTestResultListenerActionBeanInfo> (0x00000000838b91d0) 
thrown [s\src\hotspot\share\classfile\systemDictionary.cpp, line 312]
Event: 10.806 Thread 0x000002c0de288ea0 Exception <a 'java/lang/ClassNotFoundException'{0x00000000838bfa08}: SetupUtpTestResultListenerActionCustomizer> (0x00000000838bfa08) 
thrown [s\src\hotspot\share\classfile\systemDictionary.cpp, line 312]
Event: 10.812 Thread 0x000002c0de288ea0 Exception <a 'java/lang/ClassNotFoundException'{0x00000000837394b8}: org/gradle/execution/taskgraph/DefaultTaskExecutionGraphBeanInfo> (0x00000000837394b8) 
thrown [s\src\hotspot\share\classfile\systemDictionary.cpp, line 312]
Event: 10.812 Thread 0x000002c0de288ea0 Exception <a 'java/lang/ClassNotFoundException'{0x0000000083746eb8}: org/gradle/execution/taskgraph/DefaultTaskExecutionGraphCustomizer> (0x0000000083746eb8) 
thrown [s\src\hotspot\share\classfile\systemDictionary.cpp, line 312]
Event: 10.841 Thread 0x000002c0de288ea0 Exception <a 'java/lang/IncompatibleClassChangeError'{0x000000008fb00cf8}: Found class java.lang.Object, but interface was expected> (0x000000008fb00cf8) 
thrown [s\src\hotspot\share\interpreter\linkResolver.cpp, line 851]
Event: 10.845 Thread 0x000002c0de288ea0 Exception <a 'sun/nio/fs/WindowsException'{0x000000008fb2b770}> (0x000000008fb2b770) 
thrown [s\src\hotspot\share\prims\jni.cpp, line 535]
Event: 10.846 Thread 0x000002c0de288ea0 Exception <a 'sun/nio/fs/WindowsException'{0x000000008fb2cc80}> (0x000000008fb2cc80) 
thrown [s\src\hotspot\share\prims\jni.cpp, line 535]
Event: 10.846 Thread 0x000002c0de288ea0 Exception <a 'sun/nio/fs/WindowsException'{0x000000008fb2e150}> (0x000000008fb2e150) 
thrown [s\src\hotspot\share\prims\jni.cpp, line 535]
Event: 10.846 Thread 0x000002c0de288ea0 Exception <a 'sun/nio/fs/WindowsException'{0x000000008fb2f248}> (0x000000008fb2f248) 
thrown [s\src\hotspot\share\prims\jni.cpp, line 535]
Event: 10.848 Thread 0x000002c0de288ea0 Exception <a 'java/lang/NoSuchMethodError'{0x000000008fb433f8}: 'java.lang.Object java.lang.invoke.Invokers$Holder.invoker(java.lang.Object, java.lang.Object, java.lang.Object, java.lang.Object, java.lang.Object, java.lang.Object)'> (0x000000008fb433f8) 
thrown [s\src\hotspot\share\interpreter\linkResolver.cpp, line 784]
Event: 10.867 Thread 0x000002c0de288ea0 Exception <a 'java/lang/NoSuchMethodError'{0x000000008e546dd8}: 'java.lang.Object java.lang.invoke.DirectMethodHandle$Holder.invokeSpecial(java.lang.Object, java.lang.Object, java.lang.Object, java.lang.Object, java.lang.Object, java.lang.Object, java.lang.Object, java.lang.Object, java.lang.Object, java.lang.Object, java.lang.Object, java.lang.Object, java.lang.Object, java.lang.Object, java.lang.Object, java.lang.Object, java.lang.Object, java.lang.Object, java.lang.Object, java.lang.Object, java.lang.Ob
Event: 10.867 Thread 0x000002c0de288ea0 Exception <a 'java/lang/NoSuchMethodError'{0x000000008e54ce08}: 'java.lang.Object java.lang.invoke.DelegatingMethodHandle$Holder.reinvoke_L(java.lang.Object, java.lang.Object, java.lang.Object, java.lang.Object, java.lang.Object, java.lang.Object, java.lang.Object, java.lang.Object, java.lang.Object, java.lang.Object, java.lang.Object, java.lang.Object, java.lang.Object, java.lang.Object, java.lang.Object, java.lang.Object, java.lang.Object, java.lang.Object, java.lang.Object, java.lang.Object, java.lang.O
Event: 10.867 Thread 0x000002c0de288ea0 Exception <a 'java/lang/NoSuchMethodError'{0x000000008e557ea0}: 'java.lang.Object java.lang.invoke.Invokers$Holder.invoker(java.lang.Object, java.lang.Object, java.lang.Object, java.lang.Object, java.lang.Object, java.lang.Object, java.lang.Object, java.lang.Object, java.lang.Object, java.lang.Object, java.lang.Object, java.lang.Object, java.lang.Object, java.lang.Object, java.lang.Object, java.lang.Object, java.lang.Object, java.lang.Object, java.lang.Object, java.lang.Object, java.lang.Object, java.lang.
Event: 10.867 Thread 0x000002c0de288ea0 Exception <a 'java/lang/NoSuchMethodError'{0x000000008e55e780}: 'java.lang.Object java.lang.invoke.DelegatingMethodHandle$Holder.delegate(java.lang.Object, java.lang.Object, java.lang.Object, java.lang.Object, java.lang.Object, java.lang.Object, java.lang.Object, java.lang.Object, java.lang.Object, java.lang.Object, java.lang.Object, java.lang.Object, java.lang.Object, java.lang.Object, java.lang.Object, java.lang.Object, java.lang.Object, java.lang.Object, java.lang.Object, java.lang.Object, java.lang.Obj
Event: 11.026 Thread 0x000002c0de288ea0 Exception <a 'sun/nio/fs/WindowsException'{0x00000000838e74a8}> (0x00000000838e74a8) 
thrown [s\src\hotspot\share\prims\jni.cpp, line 535]
Event: 11.026 Thread 0x000002c0de288ea0 Exception <a 'sun/nio/fs/WindowsException'{0x00000000838e8a90}> (0x00000000838e8a90) 
thrown [s\src\hotspot\share\prims\jni.cpp, line 535]
Event: 11.032 Thread 0x000002c0de288ea0 Implicit null exception at 0x000002c0cb257d04 to 0x000002c0cb258d84
Event: 11.032 Thread 0x000002c0de288ea0 Implicit null exception at 0x000002c0cb24efad to 0x000002c0cb24f950

ZGC Phase Switch (0 events):
No events

VM Operations (20 events):
Event: 15.663 Executing VM operation: G1CollectForAllocation (G1 Evacuation Pause)
Event: 15.667 Executing VM operation: G1CollectForAllocation (G1 Evacuation Pause) done
Event: 15.820 Executing VM operation: G1CollectForAllocation (G1 Evacuation Pause)
Event: 15.824 Executing VM operation: G1CollectForAllocation (G1 Evacuation Pause) done
Event: 15.992 Executing VM operation: G1CollectForAllocation (G1 Evacuation Pause)
Event: 15.995 Executing VM operation: G1CollectForAllocation (G1 Evacuation Pause) done
Event: 16.138 Executing VM operation: G1CollectForAllocation (G1 Evacuation Pause)
Event: 16.142 Executing VM operation: G1CollectForAllocation (G1 Evacuation Pause) done
Event: 16.270 Executing VM operation: G1CollectForAllocation (G1 Evacuation Pause)
Event: 16.274 Executing VM operation: G1CollectForAllocation (G1 Evacuation Pause) done
Event: 16.470 Executing VM operation: G1CollectForAllocation (G1 Evacuation Pause)
Event: 16.474 Executing VM operation: G1CollectForAllocation (G1 Evacuation Pause) done
Event: 16.662 Executing VM operation: G1CollectForAllocation (G1 Evacuation Pause)
Event: 16.665 Executing VM operation: G1CollectForAllocation (G1 Evacuation Pause) done
Event: 16.881 Executing VM operation: G1CollectForAllocation (G1 Evacuation Pause)
Event: 16.885 Executing VM operation: G1CollectForAllocation (G1 Evacuation Pause) done
Event: 17.888 Executing VM operation: Cleanup
Event: 17.888 Executing VM operation: Cleanup done
Event: 19.898 Executing VM operation: Cleanup
Event: 19.898 Executing VM operation: Cleanup done

Memory protections (0 events):
No events

Nmethod flushes (20 events):
Event: 15.473 Thread 0x000002c0d7e759d0 flushing  nmethod 0x000002c0c3bb3590
Event: 15.473 Thread 0x000002c0d7e759d0 flushing  nmethod 0x000002c0c3d77810
Event: 15.473 Thread 0x000002c0d7e759d0 flushing  nmethod 0x000002c0c3d78d10
Event: 15.473 Thread 0x000002c0d7e759d0 flushing  nmethod 0x000002c0c3ed7290
Event: 15.473 Thread 0x000002c0d7e759d0 flushing  nmethod 0x000002c0c3ed7790
Event: 15.473 Thread 0x000002c0d7e759d0 flushing osr nmethod 0x000002c0cb2b2390
Event: 15.473 Thread 0x000002c0d7e759d0 flushing  nmethod 0x000002c0c3514010
Event: 15.473 Thread 0x000002c0d7e759d0 flushing  nmethod 0x000002c0c35a6110
Event: 15.473 Thread 0x000002c0d7e759d0 flushing  nmethod 0x000002c0c365f010
Event: 15.473 Thread 0x000002c0d7e759d0 flushing  nmethod 0x000002c0c36d9510
Event: 15.473 Thread 0x000002c0d7e759d0 flushing  nmethod 0x000002c0c3736a10
Event: 15.473 Thread 0x000002c0d7e759d0 flushing  nmethod 0x000002c0c373e790
Event: 15.473 Thread 0x000002c0d7e759d0 flushing osr nmethod 0x000002c0c3a5e610
Event: 15.473 Thread 0x000002c0d7e759d0 flushing  nmethod 0x000002c0c3a62690
Event: 15.473 Thread 0x000002c0d7e759d0 flushing  nmethod 0x000002c0c3b99c10
Event: 15.473 Thread 0x000002c0d7e759d0 flushing  nmethod 0x000002c0c3d0b890
Event: 15.473 Thread 0x000002c0d7e759d0 flushing  nmethod 0x000002c0c3d0be90
Event: 15.473 Thread 0x000002c0d7e759d0 flushing  nmethod 0x000002c0c3d8dd10
Event: 15.473 Thread 0x000002c0d7e759d0 flushing  nmethod 0x000002c0c3eb5410
Event: 15.473 Thread 0x000002c0d7e759d0 flushing  nmethod 0x000002c0c3eba690

Events (20 events):
Event: 9.222 Thread 0x000002c0de288ea0 Thread added: 0x000002c0de7fed50
Event: 9.224 Thread 0x000002c0de288ea0 Thread added: 0x000002c0e0916220
Event: 9.226 Thread 0x000002c0de288ea0 Thread added: 0x000002c0e09168b0
Event: 9.227 Thread 0x000002c0de288ea0 Thread added: 0x000002c0e09175d0
Event: 9.344 Thread 0x000002c0de288ea0 Thread added: 0x000002c0e09147e0
Event: 9.344 Thread 0x000002c0de288ea0 Thread added: 0x000002c0e0916f40
Event: 9.345 Thread 0x000002c0de288ea0 Thread added: 0x000002c0e0915500
Event: 9.345 Thread 0x000002c0de288ea0 Thread added: 0x000002c0e0914e70
Event: 9.978 Thread 0x000002c0de288ea0 Thread added: 0x000002c0e0919010
Event: 10.319 Thread 0x000002c0de288ea0 Thread added: 0x000002c0e091a3c0
Event: 10.346 Thread 0x000002c0de288ea0 Thread added: 0x000002c0e091aa50
Event: 10.346 Thread 0x000002c0de288ea0 Thread added: 0x000002c0e091b0e0
Event: 10.347 Thread 0x000002c0de288ea0 Thread added: 0x000002c0e0918980
Event: 10.347 Thread 0x000002c0de288ea0 Thread added: 0x000002c0e0917c60
Event: 10.508 Thread 0x000002c0de288ea0 Thread added: 0x000002c0e091b770
Event: 10.679 Thread 0x000002c0de288ea0 Thread added: 0x000002c0e09196a0
Event: 10.787 Thread 0x000002c0de288ea0 Thread added: 0x000002c0e09182f0
Event: 14.755 Thread 0x000002c0d7ed6e30 Thread exited: 0x000002c0d7ed6e30
Event: 16.020 Thread 0x000002c0d7ed7500 Thread exited: 0x000002c0d7ed7500
Event: 16.958 Thread 0x000002c0d7ed9710 Thread added: 0x000002c0e1212f70


Dynamic libraries:
0x00007ff7e5d40000 - 0x00007ff7e5d4a000 	C:\Program Files\Android\Android Studio\jbr\bin\java.exe
0x00007ff999540000 - 0x00007ff9997a7000 	C:\Windows\SYSTEM32\ntdll.dll
0x00007ff9987a0000 - 0x00007ff998869000 	C:\Windows\System32\KERNEL32.DLL
0x00007ff995f70000 - 0x00007ff996367000 	C:\Windows\System32\KERNELBASE.dll
0x00007ff997170000 - 0x00007ff9972bb000 	C:\Windows\System32\ucrtbase.dll
0x00007ff98fd10000 - 0x00007ff98fd2b000 	C:\Program Files\Android\Android Studio\jbr\bin\VCRUNTIME140.dll
0x00007ff990a50000 - 0x00007ff990a68000 	C:\Program Files\Android\Android Studio\jbr\bin\jli.dll
0x00007ff997e20000 - 0x00007ff997fe6000 	C:\Windows\System32\USER32.dll
0x00007ff996ea0000 - 0x00007ff996ec7000 	C:\Windows\System32\win32u.dll
0x00007ff9990f0000 - 0x00007ff99911b000 	C:\Windows\System32\GDI32.dll
0x00007ff997040000 - 0x00007ff99716c000 	C:\Windows\System32\gdi32full.dll
0x00007ff97b120000 - 0x00007ff97b3b2000 	C:\Windows\WinSxS\amd64_microsoft.windows.common-controls_6595b64144ccf1df_6.0.26100.8457_none_3e0b2faee331e92d\COMCTL32.dll
0x00007ff996ed0000 - 0x00007ff996f73000 	C:\Windows\System32\msvcp_win.dll
0x00007ff998ea0000 - 0x00007ff998f49000 	C:\Windows\System32\msvcrt.dll
0x00007ff999360000 - 0x00007ff999392000 	C:\Windows\System32\IMM32.DLL
0x000000005f6a0000 - 0x000000005f6ad000 	C:\Program Files (x86)\360\Total Security\safemon\SafeWrapper.dll
0x00007ff9992a0000 - 0x00007ff999356000 	C:\Windows\System32\ADVAPI32.dll
0x00007ff998960000 - 0x00007ff998a07000 	C:\Windows\System32\sechost.dll
0x00007ff998680000 - 0x00007ff998798000 	C:\Windows\System32\RPCRT4.dll
0x00007ff9911a0000 - 0x00007ff9912a5000 	C:\Program Files (x86)\360\Total Security\safemon\libzdtp64.dll
0x00007ff9972c0000 - 0x00007ff997a2e000 	C:\Windows\System32\SHELL32.dll
0x00007ff999120000 - 0x00007ff999186000 	C:\Windows\System32\SHLWAPI.dll
0x00007ff996630000 - 0x00007ff996e9c000 	C:\Windows\System32\Windows.Storage.dll
0x00007ff997ff0000 - 0x00007ff998373000 	C:\Windows\System32\combase.dll
0x00007ff995a50000 - 0x00007ff995a5b000 	C:\Windows\SYSTEM32\VERSION.dll
0x00007ff980170000 - 0x00007ff98017c000 	C:\Program Files\Android\Android Studio\jbr\bin\vcruntime140_1.dll
0x00007ff92b3d0000 - 0x00007ff92b45d000 	C:\Program Files\Android\Android Studio\jbr\bin\msvcp140.dll
0x00007ff927270000 - 0x00007ff927efb000 	C:\Program Files\Android\Android Studio\jbr\bin\server\jvm.dll
0x00007ff999060000 - 0x00007ff9990e0000 	C:\Windows\System32\WS2_32.dll
0x00007ff995dd0000 - 0x00007ff995e2e000 	C:\Windows\SYSTEM32\POWRPROF.dll
0x00007ff990b30000 - 0x00007ff990b66000 	C:\Windows\SYSTEM32\WINMM.dll
0x00007ff995db0000 - 0x00007ff995dc4000 	C:\Windows\SYSTEM32\UMPDC.dll
0x00007ff994c90000 - 0x00007ff994cab000 	C:\Windows\SYSTEM32\kernel.appcore.dll
0x00007ff97fe20000 - 0x00007ff97fe2a000 	C:\Program Files\Android\Android Studio\jbr\bin\jimage.dll
0x00007ff993d60000 - 0x00007ff993fa2000 	C:\Windows\SYSTEM32\DBGHELP.DLL
0x00007ff998880000 - 0x00007ff998959000 	C:\Windows\System32\OLEAUT32.dll
0x00007ff979210000 - 0x00007ff97924b000 	C:\Windows\SYSTEM32\dbgcore.DLL
0x00007ff996580000 - 0x00007ff996628000 	C:\Windows\System32\bcryptPrimitives.dll
0x00007ff9908f0000 - 0x00007ff9908fe000 	C:\Program Files\Android\Android Studio\jbr\bin\instrument.dll
0x00007ff97fbc0000 - 0x00007ff97fbe0000 	C:\Program Files\Android\Android Studio\jbr\bin\java.dll
0x00007ff96acc0000 - 0x00007ff96acd8000 	C:\Program Files\Android\Android Studio\jbr\bin\zip.dll
0x00007ff998400000 - 0x00007ff9984f6000 	C:\Windows\System32\SHCORE.dll
0x00007ff995e90000 - 0x00007ff995eb9000 	C:\Windows\SYSTEM32\profapi.dll
0x00007ff97fe00000 - 0x00007ff97fe10000 	C:\Program Files\Android\Android Studio\jbr\bin\net.dll
0x00007ff9879c0000 - 0x00007ff987ae9000 	C:\Windows\SYSTEM32\WINHTTP.dll
0x00007ff995200000 - 0x00007ff99526c000 	C:\Windows\system32\mswsock.dll
0x00007ff948b40000 - 0x00007ff948b56000 	C:\Program Files\Android\Android Studio\jbr\bin\nio.dll
0x00007ff97fba0000 - 0x00007ff97fbb0000 	C:\Program Files\Android\Android Studio\jbr\bin\verify.dll
0x00007ff971480000 - 0x00007ff9714a7000 	C:\Users\anchi\.gradle\native\1def1411415f61bf3af743bc5b6707747c0891f09f0c88961ee8f79bc544acac\windows-amd64\native-platform.dll
0x00007ff93a7e0000 - 0x00007ff93a858000 	C:\Users\anchi\.gradle\native\0.2.7\x86_64-windows-gnu\gradle-fileevents.dll
0x00007ff97fad0000 - 0x00007ff97fad9000 	C:\Program Files\Android\Android Studio\jbr\bin\management.dll
0x00007ff97da20000 - 0x00007ff97da2b000 	C:\Program Files\Android\Android Studio\jbr\bin\management_ext.dll
0x00007ff997e10000 - 0x00007ff997e18000 	C:\Windows\System32\PSAPI.DLL
0x00007ff9946b0000 - 0x00007ff9946e2000 	C:\Windows\SYSTEM32\IPHLPAPI.DLL
0x00007ff997e00000 - 0x00007ff997e0a000 	C:\Windows\System32\NSI.dll
0x00007ff97fbb0000 - 0x00007ff97fbb9000 	C:\Program Files\Android\Android Studio\jbr\bin\extnet.dll
0x00007ff9954e0000 - 0x00007ff9954fb000 	C:\Windows\SYSTEM32\CRYPTSP.dll
0x00007ff994bf0000 - 0x00007ff994c29000 	C:\Windows\system32\rsaenh.dll
0x00007ff9952b0000 - 0x00007ff9952e3000 	C:\Windows\SYSTEM32\USERENV.dll
0x00007ff995e60000 - 0x00007ff995e8a000 	C:\Windows\SYSTEM32\bcrypt.dll
0x00007ff995500000 - 0x00007ff99550c000 	C:\Windows\SYSTEM32\CRYPTBASE.dll
0x00007ff96aca0000 - 0x00007ff96aca8000 	C:\Windows\system32\wshunix.dll
0x00007ff994db0000 - 0x00007ff994de6000 	C:\Windows\SYSTEM32\ntmarta.dll

dbghelp: loaded successfully - version: 4.0.5 - missing functions: none
symbol engine: initialized successfully - sym options: 0x614 - pdb path: .;C:\Program Files\Android\Android Studio\jbr\bin;C:\Windows\SYSTEM32;C:\Windows\WinSxS\amd64_microsoft.windows.common-controls_6595b64144ccf1df_6.0.26100.8457_none_3e0b2faee331e92d;C:\Program Files (x86)\360\Total Security\safemon;C:\Program Files\Android\Android Studio\jbr\bin\server;C:\Users\anchi\.gradle\native\1def1411415f61bf3af743bc5b6707747c0891f09f0c88961ee8f79bc544acac\windows-amd64;C:\Users\anchi\.gradle\native\0.2.7\x86_64-windows-gnu

VM Arguments:
jvm_args: --add-opens=java.base/java.lang=ALL-UNNAMED --add-opens=java.base/java.lang.invoke=ALL-UNNAMED --add-opens=java.base/java.util=ALL-UNNAMED --add-opens=java.prefs/java.util.prefs=ALL-UNNAMED --add-exports=jdk.compiler/com.sun.tools.javac.api=ALL-UNNAMED --add-exports=jdk.compiler/com.sun.tools.javac.util=ALL-UNNAMED --add-opens=java.base/java.util=ALL-UNNAMED --add-opens=java.prefs/java.util.prefs=ALL-UNNAMED --add-opens=java.base/java.nio.charset=ALL-UNNAMED --add-opens=java.base/java.net=ALL-UNNAMED --add-opens=java.base/java.util.concurrent.atomic=ALL-UNNAMED --add-opens=java.xml/javax.xml.namespace=ALL-UNNAMED -Xmx2048m -Dfile.encoding=UTF-8 -Duser.country=IN -Duser.language=en -Duser.variant -javaagent:C:\Users\anchi\.gradle\wrapper\dists\gradle-8.13-bin\5xuhj0ry160q40clulazy9h7d\gradle-8.13\lib\agents\gradle-instrumentation-agent-8.13.jar 
java_command: org.gradle.launcher.daemon.bootstrap.GradleDaemon 8.13
java_class_path (initial): C:\Users\anchi\.gradle\wrapper\dists\gradle-8.13-bin\5xuhj0ry160q40clulazy9h7d\gradle-8.13\lib\gradle-daemon-main-8.13.jar
Launcher Type: SUN_STANDARD

[Global flags]
     intx CICompilerCount                          = 4                                         {product} {ergonomic}
     uint ConcGCThreads                            = 3                                         {product} {ergonomic}
     uint G1ConcRefinementThreads                  = 10                                        {product} {ergonomic}
   size_t G1HeapRegionSize                         = 1048576                                   {product} {ergonomic}
    uintx GCDrainStackTargetSize                   = 64                                        {product} {ergonomic}
   size_t InitialHeapSize                          = 264241152                                 {product} {ergonomic}
   size_t MarkStackSize                            = 4194304                                   {product} {ergonomic}
   size_t MaxHeapSize                              = 2147483648                                {product} {command line}
   size_t MaxNewSize                               = 1287651328                                {product} {ergonomic}
   size_t MinHeapDeltaBytes                        = 1048576                                   {product} {ergonomic}
   size_t MinHeapSize                              = 8388608                                   {product} {ergonomic}
    uintx NonNMethodCodeHeapSize                   = 5839372                                {pd product} {ergonomic}
    uintx NonProfiledCodeHeapSize                  = 122909434                              {pd product} {ergonomic}
    uintx ProfiledCodeHeapSize                     = 122909434                              {pd product} {ergonomic}
    uintx ReservedCodeCacheSize                    = 251658240                              {pd product} {ergonomic}
     bool SegmentedCodeCache                       = true                                      {product} {ergonomic}
   size_t SoftMaxHeapSize                          = 2147483648                             {manageable} {ergonomic}
     bool UseCompressedOops                        = true                           {product lp64_product} {ergonomic}
     bool UseG1GC                                  = true                                      {product} {ergonomic}
     bool UseLargePagesIndividualAllocation        = false                                  {pd product} {ergonomic}

Logging:
Log output configuration:
 #0: stdout all=warning uptime,level,tags foldmultilines=false
 #1: stderr all=off uptime,level,tags foldmultilines=false

Environment Variables:
JAVA_HOME=C:\Program Files\Android\Android Studio\jbr
PATH=C:\Program Files (x86)\NVIDIA Corporation\PhysX\Common;C:\Program Files (x86)\Common Files\Oracle\Java\javapath;C:\Python314\Scripts\;C:\Python314\;C:\Windows\system32;C:\Windows;C:\Windows\System32\Wbem;C:\Windows\System32\WindowsPowerShell\v1.0\;C:\Windows\System32\OpenSSH\;C:\Program Files\dotnet\;C:\Program Files\nodejs\;C:\ProgramData\chocolatey\bin;C:\MinGW\bin;C:\Program Files\Cloudflare\Cloudflare WARP\;C:\Program Files\Android\Android Studio\jbr\bin;C:\Program Files (x86)\Windows Kits\8.1\Windows Performance Toolkit\;C:\Windows\system32\config\systemprofile\AppData\Local\Muse Hub\lib;C:\Program Files\Git\cmd;C:\Users\anchi\AppData\Local\Programs\Python\Python313\Scripts\;C:\Users\anchi\AppData\Local\Programs\Python\Python313\;C:\Users\anchi\AppData\Local\Microsoft\WindowsApps;C:\Users\anchi\AppData\Roaming\npm;C:\Users\anchi\AppData\Local\Programs\Microsoft VS Code\bin;C:\Users\anchi\AppData\Local\Python\bin;C:\Users\anchi\AppData\Local\Muse Hub\lib;C:\Users\anchi\.local\bin;C:\Users\anchi\AppData\Local\GitHubDesktop\bin
USERNAME=anchi
OS=Windows_NT
PROCESSOR_IDENTIFIER=Intel64 Family 6 Model 186 Stepping 3, GenuineIntel
TMP=C:\Users\anchi\AppData\Local\Temp
TEMP=C:\Users\anchi\AppData\Local\Temp




Periodic native trim disabled

JNI global refs:
JNI global refs: 26, weak refs: 0

JNI global refs memory usage: 835, weak refs: 201

Process memory usage:
Resident Set Size: 443184K (2% of 16454352K total physical memory with 2177568K free physical memory)

OOME stack traces (most recent first):
Classloader memory used:
Loader org.gradle.internal.classloader.VisitableURLClassLoader                         : 36035K
Loader bootstrap                                                                       : 22754K
Loader org.gradle.initialization.MixInLegacyTypesClassLoader                           : 6439K
Loader jdk.internal.loader.ClassLoaders$PlatformClassLoader                            : 518K
Loader jdk.internal.loader.ClassLoaders$AppClassLoader                                 : 234K
Loader org.gradle.groovy.scripts.internal.DefaultScriptCompilationHandler$ScriptClassLoader: 99840B
Loader org.gradle.internal.classloader.VisitableURLClassLoader$InstrumentingVisitableURLClassLoader: 15744B
Loader jdk.internal.reflect.DelegatingClassLoader                                      : 10512B
Loader org.codehaus.groovy.runtime.callsite.CallSiteClassLoader                        : 10064B

Classes loaded by more than one classloader:
Class org.gradle.internal.classloader.FilteringClassLoader                            : loaded 2 times (x 101B)
Class org.gradle.internal.classloader.ClassLoaderHierarchy                            : loaded 2 times (x 66B)
Class org.gradle.api.internal.classpath.ManifestUtil                                  : loaded 2 times (x 67B)
Class org.gradle.internal.classloader.DefaultClassLoaderFactory                       : loaded 2 times (x 78B)
Class org.gradle.internal.classloader.ClassLoaderVisitor                              : loaded 2 times (x 72B)
Class org.gradle.api.internal.classpath.EffectiveClassPath                            : loaded 2 times (x 86B)
Class org.gradle.api.internal.DefaultClassPathProvider                                : loaded 2 times (x 72B)
Class [Lorg.gradle.api.internal.ClassPathProvider;                                    : loaded 2 times (x 65B)
Class org.gradle.api.internal.ClassPathProvider                                       : loaded 2 times (x 66B)
Class org.gradle.internal.service.UnknownServiceException                             : loaded 2 times (x 79B)
Class ijKotlinCoroutineJvmDebugInit1_3jh1awu7dm22wf9wbki5p0cht$_run_closure1          : loaded 2 times (x 135B)
Class org.gradle.internal.classpath.TransformedClassPath                              : loaded 2 times (x 92B)
Class org.gradle.internal.classloader.InstrumentingClassLoader                        : loaded 2 times (x 66B)
Class org.gradle.internal.service.ServiceLocator                                      : loaded 2 times (x 66B)
Class org.gradle.internal.InternalTransformer                                         : loaded 2 times (x 66B)
Class org.gradle.internal.classloader.ClasspathUtil$1                                 : loaded 2 times (x 72B)
Class org.gradle.api.internal.classpath.DefaultModuleRegistry$DefaultModule           : loaded 2 times (x 82B)
Class org.gradle.api.internal.classpath.Module                                        : loaded 2 times (x 66B)
Class org.gradle.api.internal.classpath.UnknownModuleException                        : loaded 2 times (x 78B)
Class org.gradle.api.internal.DefaultClassPathRegistry                                : loaded 2 times (x 72B)
Class org.gradle.api.internal.ClassPathRegistry                                       : loaded 2 times (x 66B)
Class org.gradle.internal.classpath.DefaultClassPath$ImmutableUniqueList              : loaded 2 times (x 195B)
Class org.gradle.internal.classpath.ClassPath                                         : loaded 2 times (x 66B)
Class org.gradle.api.UncheckedIOException                                             : loaded 2 times (x 78B)
Class org.gradle.internal.installation.GradleInstallation$1                           : loaded 2 times (x 71B)
Class org.gradle.api.internal.classpath.ModuleRegistry                                : loaded 2 times (x 66B)
Class org.gradle.api.internal.classpath.DefaultModuleRegistry                         : loaded 2 times (x 82B)
Class org.gradle.internal.service.ServiceLookupException                              : loaded 2 times (x 78B)
Class org.gradle.internal.classloader.ClassLoaderFactory                              : loaded 2 times (x 66B)
Class org.gradle.internal.service.CachingServiceLocator                               : loaded 2 times (x 78B)
Class org.gradle.internal.classloader.ClasspathUtil                                   : loaded 2 times (x 67B)
Class org.gradle.api.specs.Spec                                                       : loaded 2 times (x 66B)
Class ijJvmDebugger1_db0bpnywijbk2t70c8xgec7ra                                        : loaded 2 times (x 175B)
Class org.gradle.internal.classloader.VisitableURLClassLoader$InstrumentingVisitableURLClassLoader: loaded 2 times (x 119B)
Class ijJvmDebugger1_db0bpnywijbk2t70c8xgec7ra$_run_closure1                          : loaded 2 times (x 135B)
Class org.gradle.internal.classloader.VisitableURLClassLoader$Spec                    : loaded 2 times (x 70B)
Class org.gradle.internal.classpath.DefaultClassPath                                  : loaded 2 times (x 86B)
Class org.gradle.internal.classloader.ClassLoaderSpec                                 : loaded 2 times (x 67B)
Class org.gradle.internal.classloader.VisitableURLClassLoader                         : loaded 2 times (x 113B)
Class org.gradle.internal.Cast                                                        : loaded 2 times (x 67B)
Class org.gradle.api.Action                                                           : loaded 2 times (x 66B)
Class org.gradle.internal.classpath.DefaultClassPath$ImmutableUniqueList$Builder      : loaded 2 times (x 71B)
Class org.gradle.api.GradleException                                                  : loaded 2 times (x 78B)
Class org.gradle.internal.IoActions                                                   : loaded 2 times (x 67B)
Class org.gradle.internal.classloader.SystemClassLoaderSpec                           : loaded 2 times (x 67B)
Class ijKotlinCoroutineJvmDebugInit1_3jh1awu7dm22wf9wbki5p0cht                        : loaded 2 times (x 175B)
Class org.gradle.api.internal.classpath.GlobalCacheRootsProvider                      : loaded 2 times (x 66B)
Class org.gradle.internal.installation.CurrentGradleInstallationLocator               : loaded 2 times (x 67B)
Class org.gradle.internal.service.DefaultServiceLocator                               : loaded 2 times (x 79B)
Class org.gradle.internal.installation.CurrentGradleInstallation                      : loaded 2 times (x 69B)
Class org.gradle.util.internal.GUtil                                                  : loaded 2 times (x 67B)
Class org.gradle.internal.installation.GradleInstallation                             : loaded 2 times (x 71B)

---------------  S Y S T E M  ---------------

OS:
 Windows 11 , 64 bit Build 26100 (10.0.26100.8328)
OS uptime: 0 days 2:53 hours
Hyper-V role detected

CPU: total 12 (initial active 12) (6 cores per cpu, 2 threads per core) family 6 model 186 stepping 3 microcode 0x6134, cx8, cmov, fxsr, ht, mmx, 3dnowpref, sse, sse2, sse3, ssse3, sse4.1, sse4.2, popcnt, lzcnt, tsc, tscinvbit, avx, avx2, aes, erms, clmul, bmi1, bmi2, adx, sha, fma, vzeroupper, clflush, clflushopt, clwb, hv, serialize, rdtscp, rdpid, fsrm, f16c, cet_ibt, cet_ss
Processor Information for the first 12 processors :
  Max Mhz: 1700, Current Mhz: 1700, Mhz Limit: 1700

Memory: 4k page, system-wide physical 16068M (2125M free)
TotalPageFile size 16068M (AvailPageFile size 3M)
current process WorkingSet (physical memory assigned to process): 432M, peak: 437M
current process commit charge ("private bytes"): 472M, peak: 476M

vm_info: OpenJDK 64-Bit Server VM (21.0.6+-13391695-b895.109) for windows-amd64 JRE (21.0.6+-13391695-b895.109), built on 2025-04-22T21:19:17Z by "builder" with MS VC++ 16.10 / 16.11 (VS2019)

END.
