#
# There is insufficient memory for the Java Runtime Environment to continue.
# Native memory allocation (malloc) failed to allocate 1258064 bytes. Error detail: Chunk::new
# Possible reasons:
#   The system is out of physical RAM or swap space
#   This process is running with CompressedOops enabled, and the Java Heap may be blocking the growth of the native heap
# Possible solutions:
#   Reduce memory load on the system
#   Increase physical memory or swap space
#   Check if swap backing store is full
#   Decrease Java heap size (-Xmx/-Xms)
#   Decrease number of Java threads
#   Decrease Java thread stack sizes (-Xss)
#   Set larger code cache with -XX:ReservedCodeCacheSize=
#   JVM is running with Zero Based Compressed Oops mode in which the Java heap is
#     placed in the first 32GB address space. The Java Heap base address is the
#     maximum limit for the native heap growth. Please use -XX:HeapBaseMinAddress
#     to set the Java Heap base and to place the Java Heap above 32GB virtual address.
# This output file may be truncated or incomplete.
#
#  Out of Memory Error (arena.cpp:168), pid=20712, tid=3204
#
# JRE version: OpenJDK Runtime Environment (21.0.6) (build 21.0.6+-13391695-b895.109)
# Java VM: OpenJDK 64-Bit Server VM (21.0.6+-13391695-b895.109, mixed mode, tiered, compressed oops, compressed class ptrs, g1 gc, windows-amd64)
# No core dump will be written. Minidumps are not enabled by default on client versions of Windows
#

---------------  S U M M A R Y ------------

Command Line: org.jetbrains.kotlin.cli.jvm.K2JVMCompiler @C:\Users\anchi\HumbleContacts2\app\build\20260528_18294652255819156713.compiler.options

Host: 13th Gen Intel(R) Core(TM) i7-1355U, 12 cores, 15G,  Windows 11 , 64 bit Build 26100 (10.0.26100.8328)
Time: Thu May 28 17:05:03 2026 India Standard Time elapsed time: 44.730332 seconds (0d 0h 0m 44s)

---------------  T H R E A D  ---------------

Current thread (0x000001a6e0f91c20):  JavaThread "C2 CompilerThread2" daemon [_thread_in_native, id=3204, stack(0x0000007e1ee00000,0x0000007e1ef00000) (1024K)]


Current CompileTask:
C2:44730 9160       4       org.jetbrains.org.objectweb.asm.ClassReader::accept (1380 bytes)

Stack: [0x0000007e1ee00000,0x0000007e1ef00000]
Native frames: (J=compiled Java code, j=interpreted, Vv=VM code, C=native code)
V  [jvm.dll+0x6d0639]
V  [jvm.dll+0x85eb03]
V  [jvm.dll+0x86105e]
V  [jvm.dll+0x861743]
V  [jvm.dll+0x27e6e6]
V  [jvm.dll+0xbff6d]
V  [jvm.dll+0xc04a3]
V  [jvm.dll+0x3b61ab]
V  [jvm.dll+0x1de872]
V  [jvm.dll+0x247dd4]
V  [jvm.dll+0x247251]
V  [jvm.dll+0x1c5f04]
V  [jvm.dll+0x2569ac]
V  [jvm.dll+0x254ef6]
V  [jvm.dll+0x3f0e96]
V  [jvm.dll+0x806ed8]
V  [jvm.dll+0x6cef0d]
C  [ucrtbase.dll+0x37b0]
C  [KERNEL32.DLL+0x2e957]
C  [ntdll.dll+0x427c]


---------------  P R O C E S S  ---------------

Threads class SMR info:
_java_thread_list=0x000001a6dd8f1040, length=13, elements={
0x000001a6bdff3820, 0x000001a6d8388180, 0x000001a6d8388bd0, 0x000001a6d838b1e0,
0x000001a6d838bc30, 0x000001a6d838c680, 0x000001a6d838d0d0, 0x000001a6d83680b0,
0x000001a6d836ad90, 0x000001a6d8534070, 0x000001a6d8545590, 0x000001a6e0f93760,
0x000001a6e0f91c20
}

Java Threads: ( => current thread )
  0x000001a6bdff3820 JavaThread "main"                              [_thread_in_Java, id=14272, stack(0x0000007e1d000000,0x0000007e1d100000) (1024K)]
  0x000001a6d8388180 JavaThread "Reference Handler"          daemon [_thread_blocked, id=10456, stack(0x0000007e1d800000,0x0000007e1d900000) (1024K)]
  0x000001a6d8388bd0 JavaThread "Finalizer"                  daemon [_thread_blocked, id=13252, stack(0x0000007e1d900000,0x0000007e1da00000) (1024K)]
  0x000001a6d838b1e0 JavaThread "Signal Dispatcher"          daemon [_thread_blocked, id=23544, stack(0x0000007e1da00000,0x0000007e1db00000) (1024K)]
  0x000001a6d838bc30 JavaThread "Attach Listener"            daemon [_thread_blocked, id=21904, stack(0x0000007e1db00000,0x0000007e1dc00000) (1024K)]
  0x000001a6d838c680 JavaThread "Service Thread"             daemon [_thread_blocked, id=17800, stack(0x0000007e1dc00000,0x0000007e1dd00000) (1024K)]
  0x000001a6d838d0d0 JavaThread "Monitor Deflation Thread"   daemon [_thread_blocked, id=23692, stack(0x0000007e1dd00000,0x0000007e1de00000) (1024K)]
  0x000001a6d83680b0 JavaThread "C2 CompilerThread0"         daemon [_thread_in_native, id=2596, stack(0x0000007e1de00000,0x0000007e1df00000) (1024K)]
  0x000001a6d836ad90 JavaThread "C1 CompilerThread0"         daemon [_thread_in_native, id=23812, stack(0x0000007e1df00000,0x0000007e1e000000) (1024K)]
  0x000001a6d8534070 JavaThread "Notification Thread"        daemon [_thread_blocked, id=8716, stack(0x0000007e1e000000,0x0000007e1e100000) (1024K)]
  0x000001a6d8545590 JavaThread "Common-Cleaner"             daemon [_thread_blocked, id=14912, stack(0x0000007e1e100000,0x0000007e1e200000) (1024K)]
  0x000001a6e0f93760 JavaThread "C2 CompilerThread1"         daemon [_thread_in_native, id=19728, stack(0x0000007e1eb00000,0x0000007e1ec00000) (1024K)]
=>0x000001a6e0f91c20 JavaThread "C2 CompilerThread2"         daemon [_thread_in_native, id=3204, stack(0x0000007e1ee00000,0x0000007e1ef00000) (1024K)]
Total: 13

Other Threads:
  0x000001a6d8322090 VMThread "VM Thread"                           [id=2580, stack(0x0000007e1d700000,0x0000007e1d800000) (1024K)]
  0x000001a6d7f3cba0 WatcherThread "VM Periodic Task Thread"        [id=9784, stack(0x0000007e1d600000,0x0000007e1d700000) (1024K)]
  0x000001a6be05c7f0 WorkerThread "GC Thread#0"                     [id=15808, stack(0x0000007e1d100000,0x0000007e1d200000) (1024K)]
  0x000001a6d8c3e230 WorkerThread "GC Thread#1"                     [id=14512, stack(0x0000007e1e200000,0x0000007e1e300000) (1024K)]
  0x000001a6d8c3e5d0 WorkerThread "GC Thread#2"                     [id=11056, stack(0x0000007e1e300000,0x0000007e1e400000) (1024K)]
  0x000001a6d8c62ec0 WorkerThread "GC Thread#3"                     [id=24480, stack(0x0000007e1e400000,0x0000007e1e500000) (1024K)]
  0x000001a6d8c63260 WorkerThread "GC Thread#4"                     [id=9192, stack(0x0000007e1e500000,0x0000007e1e600000) (1024K)]
  0x000001a6d8c63600 WorkerThread "GC Thread#5"                     [id=17580, stack(0x0000007e1e600000,0x0000007e1e700000) (1024K)]
  0x000001a6d8d92f50 WorkerThread "GC Thread#6"                     [id=15544, stack(0x0000007e1e700000,0x0000007e1e800000) (1024K)]
  0x000001a6d8d93a30 WorkerThread "GC Thread#7"                     [id=3964, stack(0x0000007e1e800000,0x0000007e1e900000) (1024K)]
  0x000001a6dd8baf50 WorkerThread "GC Thread#8"                     [id=22420, stack(0x0000007e1ed00000,0x0000007e1ee00000) (1024K)]
  0x000001a6dd8b9250 WorkerThread "GC Thread#9"                     [id=1556, stack(0x0000007e1ec00000,0x0000007e1ed00000) (1024K)]
  0x000001a6be06d2e0 ConcurrentGCThread "G1 Main Marker"            [id=3612, stack(0x0000007e1d200000,0x0000007e1d300000) (1024K)]
  0x000001a6be06dde0 WorkerThread "G1 Conc#0"                       [id=19872, stack(0x0000007e1d300000,0x0000007e1d400000) (1024K)]
  0x000001a6d8d932f0 WorkerThread "G1 Conc#1"                       [id=21620, stack(0x0000007e1e900000,0x0000007e1ea00000) (1024K)]
  0x000001a6d8d93690 WorkerThread "G1 Conc#2"                       [id=19584, stack(0x0000007e1ea00000,0x0000007e1eb00000) (1024K)]
  0x000001a6d7e122f0 ConcurrentGCThread "G1 Refine#0"               [id=17820, stack(0x0000007e1d400000,0x0000007e1d500000) (1024K)]
  0x000001a6d7e12e60 ConcurrentGCThread "G1 Service"                [id=20280, stack(0x0000007e1d500000,0x0000007e1d600000) (1024K)]
Total: 18

Threads with active compile tasks:
C2 CompilerThread0  47786 9169       4       org.jetbrains.kotlin.fir.resolve.calls.tower.FirTowerResolveTask::processCandidatesWithGivenImplicitReceiverAsValue (1840 bytes)
C1 CompilerThread0  47786 9273       3       org.jetbrains.kotlin.fir.visitors.FirVisitor::visitNamedArgumentExpression (17 bytes)
C2 CompilerThread1  47786 9242       4       kotlin.collections.CollectionsKt___CollectionsKt::single (76 bytes)
C2 CompilerThread2  47786 9160       4       org.jetbrains.org.objectweb.asm.ClassReader::accept (1380 bytes)
Total: 4

VM state: not at safepoint (normal execution)

VM Mutex/Monitor currently owned by a thread: None

Heap address: 0x0000000704e00000, size: 4018 MB, Compressed Oops mode: Zero based, Oop shift amount: 3

CDS archive(s) not mapped
Compressed class space mapped at: 0x0000000800000000-0x0000000840000000, reserved size: 1073741824
Narrow klass base: 0x0000000800000000, Narrow klass shift: 0, Narrow klass range: 0x40000000

GC Precious Log:
 CardTable entry size: 512
 Card Set container configuration: InlinePtr #cards 4 size 8 Array Of Cards #cards 16 size 48 Howl #buckets 8 coarsen threshold 3686 Howl Bitmap #cards 512 size 80 coarsen threshold 460 Card regions per heap region 1 cards per card region 4096
 CPUs: 12 total, 12 available
 Memory: 16068M
 Large Page Support: Disabled
 NUMA Support: Disabled
 Compressed Oops: Enabled (Zero based)
 Heap Region Size: 2M
 Heap Min Capacity: 8M
 Heap Initial Capacity: 252M
 Heap Max Capacity: 4018M
 Pre-touch: Disabled
 Parallel Workers: 10
 Concurrent Workers: 3
 Concurrent Refinement Workers: 10
 Periodic GC: Disabled

Heap:
 garbage-first heap   total 245760K, used 174078K [0x0000000704e00000, 0x0000000800000000)
  region size 2048K, 30 young (61440K), 3 survivors (6144K)
 Metaspace       used 59578K, committed 59904K, reserved 1114112K
  class space    used 6472K, committed 6656K, reserved 1048576K

Heap Regions: E=young(eden), S=young(survivor), O=old, HS=humongous(starts), HC=humongous(continues), CS=collection set, F=free, TAMS=top-at-mark-start, PB=parsable bottom
|   0|0x0000000704e00000, 0x0000000705000000, 0x0000000705000000|100%|HS|  |TAMS 0x0000000704e00000| PB 0x0000000704e00000| Complete 
|   1|0x0000000705000000, 0x0000000705200000, 0x0000000705200000|100%|HC|  |TAMS 0x0000000705000000| PB 0x0000000705000000| Complete 
|   2|0x0000000705200000, 0x0000000705400000, 0x0000000705400000|100%| O|  |TAMS 0x0000000705200000| PB 0x0000000705200000| Untracked 
|   3|0x0000000705400000, 0x0000000705600000, 0x0000000705600000|100%| O|  |TAMS 0x0000000705400000| PB 0x0000000705400000| Untracked 
|   4|0x0000000705600000, 0x0000000705800000, 0x0000000705800000|100%| O|  |TAMS 0x0000000705600000| PB 0x0000000705600000| Untracked 
|   5|0x0000000705800000, 0x0000000705a00000, 0x0000000705a00000|100%| O|  |TAMS 0x0000000705800000| PB 0x0000000705800000| Untracked 
|   6|0x0000000705a00000, 0x0000000705c00000, 0x0000000705c00000|100%| O|  |TAMS 0x0000000705a00000| PB 0x0000000705a00000| Untracked 
|   7|0x0000000705c00000, 0x0000000705e00000, 0x0000000705e00000|100%| O|  |TAMS 0x0000000705c00000| PB 0x0000000705c00000| Untracked 
|   8|0x0000000705e00000, 0x0000000706000000, 0x0000000706000000|100%| O|  |TAMS 0x0000000705e00000| PB 0x0000000705e00000| Untracked 
|   9|0x0000000706000000, 0x0000000706200000, 0x0000000706200000|100%| O|  |TAMS 0x0000000706000000| PB 0x0000000706000000| Untracked 
|  10|0x0000000706200000, 0x0000000706400000, 0x0000000706400000|100%| O|  |TAMS 0x0000000706200000| PB 0x0000000706200000| Untracked 
|  11|0x0000000706400000, 0x0000000706600000, 0x0000000706600000|100%| O|  |TAMS 0x0000000706400000| PB 0x0000000706400000| Untracked 
|  12|0x0000000706600000, 0x0000000706800000, 0x0000000706800000|100%| O|  |TAMS 0x0000000706600000| PB 0x0000000706600000| Untracked 
|  13|0x0000000706800000, 0x0000000706a00000, 0x0000000706a00000|100%| O|  |TAMS 0x0000000706800000| PB 0x0000000706800000| Untracked 
|  14|0x0000000706a00000, 0x0000000706c00000, 0x0000000706c00000|100%| O|  |TAMS 0x0000000706a00000| PB 0x0000000706a00000| Untracked 
|  15|0x0000000706c00000, 0x0000000706e00000, 0x0000000706e00000|100%| O|  |TAMS 0x0000000706c00000| PB 0x0000000706c00000| Untracked 
|  16|0x0000000706e00000, 0x0000000707000000, 0x0000000707000000|100%| O|  |TAMS 0x0000000706e00000| PB 0x0000000706e00000| Untracked 
|  17|0x0000000707000000, 0x0000000707200000, 0x0000000707200000|100%| O|  |TAMS 0x0000000707000000| PB 0x0000000707000000| Untracked 
|  18|0x0000000707200000, 0x0000000707400000, 0x0000000707400000|100%| O|  |TAMS 0x0000000707200000| PB 0x0000000707200000| Untracked 
|  19|0x0000000707400000, 0x0000000707600000, 0x0000000707600000|100%| O|  |TAMS 0x0000000707400000| PB 0x0000000707400000| Untracked 
|  20|0x0000000707600000, 0x0000000707800000, 0x0000000707800000|100%| O|  |TAMS 0x0000000707600000| PB 0x0000000707600000| Untracked 
|  21|0x0000000707800000, 0x0000000707a00000, 0x0000000707a00000|100%| O|  |TAMS 0x0000000707800000| PB 0x0000000707800000| Untracked 
|  22|0x0000000707a00000, 0x0000000707c00000, 0x0000000707c00000|100%| O|  |TAMS 0x0000000707a00000| PB 0x0000000707a00000| Untracked 
|  23|0x0000000707c00000, 0x0000000707e00000, 0x0000000707e00000|100%| O|  |TAMS 0x0000000707c00000| PB 0x0000000707c00000| Untracked 
|  24|0x0000000707e00000, 0x0000000708000000, 0x0000000708000000|100%| O|  |TAMS 0x0000000707e00000| PB 0x0000000707e00000| Untracked 
|  25|0x0000000708000000, 0x0000000708200000, 0x0000000708200000|100%| O|  |TAMS 0x0000000708000000| PB 0x0000000708000000| Untracked 
|  26|0x0000000708200000, 0x0000000708200000, 0x0000000708400000|  0%| F|  |TAMS 0x0000000708200000| PB 0x0000000708200000| Untracked 
|  27|0x0000000708400000, 0x0000000708600000, 0x0000000708600000|100%| O|  |TAMS 0x0000000708400000| PB 0x0000000708400000| Untracked 
|  28|0x0000000708600000, 0x0000000708800000, 0x0000000708800000|100%| O|  |TAMS 0x0000000708600000| PB 0x0000000708600000| Untracked 
|  29|0x0000000708800000, 0x0000000708a00000, 0x0000000708a00000|100%| O|  |TAMS 0x0000000708800000| PB 0x0000000708800000| Untracked 
|  30|0x0000000708a00000, 0x0000000708c00000, 0x0000000708c00000|100%| O|  |TAMS 0x0000000708a00000| PB 0x0000000708a00000| Untracked 
|  31|0x0000000708c00000, 0x0000000708e00000, 0x0000000708e00000|100%| O|  |TAMS 0x0000000708c00000| PB 0x0000000708c00000| Untracked 
|  32|0x0000000708e00000, 0x0000000709000000, 0x0000000709000000|100%| O|  |TAMS 0x0000000708e00000| PB 0x0000000708e00000| Untracked 
|  33|0x0000000709000000, 0x0000000709200000, 0x0000000709200000|100%| O|  |TAMS 0x0000000709000000| PB 0x0000000709000000| Untracked 
|  34|0x0000000709200000, 0x0000000709400000, 0x0000000709400000|100%| O|  |TAMS 0x0000000709200000| PB 0x0000000709200000| Untracked 
|  35|0x0000000709400000, 0x0000000709600000, 0x0000000709600000|100%| O|  |TAMS 0x0000000709400000| PB 0x0000000709400000| Untracked 
|  36|0x0000000709600000, 0x0000000709800000, 0x0000000709800000|100%| O|  |TAMS 0x0000000709600000| PB 0x0000000709600000| Untracked 
|  37|0x0000000709800000, 0x0000000709a00000, 0x0000000709a00000|100%| O|  |TAMS 0x0000000709800000| PB 0x0000000709800000| Untracked 
|  38|0x0000000709a00000, 0x0000000709c00000, 0x0000000709c00000|100%| O|  |TAMS 0x0000000709a00000| PB 0x0000000709a00000| Untracked 
|  39|0x0000000709c00000, 0x0000000709e00000, 0x0000000709e00000|100%| O|  |TAMS 0x0000000709c00000| PB 0x0000000709c00000| Untracked 
|  40|0x0000000709e00000, 0x000000070a000000, 0x000000070a000000|100%| O|  |TAMS 0x0000000709e00000| PB 0x0000000709e00000| Untracked 
|  41|0x000000070a000000, 0x000000070a200000, 0x000000070a200000|100%| O|  |TAMS 0x000000070a000000| PB 0x000000070a000000| Untracked 
|  42|0x000000070a200000, 0x000000070a400000, 0x000000070a400000|100%| O|  |TAMS 0x000000070a200000| PB 0x000000070a200000| Untracked 
|  43|0x000000070a400000, 0x000000070a600000, 0x000000070a600000|100%| O|  |TAMS 0x000000070a400000| PB 0x000000070a400000| Untracked 
|  44|0x000000070a600000, 0x000000070a600000, 0x000000070a800000|  0%| F|  |TAMS 0x000000070a600000| PB 0x000000070a600000| Untracked 
|  45|0x000000070a800000, 0x000000070aa00000, 0x000000070aa00000|100%| O|  |TAMS 0x000000070a800000| PB 0x000000070a800000| Untracked 
|  46|0x000000070aa00000, 0x000000070ac00000, 0x000000070ac00000|100%| O|  |TAMS 0x000000070aa00000| PB 0x000000070aa00000| Untracked 
|  47|0x000000070ac00000, 0x000000070ae00000, 0x000000070ae00000|100%| O|  |TAMS 0x000000070ac00000| PB 0x000000070ac00000| Untracked 
|  48|0x000000070ae00000, 0x000000070b000000, 0x000000070b000000|100%| O|  |TAMS 0x000000070ae00000| PB 0x000000070ae00000| Untracked 
|  49|0x000000070b000000, 0x000000070b200000, 0x000000070b200000|100%| O|  |TAMS 0x000000070b000000| PB 0x000000070b000000| Untracked 
|  50|0x000000070b200000, 0x000000070b400000, 0x000000070b400000|100%| O|  |TAMS 0x000000070b200000| PB 0x000000070b200000| Untracked 
|  51|0x000000070b400000, 0x000000070b600000, 0x000000070b600000|100%| O|  |TAMS 0x000000070b400000| PB 0x000000070b400000| Untracked 
|  52|0x000000070b600000, 0x000000070b800000, 0x000000070b800000|100%| O|  |TAMS 0x000000070b600000| PB 0x000000070b600000| Untracked 
|  53|0x000000070b800000, 0x000000070ba00000, 0x000000070ba00000|100%| O|  |TAMS 0x000000070b800000| PB 0x000000070b800000| Untracked 
|  54|0x000000070ba00000, 0x000000070bc00000, 0x000000070bc00000|100%| O|  |TAMS 0x000000070ba00000| PB 0x000000070ba00000| Untracked 
|  55|0x000000070bc00000, 0x000000070be00000, 0x000000070be00000|100%| O|  |TAMS 0x000000070bc00000| PB 0x000000070bc00000| Untracked 
|  56|0x000000070be00000, 0x000000070bfffa10, 0x000000070c000000| 99%| O|  |TAMS 0x000000070be00000| PB 0x000000070be00000| Untracked 
|  57|0x000000070c000000, 0x000000070c000000, 0x000000070c200000|  0%| F|  |TAMS 0x000000070c000000| PB 0x000000070c000000| Untracked 
|  58|0x000000070c200000, 0x000000070c200000, 0x000000070c400000|  0%| F|  |TAMS 0x000000070c200000| PB 0x000000070c200000| Untracked 
|  59|0x000000070c400000, 0x000000070c400000, 0x000000070c600000|  0%| F|  |TAMS 0x000000070c400000| PB 0x000000070c400000| Untracked 
|  60|0x000000070c600000, 0x000000070c600000, 0x000000070c800000|  0%| F|  |TAMS 0x000000070c600000| PB 0x000000070c600000| Untracked 
|  61|0x000000070c800000, 0x000000070c800000, 0x000000070ca00000|  0%| F|  |TAMS 0x000000070c800000| PB 0x000000070c800000| Untracked 
|  62|0x000000070ca00000, 0x000000070cc00000, 0x000000070cc00000|100%| S|CS|TAMS 0x000000070ca00000| PB 0x000000070ca00000| Complete 
|  63|0x000000070cc00000, 0x000000070ce00000, 0x000000070ce00000|100%| S|CS|TAMS 0x000000070cc00000| PB 0x000000070cc00000| Complete 
|  64|0x000000070ce00000, 0x000000070d000000, 0x000000070d000000|100%| S|CS|TAMS 0x000000070ce00000| PB 0x000000070ce00000| Complete 
|  65|0x000000070d000000, 0x000000070d000000, 0x000000070d200000|  0%| F|  |TAMS 0x000000070d000000| PB 0x000000070d000000| Untracked 
|  66|0x000000070d200000, 0x000000070d200000, 0x000000070d400000|  0%| F|  |TAMS 0x000000070d200000| PB 0x000000070d200000| Untracked 
|  67|0x000000070d400000, 0x000000070d400000, 0x000000070d600000|  0%| F|  |TAMS 0x000000070d400000| PB 0x000000070d400000| Untracked 
|  68|0x000000070d600000, 0x000000070d600000, 0x000000070d800000|  0%| F|  |TAMS 0x000000070d600000| PB 0x000000070d600000| Untracked 
|  69|0x000000070d800000, 0x000000070d800000, 0x000000070da00000|  0%| F|  |TAMS 0x000000070d800000| PB 0x000000070d800000| Untracked 
|  70|0x000000070da00000, 0x000000070da00000, 0x000000070dc00000|  0%| F|  |TAMS 0x000000070da00000| PB 0x000000070da00000| Untracked 
|  71|0x000000070dc00000, 0x000000070dc00000, 0x000000070de00000|  0%| F|  |TAMS 0x000000070dc00000| PB 0x000000070dc00000| Untracked 
|  72|0x000000070de00000, 0x000000070de00000, 0x000000070e000000|  0%| F|  |TAMS 0x000000070de00000| PB 0x000000070de00000| Untracked 
|  73|0x000000070e000000, 0x000000070e000000, 0x000000070e200000|  0%| F|  |TAMS 0x000000070e000000| PB 0x000000070e000000| Untracked 
|  74|0x000000070e200000, 0x000000070e200000, 0x000000070e400000|  0%| F|  |TAMS 0x000000070e200000| PB 0x000000070e200000| Untracked 
|  75|0x000000070e400000, 0x000000070e400000, 0x000000070e600000|  0%| F|  |TAMS 0x000000070e400000| PB 0x000000070e400000| Untracked 
|  76|0x000000070e600000, 0x000000070e600000, 0x000000070e800000|  0%| F|  |TAMS 0x000000070e600000| PB 0x000000070e600000| Untracked 
|  77|0x000000070e800000, 0x000000070e800000, 0x000000070ea00000|  0%| F|  |TAMS 0x000000070e800000| PB 0x000000070e800000| Untracked 
|  78|0x000000070ea00000, 0x000000070ea00000, 0x000000070ec00000|  0%| F|  |TAMS 0x000000070ea00000| PB 0x000000070ea00000| Untracked 
|  79|0x000000070ec00000, 0x000000070ec00000, 0x000000070ee00000|  0%| F|  |TAMS 0x000000070ec00000| PB 0x000000070ec00000| Untracked 
|  80|0x000000070ee00000, 0x000000070ee00000, 0x000000070f000000|  0%| F|  |TAMS 0x000000070ee00000| PB 0x000000070ee00000| Untracked 
|  81|0x000000070f000000, 0x000000070f000000, 0x000000070f200000|  0%| F|  |TAMS 0x000000070f000000| PB 0x000000070f000000| Untracked 
|  82|0x000000070f200000, 0x000000070f200000, 0x000000070f400000|  0%| F|  |TAMS 0x000000070f200000| PB 0x000000070f200000| Untracked 
|  83|0x000000070f400000, 0x000000070f400000, 0x000000070f600000|  0%| F|  |TAMS 0x000000070f400000| PB 0x000000070f400000| Untracked 
|  84|0x000000070f600000, 0x000000070f600000, 0x000000070f800000|  0%| F|  |TAMS 0x000000070f600000| PB 0x000000070f600000| Untracked 
|  85|0x000000070f800000, 0x000000070f800000, 0x000000070fa00000|  0%| F|  |TAMS 0x000000070f800000| PB 0x000000070f800000| Untracked 
|  86|0x000000070fa00000, 0x000000070fa00000, 0x000000070fc00000|  0%| F|  |TAMS 0x000000070fa00000| PB 0x000000070fa00000| Untracked 
|  87|0x000000070fc00000, 0x000000070fc00000, 0x000000070fe00000|  0%| F|  |TAMS 0x000000070fc00000| PB 0x000000070fc00000| Untracked 
|  88|0x000000070fe00000, 0x000000070fe00000, 0x0000000710000000|  0%| F|  |TAMS 0x000000070fe00000| PB 0x000000070fe00000| Untracked 
|  89|0x0000000710000000, 0x0000000710000000, 0x0000000710200000|  0%| F|  |TAMS 0x0000000710000000| PB 0x0000000710000000| Untracked 
|  90|0x0000000710200000, 0x0000000710200000, 0x0000000710400000|  0%| F|  |TAMS 0x0000000710200000| PB 0x0000000710200000| Untracked 
|  91|0x0000000710400000, 0x00000007104d6408, 0x0000000710600000| 41%| E|  |TAMS 0x0000000710400000| PB 0x0000000710400000| Complete 
|  92|0x0000000710600000, 0x0000000710800000, 0x0000000710800000|100%| E|CS|TAMS 0x0000000710600000| PB 0x0000000710600000| Complete 
|  93|0x0000000710800000, 0x0000000710a00000, 0x0000000710a00000|100%| E|CS|TAMS 0x0000000710800000| PB 0x0000000710800000| Complete 
|  94|0x0000000710a00000, 0x0000000710c00000, 0x0000000710c00000|100%| E|CS|TAMS 0x0000000710a00000| PB 0x0000000710a00000| Complete 
|  95|0x0000000710c00000, 0x0000000710e00000, 0x0000000710e00000|100%| E|CS|TAMS 0x0000000710c00000| PB 0x0000000710c00000| Complete 
|  96|0x0000000710e00000, 0x0000000711000000, 0x0000000711000000|100%| E|CS|TAMS 0x0000000710e00000| PB 0x0000000710e00000| Complete 
|  97|0x0000000711000000, 0x0000000711200000, 0x0000000711200000|100%| E|CS|TAMS 0x0000000711000000| PB 0x0000000711000000| Complete 
|  98|0x0000000711200000, 0x0000000711400000, 0x0000000711400000|100%| E|CS|TAMS 0x0000000711200000| PB 0x0000000711200000| Complete 
|  99|0x0000000711400000, 0x0000000711600000, 0x0000000711600000|100%| E|CS|TAMS 0x0000000711400000| PB 0x0000000711400000| Complete 
| 100|0x0000000711600000, 0x0000000711800000, 0x0000000711800000|100%| E|CS|TAMS 0x0000000711600000| PB 0x0000000711600000| Complete 
| 101|0x0000000711800000, 0x0000000711a00000, 0x0000000711a00000|100%| E|CS|TAMS 0x0000000711800000| PB 0x0000000711800000| Complete 
| 102|0x0000000711a00000, 0x0000000711c00000, 0x0000000711c00000|100%| E|CS|TAMS 0x0000000711a00000| PB 0x0000000711a00000| Complete 
| 103|0x0000000711c00000, 0x0000000711e00000, 0x0000000711e00000|100%| E|CS|TAMS 0x0000000711c00000| PB 0x0000000711c00000| Complete 
| 104|0x0000000711e00000, 0x0000000712000000, 0x0000000712000000|100%| E|CS|TAMS 0x0000000711e00000| PB 0x0000000711e00000| Complete 
| 105|0x0000000712000000, 0x0000000712200000, 0x0000000712200000|100%| E|CS|TAMS 0x0000000712000000| PB 0x0000000712000000| Complete 
| 106|0x0000000712200000, 0x0000000712400000, 0x0000000712400000|100%| E|CS|TAMS 0x0000000712200000| PB 0x0000000712200000| Complete 
| 107|0x0000000712400000, 0x0000000712600000, 0x0000000712600000|100%| E|CS|TAMS 0x0000000712400000| PB 0x0000000712400000| Complete 
| 108|0x0000000712600000, 0x0000000712800000, 0x0000000712800000|100%| E|CS|TAMS 0x0000000712600000| PB 0x0000000712600000| Complete 
| 109|0x0000000712800000, 0x0000000712a00000, 0x0000000712a00000|100%| E|CS|TAMS 0x0000000712800000| PB 0x0000000712800000| Complete 
| 110|0x0000000712a00000, 0x0000000712c00000, 0x0000000712c00000|100%| E|CS|TAMS 0x0000000712a00000| PB 0x0000000712a00000| Complete 
| 111|0x0000000712c00000, 0x0000000712e00000, 0x0000000712e00000|100%| E|CS|TAMS 0x0000000712c00000| PB 0x0000000712c00000| Complete 
| 112|0x0000000712e00000, 0x0000000713000000, 0x0000000713000000|100%| E|CS|TAMS 0x0000000712e00000| PB 0x0000000712e00000| Complete 
| 113|0x0000000713000000, 0x0000000713200000, 0x0000000713200000|100%| E|CS|TAMS 0x0000000713000000| PB 0x0000000713000000| Complete 
| 114|0x0000000713200000, 0x0000000713400000, 0x0000000713400000|100%| E|CS|TAMS 0x0000000713200000| PB 0x0000000713200000| Complete 
| 115|0x0000000713400000, 0x0000000713600000, 0x0000000713600000|100%| E|CS|TAMS 0x0000000713400000| PB 0x0000000713400000| Complete 
| 116|0x0000000713600000, 0x0000000713800000, 0x0000000713800000|100%| E|CS|TAMS 0x0000000713600000| PB 0x0000000713600000| Complete 
| 117|0x0000000713800000, 0x0000000713a00000, 0x0000000713a00000|100%| E|CS|TAMS 0x0000000713800000| PB 0x0000000713800000| Complete 
| 125|0x0000000714800000, 0x0000000714a00000, 0x0000000714a00000|100%| E|CS|TAMS 0x0000000714800000| PB 0x0000000714800000| Complete 
|2008|0x00000007ffe00000, 0x0000000800000000, 0x0000000800000000|100%| O|  |TAMS 0x00000007ffe00000| PB 0x00000007ffe00000| Untracked 

Card table byte_map: [0x000001a6d0e60000,0x000001a6d1640000] _byte_map_base: 0x000001a6cd639000

Marking Bits: (CMBitMap*) 0x000001a6be05cef0
 Bits: [0x000001a6d1640000, 0x000001a6d5508000)

Polling page: 0x000001a6bbe00000

Metaspace:

Usage:
  Non-class:     51.86 MB used.
      Class:      6.32 MB used.
       Both:     58.18 MB used.

Virtual space:
  Non-class space:       64.00 MB reserved,      52.00 MB ( 81%) committed,  1 nodes.
      Class space:        1.00 GB reserved,       6.50 MB ( <1%) committed,  1 nodes.
             Both:        1.06 GB reserved,      58.50 MB (  5%) committed. 

Chunk freelists:
   Non-Class:  11.56 MB
       Class:  9.48 MB
        Both:  21.05 MB

MaxMetaspaceSize: unlimited
CompressedClassSpaceSize: 1.00 GB
Initial GC threshold: 21.00 MB
Current GC threshold: 93.06 MB
CDS: off
 - commit_granule_bytes: 65536.
 - commit_granule_words: 8192.
 - virtual_space_node_default_size: 8388608.
 - enlarge_chunks_in_place: 1.
 - use_allocation_guard: 0.


Internal statistics:

num_allocs_failed_limit: 3.
num_arena_births: 320.
num_arena_deaths: 0.
num_vsnodes_births: 2.
num_vsnodes_deaths: 0.
num_space_committed: 934.
num_space_uncommitted: 0.
num_chunks_returned_to_freelist: 3.
num_chunks_taken_from_freelist: 2149.
num_chunk_merges: 3.
num_chunk_splits: 1734.
num_chunks_enlarged: 1559.
num_inconsistent_stats: 0.

CodeHeap 'non-profiled nmethods': size=120000Kb used=5571Kb max_used=5571Kb free=114428Kb
 bounds [0x000001a6c8bf0000, 0x000001a6c9170000, 0x000001a6d0120000]
CodeHeap 'profiled nmethods': size=120000Kb used=28762Kb max_used=28762Kb free=91237Kb
 bounds [0x000001a6c1120000, 0x000001a6c2d40000, 0x000001a6c8650000]
CodeHeap 'non-nmethods': size=5760Kb used=1634Kb max_used=1677Kb free=4126Kb
 bounds [0x000001a6c8650000, 0x000001a6c88c0000, 0x000001a6c8bf0000]
 total_blobs=9020 nmethods=8339 adapters=583
 compilation: enabled
              stopped_count=0, restarted_count=0
 full_count=0

Compilation events (20 events):
Event: 42.695 Thread 0x000001a6d836ad90 nmethod 9214 0x000001a6c915bc10 code [0x000001a6c915bda0, 0x000001a6c915be70]
Event: 42.700 Thread 0x000001a6e0f93760 nmethod 9173 0x000001a6c915bf10 code [0x000001a6c915c180, 0x000001a6c915cbc0]
Event: 42.700 Thread 0x000001a6e0f93760 9212   !   4       java.lang.invoke.MemberName::getMethodType (211 bytes)
Event: 42.701 Thread 0x000001a6d836ad90 9218       3       kotlin.sequences.SequencesKt___SequencesKt::filter (26 bytes)
Event: 42.702 Thread 0x000001a6d836ad90 nmethod 9218 0x000001a6c2cfea90 code [0x000001a6c2cfee20, 0x000001a6c2d002d8]
Event: 42.704 Thread 0x000001a6e0f93760 nmethod 9212 0x000001a6c915d190 code [0x000001a6c915d3a0, 0x000001a6c915da90]
Event: 42.704 Thread 0x000001a6e0f93760 9219       4       org.jetbrains.kotlin.kotlinx.collections.immutable.implementations.immutableList.SmallPersistentVector::get (15 bytes)
Event: 42.705 Thread 0x000001a6e0f93760 nmethod 9219 0x000001a6c915de10 code [0x000001a6c915dfa0, 0x000001a6c915e080]
Event: 42.705 Thread 0x000001a6e0f93760 9217       4       org.jetbrains.kotlin.name.FqNameUnsafe::child (65 bytes)
Event: 42.707 Thread 0x000001a6d836ad90 9221       2       kotlin.collections.CollectionsKt___CollectionsKt::toList (103 bytes)
Event: 42.708 Thread 0x000001a6d836ad90 nmethod 9221 0x000001a6c2d00a10 code [0x000001a6c2d00ce0, 0x000001a6c2d01618]
Event: 42.708 Thread 0x000001a6d836ad90 9222       3       org.jetbrains.kotlin.fir.resolve.dfa.cfg.ControlFlowGraphBuilder::exitResolvedQualifierNode (31 bytes)
Event: 42.709 Thread 0x000001a6d836ad90 nmethod 9222 0x000001a6c2d01a90 code [0x000001a6c2d01ce0, 0x000001a6c2d023b0]
Event: 42.709 Thread 0x000001a6e0f93760 nmethod 9217 0x000001a6c915e190 code [0x000001a6c915e360, 0x000001a6c915ebb8]
Event: 42.709 Thread 0x000001a6e0f93760 9220       4       java.util.Collections$SingletonSet::iterator (8 bytes)
Event: 42.709 Thread 0x000001a6e0f93760 nmethod 9220 0x000001a6c915ee10 code [0x000001a6c915efa0, 0x000001a6c915f098]
Event: 42.711 Thread 0x000001a6d836ad90 9223       1       org.jetbrains.kotlin.load.java.JavaNullabilityAnnotationsStatus::getSinceVersion (5 bytes)
Event: 42.711 Thread 0x000001a6d836ad90 nmethod 9223 0x000001a6c915f190 code [0x000001a6c915f320, 0x000001a6c915f3f0]
Event: 42.711 Thread 0x000001a6d836ad90 9224       3       org.jetbrains.kotlin.fir.types.ConeAttributes::add (183 bytes)
Event: 42.712 Thread 0x000001a6e0f93760 9227       4       org.jetbrains.kotlin.utils.CollectionsKt::addIfNotNull (19 bytes)

GC Heap History (20 events):
Event: 21.946 GC heap before
{Heap before GC invocations=14 (full 0):
 garbage-first heap   total 116736K, used 90465K [0x0000000704e00000, 0x0000000800000000)
  region size 2048K, 16 young (32768K), 2 survivors (4096K)
 Metaspace       used 51032K, committed 51328K, reserved 1114112K
  class space    used 5706K, committed 5824K, reserved 1048576K
}
Event: 21.980 GC heap after
{Heap after GC invocations=15 (full 0):
 garbage-first heap   total 116736K, used 69632K [0x0000000704e00000, 0x0000000800000000)
  region size 2048K, 2 young (4096K), 2 survivors (4096K)
 Metaspace       used 51032K, committed 51328K, reserved 1114112K
  class space    used 5706K, committed 5824K, reserved 1048576K
}
Event: 22.443 GC heap before
{Heap before GC invocations=15 (full 0):
 garbage-first heap   total 116736K, used 96256K [0x0000000704e00000, 0x0000000800000000)
  region size 2048K, 15 young (30720K), 2 survivors (4096K)
 Metaspace       used 51032K, committed 51328K, reserved 1114112K
  class space    used 5706K, committed 5824K, reserved 1048576K
}
Event: 22.459 GC heap after
{Heap after GC invocations=16 (full 0):
 garbage-first heap   total 116736K, used 75776K [0x0000000704e00000, 0x0000000800000000)
  region size 2048K, 2 young (4096K), 2 survivors (4096K)
 Metaspace       used 51032K, committed 51328K, reserved 1114112K
  class space    used 5706K, committed 5824K, reserved 1048576K
}
Event: 22.757 GC heap before
{Heap before GC invocations=17 (full 0):
 garbage-first heap   total 126976K, used 98304K [0x0000000704e00000, 0x0000000800000000)
  region size 2048K, 13 young (26624K), 2 survivors (4096K)
 Metaspace       used 51032K, committed 51328K, reserved 1114112K
  class space    used 5706K, committed 5824K, reserved 1048576K
}
Event: 22.768 GC heap after
{Heap after GC invocations=18 (full 0):
 garbage-first heap   total 126976K, used 81122K [0x0000000704e00000, 0x0000000800000000)
  region size 2048K, 2 young (4096K), 2 survivors (4096K)
 Metaspace       used 51032K, committed 51328K, reserved 1114112K
  class space    used 5706K, committed 5824K, reserved 1048576K
}
Event: 23.660 GC heap before
{Heap before GC invocations=18 (full 0):
 garbage-first heap   total 126976K, used 107746K [0x0000000704e00000, 0x0000000800000000)
  region size 2048K, 15 young (30720K), 2 survivors (4096K)
 Metaspace       used 51032K, committed 51328K, reserved 1114112K
  class space    used 5706K, committed 5824K, reserved 1048576K
}
Event: 23.673 GC heap after
{Heap after GC invocations=19 (full 0):
 garbage-first heap   total 126976K, used 87563K [0x0000000704e00000, 0x0000000800000000)
  region size 2048K, 2 young (4096K), 2 survivors (4096K)
 Metaspace       used 51032K, committed 51328K, reserved 1114112K
  class space    used 5706K, committed 5824K, reserved 1048576K
}
Event: 23.806 GC heap before
{Heap before GC invocations=19 (full 0):
 garbage-first heap   total 126976K, used 110091K [0x0000000704e00000, 0x0000000800000000)
  region size 2048K, 13 young (26624K), 2 survivors (4096K)
 Metaspace       used 51032K, committed 51328K, reserved 1114112K
  class space    used 5706K, committed 5824K, reserved 1048576K
}
Event: 23.817 GC heap after
{Heap after GC invocations=20 (full 0):
 garbage-first heap   total 126976K, used 92841K [0x0000000704e00000, 0x0000000800000000)
  region size 2048K, 2 young (4096K), 2 survivors (4096K)
 Metaspace       used 51032K, committed 51328K, reserved 1114112K
  class space    used 5706K, committed 5824K, reserved 1048576K
}
Event: 24.360 GC heap before
{Heap before GC invocations=21 (full 0):
 garbage-first heap   total 157696K, used 111273K [0x0000000704e00000, 0x0000000800000000)
  region size 2048K, 11 young (22528K), 2 survivors (4096K)
 Metaspace       used 51045K, committed 51328K, reserved 1114112K
  class space    used 5706K, committed 5824K, reserved 1048576K
}
Event: 24.375 GC heap after
{Heap after GC invocations=22 (full 0):
 garbage-first heap   total 157696K, used 97687K [0x0000000704e00000, 0x0000000800000000)
  region size 2048K, 2 young (4096K), 2 survivors (4096K)
 Metaspace       used 51045K, committed 51328K, reserved 1114112K
  class space    used 5706K, committed 5824K, reserved 1048576K
}
Event: 26.602 GC heap before
{Heap before GC invocations=22 (full 0):
 garbage-first heap   total 157696K, used 134551K [0x0000000704e00000, 0x0000000800000000)
  region size 2048K, 20 young (40960K), 2 survivors (4096K)
 Metaspace       used 55329K, committed 55680K, reserved 1114112K
  class space    used 6207K, committed 6336K, reserved 1048576K
}
Event: 26.623 GC heap after
{Heap after GC invocations=23 (full 0):
 garbage-first heap   total 157696K, used 103302K [0x0000000704e00000, 0x0000000800000000)
  region size 2048K, 3 young (6144K), 3 survivors (6144K)
 Metaspace       used 55329K, committed 55680K, reserved 1114112K
  class space    used 6207K, committed 6336K, reserved 1048576K
}
Event: 28.403 GC heap before
{Heap before GC invocations=23 (full 0):
 garbage-first heap   total 157696K, used 136070K [0x0000000704e00000, 0x0000000800000000)
  region size 2048K, 19 young (38912K), 3 survivors (6144K)
 Metaspace       used 56843K, committed 57152K, reserved 1114112K
  class space    used 6316K, committed 6464K, reserved 1048576K
}
Event: 28.431 GC heap after
{Heap after GC invocations=24 (full 0):
 garbage-first heap   total 157696K, used 109836K [0x0000000704e00000, 0x0000000800000000)
  region size 2048K, 3 young (6144K), 3 survivors (6144K)
 Metaspace       used 56843K, committed 57152K, reserved 1114112K
  class space    used 6316K, committed 6464K, reserved 1048576K
}
Event: 29.738 GC heap before
{Heap before GC invocations=25 (full 0):
 garbage-first heap   total 184320K, used 138508K [0x0000000704e00000, 0x0000000800000000)
  region size 2048K, 17 young (34816K), 3 survivors (6144K)
 Metaspace       used 57744K, committed 58048K, reserved 1114112K
  class space    used 6388K, committed 6528K, reserved 1048576K
}
Event: 29.757 GC heap after
{Heap after GC invocations=26 (full 0):
 garbage-first heap   total 184320K, used 115811K [0x0000000704e00000, 0x0000000800000000)
  region size 2048K, 3 young (6144K), 3 survivors (6144K)
 Metaspace       used 57744K, committed 58048K, reserved 1114112K
  class space    used 6388K, committed 6528K, reserved 1048576K
}
Event: 32.937 GC heap before
{Heap before GC invocations=26 (full 0):
 garbage-first heap   total 184320K, used 158819K [0x0000000704e00000, 0x0000000800000000)
  region size 2048K, 24 young (49152K), 3 survivors (6144K)
 Metaspace       used 58648K, committed 59008K, reserved 1114112K
  class space    used 6415K, committed 6592K, reserved 1048576K
}
Event: 32.967 GC heap after
{Heap after GC invocations=27 (full 0):
 garbage-first heap   total 245760K, used 120830K [0x0000000704e00000, 0x0000000800000000)
  region size 2048K, 3 young (6144K), 3 survivors (6144K)
 Metaspace       used 58648K, committed 59008K, reserved 1114112K
  class space    used 6415K, committed 6592K, reserved 1048576K
}

Dll operation events (3 events):
Event: 0.054 Loaded shared library C:\Program Files\Android\Android Studio\jbr\bin\java.dll
Event: 0.080 Loaded shared library C:\Program Files\Android\Android Studio\jbr\bin\zip.dll
Event: 4.472 Loaded shared library C:\Program Files\Android\Android Studio\jbr\bin\verify.dll

Deoptimization events (20 events):
Event: 39.340 Thread 0x000001a6bdff3820 Uncommon trap: trap_request=0xffffffde fr.pc=0x000001a6c9080e34 relative=0x00000000000038b4
Event: 39.340 Thread 0x000001a6bdff3820 Uncommon trap: reason=class_check action=maybe_recompile pc=0x000001a6c9080e34 method=org.jetbrains.kotlin.metadata.jvm.deserialization.JvmNameResolverBase.isLocalClassName(I)Z @ 8 c2
Event: 39.340 Thread 0x000001a6bdff3820 DEOPT PACKING pc=0x000001a6c9080e34 sp=0x0000007e1d0f5910
Event: 39.340 Thread 0x000001a6bdff3820 DEOPT UNPACKING pc=0x000001a6c86a46a2 sp=0x0000007e1d0f5810 mode 2
Event: 39.632 Thread 0x000001a6bdff3820 Uncommon trap: trap_request=0xffffffc6 fr.pc=0x000001a6c90e8648 relative=0x0000000000000708
Event: 39.632 Thread 0x000001a6bdff3820 Uncommon trap: reason=bimorphic_or_optimized_type_check action=maybe_recompile pc=0x000001a6c90e8648 method=kotlin.collections.CollectionsKt___CollectionsKt.toList(Ljava/lang/Iterable;)Ljava/util/List; @ 76 c2
Event: 39.632 Thread 0x000001a6bdff3820 DEOPT PACKING pc=0x000001a6c90e8648 sp=0x0000007e1d0fc6e0
Event: 39.632 Thread 0x000001a6bdff3820 DEOPT UNPACKING pc=0x000001a6c86a46a2 sp=0x0000007e1d0fc6b0 mode 2
Event: 39.632 Thread 0x000001a6bdff3820 Uncommon trap: trap_request=0xffffffc6 fr.pc=0x000001a6c90e8648 relative=0x0000000000000708
Event: 39.632 Thread 0x000001a6bdff3820 Uncommon trap: reason=bimorphic_or_optimized_type_check action=maybe_recompile pc=0x000001a6c90e8648 method=kotlin.collections.CollectionsKt___CollectionsKt.toList(Ljava/lang/Iterable;)Ljava/util/List; @ 76 c2
Event: 39.632 Thread 0x000001a6bdff3820 DEOPT PACKING pc=0x000001a6c90e8648 sp=0x0000007e1d0fc6e0
Event: 39.632 Thread 0x000001a6bdff3820 DEOPT UNPACKING pc=0x000001a6c86a46a2 sp=0x0000007e1d0fc6b0 mode 2
Event: 42.684 Thread 0x000001a6bdff3820 Uncommon trap: trap_request=0xffffff45 fr.pc=0x000001a6c912f864 relative=0x0000000000000a24
Event: 42.684 Thread 0x000001a6bdff3820 Uncommon trap: reason=unstable_if action=reinterpret pc=0x000001a6c912f864 method=org.jetbrains.kotlin.fir.resolve.LookupTagUtilsKt.toSymbol(Lorg/jetbrains/kotlin/fir/symbols/ConeClassLikeLookupTag;Lorg/jetbrains/kotlin/fir/FirSession;)Lorg/jetbrains/kotl
Event: 42.684 Thread 0x000001a6bdff3820 DEOPT PACKING pc=0x000001a6c912f864 sp=0x0000007e1d0fa4a0
Event: 42.684 Thread 0x000001a6bdff3820 DEOPT UNPACKING pc=0x000001a6c86a46a2 sp=0x0000007e1d0fa3d0 mode 2
Event: 42.684 Thread 0x000001a6bdff3820 Uncommon trap: trap_request=0xffffff45 fr.pc=0x000001a6c8fab0b4 relative=0x0000000000000774
Event: 42.684 Thread 0x000001a6bdff3820 Uncommon trap: reason=unstable_if action=reinterpret pc=0x000001a6c8fab0b4 method=org.jetbrains.kotlin.fir.resolve.LookupTagUtilsKt.toSymbol(Lorg/jetbrains/kotlin/fir/symbols/ConeClassLikeLookupTag;Lorg/jetbrains/kotlin/fir/FirSession;)Lorg/jetbrains/kotl
Event: 42.684 Thread 0x000001a6bdff3820 DEOPT PACKING pc=0x000001a6c8fab0b4 sp=0x0000007e1d0fa550
Event: 42.684 Thread 0x000001a6bdff3820 DEOPT UNPACKING pc=0x000001a6c86a46a2 sp=0x0000007e1d0fa4f0 mode 2

Classes loaded (20 events):
Event: 12.866 Loading class java/text/StringCharacterIterator
Event: 12.866 Loading class java/text/CharacterIterator
Event: 12.867 Loading class java/text/CharacterIterator done
Event: 12.867 Loading class java/text/StringCharacterIterator done
Event: 13.634 Loading class java/util/ArrayList$SubList$1
Event: 13.635 Loading class java/util/ArrayList$SubList$1 done
Event: 13.915 Loading class java/util/AbstractList$ListItr
Event: 13.916 Loading class java/util/AbstractList$ListItr done
Event: 24.880 Loading class java/util/AbstractMap$SimpleImmutableEntry
Event: 24.880 Loading class java/util/AbstractMap$SimpleImmutableEntry done
Event: 25.178 Loading class java/security/CodeSigner
Event: 25.178 Loading class java/security/CodeSigner done
Event: 25.569 Loading class java/util/AbstractList$RandomAccessSubList
Event: 25.570 Loading class java/util/AbstractList$SubList
Event: 25.570 Loading class java/util/AbstractList$SubList done
Event: 25.570 Loading class java/util/AbstractList$RandomAccessSubList done
Event: 26.159 Loading class java/util/AbstractList$SubList$1
Event: 26.159 Loading class java/util/AbstractList$SubList$1 done
Event: 30.856 Loading class java/lang/Byte$ByteCache
Event: 30.856 Loading class java/lang/Byte$ByteCache done

Classes unloaded (0 events):
No events

Classes redefined (0 events):
No events

Internal exceptions (20 events):
Event: 12.540 Thread 0x000001a6bdff3820 Implicit null exception at 0x000001a6c8c929be to 0x000001a6c8c92c94
Event: 25.124 Thread 0x000001a6bdff3820 Exception <a 'java/lang/NoSuchMethodError'{0x000000070da0b498}: 'java.lang.Object java.lang.invoke.DirectMethodHandle$Holder.newInvokeSpecial(java.lang.Object, java.lang.Object, java.lang.Object, java.lang.Object, int, java.lang.Object, java.lang.Object)'> (0x000000070da0b498) 
thrown [s\src\hotspot\share\interpreter\linkResolver.cpp, line 784]
Event: 25.125 Thread 0x000001a6bdff3820 Exception <a 'java/lang/NoSuchMethodError'{0x000000070da133c8}: 'java.lang.Object java.lang.invoke.Invokers$Holder.linkToTargetMethod(java.lang.Object, java.lang.Object, java.lang.Object, int, java.lang.Object, java.lang.Object, java.lang.Object)'> (0x000000070da133c8) 
thrown [s\src\hotspot\share\interpreter\linkResolver.cpp, line 784]
Event: 25.489 Thread 0x000001a6bdff3820 Exception <a 'java/lang/NoSuchMethodError'{0x000000070d3bbc80}: 'java.lang.Object java.lang.invoke.DirectMethodHandle$Holder.invokeSpecial(java.lang.Object, java.lang.Object, int, java.lang.Object, java.lang.Object)'> (0x000000070d3bbc80) 
thrown [s\src\hotspot\share\interpreter\linkResolver.cpp, line 784]
Event: 25.634 Thread 0x000001a6bdff3820 Exception <a 'java/lang/NoSuchMethodError'{0x000000070ce39c78}: 'java.lang.Object java.lang.invoke.DirectMethodHandle$Holder.newInvokeSpecial(java.lang.Object, java.lang.Object, java.lang.Object, java.lang.Object, int)'> (0x000000070ce39c78) 
thrown [s\src\hotspot\share\interpreter\linkResolver.cpp, line 784]
Event: 25.636 Thread 0x000001a6bdff3820 Exception <a 'java/lang/NoSuchMethodError'{0x000000070ce3e0c0}: 'java.lang.Object java.lang.invoke.DirectMethodHandle$Holder.invokeSpecial(java.lang.Object, java.lang.Object, java.lang.Object, java.lang.Object, java.lang.Object, int)'> (0x000000070ce3e0c0) 
thrown [s\src\hotspot\share\interpreter\linkResolver.cpp, line 784]
Event: 25.637 Thread 0x000001a6bdff3820 Exception <a 'java/lang/NoSuchMethodError'{0x000000070ce41e00}: 'java.lang.Object java.lang.invoke.Invokers$Holder.linkToTargetMethod(java.lang.Object, java.lang.Object, java.lang.Object, int, java.lang.Object)'> (0x000000070ce41e00) 
thrown [s\src\hotspot\share\interpreter\linkResolver.cpp, line 784]
Event: 25.714 Thread 0x000001a6bdff3820 Exception <a 'java/lang/NoSuchMethodError'{0x000000070cc2cfd0}: 'java.lang.Object java.lang.invoke.DirectMethodHandle$Holder.newInvokeSpecial(java.lang.Object, int, java.lang.Object)'> (0x000000070cc2cfd0) 
thrown [s\src\hotspot\share\interpreter\linkResolver.cpp, line 784]
Event: 25.768 Thread 0x000001a6bdff3820 Exception <a 'java/lang/NoSuchMethodError'{0x000000070cd0c1e0}: 'java.lang.Object java.lang.invoke.DirectMethodHandle$Holder.newInvokeSpecial(java.lang.Object, java.lang.Object, java.lang.Object, int)'> (0x000000070cd0c1e0) 
thrown [s\src\hotspot\share\interpreter\linkResolver.cpp, line 784]
Event: 25.769 Thread 0x000001a6bdff3820 Exception <a 'java/lang/NoSuchMethodError'{0x000000070cd10060}: 'java.lang.Object java.lang.invoke.DirectMethodHandle$Holder.invokeSpecial(java.lang.Object, java.lang.Object, java.lang.Object, java.lang.Object, int)'> (0x000000070cd10060) 
thrown [s\src\hotspot\share\interpreter\linkResolver.cpp, line 784]
Event: 25.770 Thread 0x000001a6bdff3820 Exception <a 'java/lang/NoSuchMethodError'{0x000000070cd137b8}: 'java.lang.Object java.lang.invoke.Invokers$Holder.linkToTargetMethod(java.lang.Object, java.lang.Object, int, java.lang.Object)'> (0x000000070cd137b8) 
thrown [s\src\hotspot\share\interpreter\linkResolver.cpp, line 784]
Event: 26.790 Thread 0x000001a6bdff3820 Exception <a 'java/lang/NoSuchMethodError'{0x000000070e2e39c0}: 'java.lang.Object java.lang.invoke.DirectMethodHandle$Holder.newInvokeSpecial(java.lang.Object, java.lang.Object, java.lang.Object, java.lang.Object, java.lang.Object, int)'> (0x000000070e2e39c0) 
thrown [s\src\hotspot\share\interpreter\linkResolver.cpp, line 784]
Event: 26.791 Thread 0x000001a6bdff3820 Exception <a 'java/lang/NoSuchMethodError'{0x000000070e2e8708}: 'java.lang.Object java.lang.invoke.DirectMethodHandle$Holder.invokeSpecial(java.lang.Object, java.lang.Object, java.lang.Object, java.lang.Object, java.lang.Object, java.lang.Object, int)'> (0x000000070e2e8708) 
thrown [s\src\hotspot\share\interpreter\linkResolver.cpp, line 784]
Event: 26.792 Thread 0x000001a6bdff3820 Exception <a 'java/lang/NoSuchMethodError'{0x000000070e2ecd50}: 'java.lang.Object java.lang.invoke.Invokers$Holder.linkToTargetMethod(java.lang.Object, java.lang.Object, java.lang.Object, java.lang.Object, int, java.lang.Object)'> (0x000000070e2ecd50) 
thrown [s\src\hotspot\share\interpreter\linkResolver.cpp, line 784]
Event: 26.816 Thread 0x000001a6bdff3820 Exception <a 'java/lang/NoSuchMethodError'{0x000000070e32b6f8}: 'java.lang.Object java.lang.invoke.DirectMethodHandle$Holder.invokeStatic(java.lang.Object, java.lang.Object, java.lang.Object, int, java.lang.Object, java.lang.Object)'> (0x000000070e32b6f8) 
thrown [s\src\hotspot\share\interpreter\linkResolver.cpp, line 784]
Event: 28.361 Thread 0x000001a6bdff3820 Exception <a 'java/lang/NoSuchMethodError'{0x000000070c6e0de8}: 'java.lang.Object java.lang.invoke.DirectMethodHandle$Holder.newInvokeSpecial(java.lang.Object, java.lang.Object, java.lang.Object, java.lang.Object, java.lang.Object, java.lang.Object, java.lang.Object, java.lang.Object, java.lang.Object)'> (0x000000070c6e0de8) 
thrown [s\src\hotspot\share\interpreter\linkResolver.cpp, line 784]
Event: 28.374 Thread 0x000001a6bdff3820 Exception <a 'java/lang/NoSuchMethodError'{0x000000070c719ad8}: 'java.lang.Object java.lang.invoke.DirectMethodHandle$Holder.invokeStatic(java.lang.Object, int, java.lang.Object, java.lang.Object)'> (0x000000070c719ad8) 
thrown [s\src\hotspot\share\interpreter\linkResolver.cpp, line 784]
Event: 29.386 Thread 0x000001a6bdff3820 Exception <a 'java/lang/NoSuchMethodError'{0x000000070eecacf0}: 'java.lang.Object java.lang.invoke.DirectMethodHandle$Holder.newInvokeSpecial(java.lang.Object, int, java.lang.Object, java.lang.Object, java.lang.Object)'> (0x000000070eecacf0) 
thrown [s\src\hotspot\share\interpreter\linkResolver.cpp, line 784]
Event: 29.388 Thread 0x000001a6bdff3820 Exception <a 'java/lang/NoSuchMethodError'{0x000000070eed2970}: 'java.lang.Object java.lang.invoke.Invokers$Holder.linkToTargetMethod(int, java.lang.Object, java.lang.Object, java.lang.Object, java.lang.Object)'> (0x000000070eed2970) 
thrown [s\src\hotspot\share\interpreter\linkResolver.cpp, line 784]
Event: 29.730 Thread 0x000001a6bdff3820 Exception <a 'java/lang/NoSuchMethodError'{0x000000070e7df3e8}: 'java.lang.Object java.lang.invoke.DirectMethodHandle$Holder.invokeStatic(java.lang.Object, int, java.lang.Object)'> (0x000000070e7df3e8) 
thrown [s\src\hotspot\share\interpreter\linkResolver.cpp, line 784]

ZGC Phase Switch (0 events):
No events

VM Operations (20 events):
Event: 34.772 Executing VM operation: Cleanup
Event: 34.805 Executing VM operation: Cleanup done
Event: 35.815 Executing VM operation: Cleanup
Event: 35.815 Executing VM operation: Cleanup done
Event: 36.823 Executing VM operation: Cleanup
Event: 36.823 Executing VM operation: Cleanup done
Event: 36.865 Executing VM operation: HandshakeAllThreads (Deoptimize)
Event: 36.865 Executing VM operation: HandshakeAllThreads (Deoptimize) done
Event: 37.203 Executing VM operation: HandshakeAllThreads (Deoptimize)
Event: 37.203 Executing VM operation: HandshakeAllThreads (Deoptimize) done
Event: 38.214 Executing VM operation: Cleanup
Event: 38.246 Executing VM operation: Cleanup done
Event: 39.255 Executing VM operation: Cleanup
Event: 39.333 Executing VM operation: Cleanup done
Event: 39.647 Executing VM operation: HandshakeAllThreads (Deoptimize)
Event: 39.648 Executing VM operation: HandshakeAllThreads (Deoptimize) done
Event: 40.650 Executing VM operation: Cleanup
Event: 40.650 Executing VM operation: Cleanup done
Event: 43.694 Executing VM operation: Cleanup
Event: 43.741 Executing VM operation: Cleanup done

Memory protections (0 events):
No events

Nmethod flushes (20 events):
Event: 28.530 Thread 0x000001a6d8322090 flushing  nmethod 0x000001a6c1c1b190
Event: 28.530 Thread 0x000001a6d8322090 flushing  nmethod 0x000001a6c1159990
Event: 28.530 Thread 0x000001a6d8322090 flushing  nmethod 0x000001a6c1246190
Event: 28.530 Thread 0x000001a6d8322090 flushing  nmethod 0x000001a6c13f0890
Event: 28.530 Thread 0x000001a6d8322090 flushing  nmethod 0x000001a6c18c3e90
Event: 28.530 Thread 0x000001a6d8322090 flushing  nmethod 0x000001a6c1968190
Event: 28.530 Thread 0x000001a6d8322090 flushing  nmethod 0x000001a6c1968b90
Event: 28.530 Thread 0x000001a6d8322090 flushing  nmethod 0x000001a6c1afdf10
Event: 28.530 Thread 0x000001a6d8322090 flushing  nmethod 0x000001a6c1b0bd90
Event: 28.530 Thread 0x000001a6d8322090 flushing  nmethod 0x000001a6c1b8dc90
Event: 28.530 Thread 0x000001a6d8322090 flushing  nmethod 0x000001a6c13db010
Event: 28.530 Thread 0x000001a6d8322090 flushing  nmethod 0x000001a6c13dc410
Event: 28.530 Thread 0x000001a6d8322090 flushing  nmethod 0x000001a6c1861b90
Event: 28.530 Thread 0x000001a6d8322090 flushing  nmethod 0x000001a6c18c9590
Event: 28.530 Thread 0x000001a6d8322090 flushing  nmethod 0x000001a6c199cc90
Event: 28.530 Thread 0x000001a6d8322090 flushing  nmethod 0x000001a6c199f410
Event: 28.530 Thread 0x000001a6d8322090 flushing  nmethod 0x000001a6c1a5f210
Event: 28.530 Thread 0x000001a6d8322090 flushing  nmethod 0x000001a6c1b36010
Event: 28.530 Thread 0x000001a6d8322090 flushing  nmethod 0x000001a6c1bebd90
Event: 28.530 Thread 0x000001a6d8322090 flushing  nmethod 0x000001a6c1cabc10

Events (20 events):
Event: 17.905 Thread 0x000001a6d836ad90 Thread added: 0x000001a6dd7515d0
Event: 18.260 Thread 0x000001a6dd7515d0 Thread exited: 0x000001a6dd7515d0
Event: 19.410 Thread 0x000001a6d836ad90 Thread added: 0x000001a6de2cae00
Event: 20.228 Thread 0x000001a6de2cae00 Thread added: 0x000001a6dd903ab0
Event: 21.989 Thread 0x000001a6dd903ab0 Thread exited: 0x000001a6dd903ab0
Event: 23.176 Thread 0x000001a6de2cae00 Thread added: 0x000001a6dd903ab0
Event: 24.498 Thread 0x000001a6dd903ab0 Thread exited: 0x000001a6dd903ab0
Event: 24.500 Thread 0x000001a6de2cae00 Thread exited: 0x000001a6de2cae00
Event: 25.854 Thread 0x000001a6d836ad90 Thread added: 0x000001a6dd982930
Event: 26.428 Thread 0x000001a6dd982930 Thread exited: 0x000001a6dd982930
Event: 26.536 Thread 0x000001a6d83680b0 Thread added: 0x000001a6d880d340
Event: 28.496 Thread 0x000001a6d880d340 Thread exited: 0x000001a6d880d340
Event: 29.918 Thread 0x000001a6d836ad90 Thread added: 0x000001a6dff74570
Event: 30.790 Thread 0x000001a6dff74570 Thread exited: 0x000001a6dff74570
Event: 31.056 Thread 0x000001a6d836ad90 Thread added: 0x000001a6e0f93760
Event: 33.638 Thread 0x000001a6e0f93760 Thread exited: 0x000001a6e0f93760
Event: 35.271 Thread 0x000001a6d836ad90 Thread added: 0x000001a6e0f91c20
Event: 35.802 Thread 0x000001a6e0f91c20 Thread exited: 0x000001a6e0f91c20
Event: 37.198 Thread 0x000001a6d836ad90 Thread added: 0x000001a6e0f93760
Event: 39.499 Thread 0x000001a6d836ad90 Thread added: 0x000001a6e0f91c20


Dynamic libraries:
0x00007ff667770000 - 0x00007ff66777a000 	C:\Program Files\Android\Android Studio\jbr\bin\java.exe
0x00007fff2c400000 - 0x00007fff2c667000 	C:\Windows\SYSTEM32\ntdll.dll
0x00007fff2b710000 - 0x00007fff2b7d9000 	C:\Windows\System32\KERNEL32.DLL
0x00007fff28e30000 - 0x00007fff29227000 	C:\Windows\System32\KERNELBASE.dll
0x00007fff29460000 - 0x00007fff295ab000 	C:\Windows\System32\ucrtbase.dll
0x00007ffedc940000 - 0x00007ffedc958000 	C:\Program Files\Android\Android Studio\jbr\bin\jli.dll
0x00007fff2c170000 - 0x00007fff2c336000 	C:\Windows\System32\USER32.dll
0x00007fff29670000 - 0x00007fff29697000 	C:\Windows\System32\win32u.dll
0x00007fff2b6e0000 - 0x00007fff2b70b000 	C:\Windows\System32\GDI32.dll
0x00007fff29750000 - 0x00007fff2987c000 	C:\Windows\System32\gdi32full.dll
0x00007fff29230000 - 0x00007fff292d3000 	C:\Windows\System32\msvcp_win.dll
0x00007ffe81fb0000 - 0x00007ffe81fcb000 	C:\Program Files\Android\Android Studio\jbr\bin\VCRUNTIME140.dll
0x00007fff0ee10000 - 0x00007fff0f0a2000 	C:\Windows\WinSxS\amd64_microsoft.windows.common-controls_6595b64144ccf1df_6.0.26100.8457_none_3e0b2faee331e92d\COMCTL32.dll
0x00007fff2b630000 - 0x00007fff2b6d9000 	C:\Windows\System32\msvcrt.dll
0x00007fff2a460000 - 0x00007fff2a492000 	C:\Windows\System32\IMM32.DLL
0x00000000542c0000 - 0x00000000542cd000 	C:\Program Files (x86)\360\Total Security\safemon\SafeWrapper.dll
0x00007fff2b560000 - 0x00007fff2b616000 	C:\Windows\System32\ADVAPI32.dll
0x00007fff2a4a0000 - 0x00007fff2a547000 	C:\Windows\System32\sechost.dll
0x00007fff2b9d0000 - 0x00007fff2bae8000 	C:\Windows\System32\RPCRT4.dll
0x00007fff24060000 - 0x00007fff24165000 	C:\Program Files (x86)\360\Total Security\safemon\libzdtp64.dll
0x00007fff2a670000 - 0x00007fff2adde000 	C:\Windows\System32\SHELL32.dll
0x00007fff2af90000 - 0x00007fff2aff6000 	C:\Windows\System32\SHLWAPI.dll
0x00007fff29880000 - 0x00007fff2a0ec000 	C:\Windows\System32\Windows.Storage.dll
0x00007fff2b080000 - 0x00007fff2b403000 	C:\Windows\System32\combase.dll
0x00007fff28910000 - 0x00007fff2891b000 	C:\Windows\SYSTEM32\VERSION.dll
0x00007ffe70b00000 - 0x00007ffe70b0c000 	C:\Program Files\Android\Android Studio\jbr\bin\vcruntime140_1.dll
0x00007ffe8d0f0000 - 0x00007ffe8d17d000 	C:\Program Files\Android\Android Studio\jbr\bin\msvcp140.dll
0x00007ffe70b10000 - 0x00007ffe7179b000 	C:\Program Files\Android\Android Studio\jbr\bin\server\jvm.dll
0x00007fff2a560000 - 0x00007fff2a5e0000 	C:\Windows\System32\WS2_32.dll
0x00007fff28c90000 - 0x00007fff28cee000 	C:\Windows\SYSTEM32\POWRPROF.dll
0x00007fff239f0000 - 0x00007fff23a26000 	C:\Windows\SYSTEM32\WINMM.dll
0x00007fff28c70000 - 0x00007fff28c84000 	C:\Windows\SYSTEM32\UMPDC.dll
0x00007fff27b50000 - 0x00007fff27b6b000 	C:\Windows\SYSTEM32\kernel.appcore.dll
0x00007ffe70af0000 - 0x00007ffe70afa000 	C:\Program Files\Android\Android Studio\jbr\bin\jimage.dll
0x00007fff26c20000 - 0x00007fff26e62000 	C:\Windows\SYSTEM32\DBGHELP.DLL
0x00007fff2a280000 - 0x00007fff2a359000 	C:\Windows\System32\OLEAUT32.dll
0x00007fff096c0000 - 0x00007fff096fb000 	C:\Windows\SYSTEM32\dbgcore.DLL
0x00007fff296a0000 - 0x00007fff29748000 	C:\Windows\System32\bcryptPrimitives.dll
0x00007ffe70ad0000 - 0x00007ffe70af0000 	C:\Program Files\Android\Android Studio\jbr\bin\java.dll
0x00007ffe70ab0000 - 0x00007ffe70ac8000 	C:\Program Files\Android\Android Studio\jbr\bin\zip.dll
0x00007fff2a180000 - 0x00007fff2a276000 	C:\Windows\System32\SHCORE.dll
0x00007fff28d50000 - 0x00007fff28d79000 	C:\Windows\SYSTEM32\profapi.dll
0x00007ffe70aa0000 - 0x00007ffe70ab0000 	C:\Program Files\Android\Android Studio\jbr\bin\net.dll
0x00007fff1a830000 - 0x00007fff1a959000 	C:\Windows\SYSTEM32\WINHTTP.dll
0x00007fff280c0000 - 0x00007fff2812c000 	C:\Windows\system32\mswsock.dll
0x00007ffe70a80000 - 0x00007ffe70a96000 	C:\Program Files\Android\Android Studio\jbr\bin\nio.dll
0x00007ffe6e7e0000 - 0x00007ffe6e7f0000 	C:\Program Files\Android\Android Studio\jbr\bin\verify.dll

dbghelp: loaded successfully - version: 4.0.5 - missing functions: none
symbol engine: initialized successfully - sym options: 0x614 - pdb path: .;C:\Program Files\Android\Android Studio\jbr\bin;C:\Windows\SYSTEM32;C:\Windows\WinSxS\amd64_microsoft.windows.common-controls_6595b64144ccf1df_6.0.26100.8457_none_3e0b2faee331e92d;C:\Program Files (x86)\360\Total Security\safemon;C:\Program Files\Android\Android Studio\jbr\bin\server

VM Arguments:
java_command: org.jetbrains.kotlin.cli.jvm.K2JVMCompiler @C:\Users\anchi\HumbleContacts2\app\build\20260528_18294652255819156713.compiler.options
java_class_path (initial): C:\Users\anchi\.gradle\caches\modules-2\files-2.1\org.jetbrains.kotlin\kotlin-compiler-embeddable\2.0.21\79346ed53db48b18312a472602eb5c057070c54d\kotlin-compiler-embeddable-2.0.21.jar;C:\Users\anchi\.gradle\caches\modules-2\files-2.1\org.jetbrains.kotlin\kotlin-stdlib\2.0.21\618b539767b4899b4660a83006e052b63f1db551\kotlin-stdlib-2.0.21.jar;C:\Users\anchi\.gradle\caches\modules-2\files-2.1\org.jetbrains.kotlin\kotlin-script-runtime\2.0.21\c9b044380ad41f89aa89aa896c2d32a8c0b2129d\kotlin-script-runtime-2.0.21.jar;C:\Users\anchi\.gradle\caches\modules-2\files-2.1\org.jetbrains.kotlin\kotlin-reflect\1.6.10\1cbe9c92c12a94eea200d23c2bbaedaf3daf5132\kotlin-reflect-1.6.10.jar;C:\Users\anchi\.gradle\caches\modules-2\files-2.1\org.jetbrains.kotlin\kotlin-daemon-embeddable\2.0.21\c9e933b23287de9b5a17e2116b4657bb91aea72c\kotlin-daemon-embeddable-2.0.21.jar;C:\Users\anchi\.gradle\caches\modules-2\files-2.1\org.jetbrains.intellij.deps\trove4j\1.0.20200330\3afb14d5f9ceb459d724e907a21145e8ff394f02\trove4j-1.0.20200330.jar;C:\Users\anchi\.gradle\caches\modules-2\files-2.1\org.jetbrains.kotlinx\kotlinx-coroutines-core-jvm\1.6.4\2c997cd1c0ef33f3e751d3831929aeff1390cb30\kotlinx-coroutines-core-jvm-1.6.4.jar;C:\Users\anchi\.gradle\caches\modules-2\files-2.1\org.jetbrains\annotations\13.0\919f0dfe192fb4e063e7dacadee7f8bb9a2672a9\annotations-13.0.jar
Launcher Type: SUN_STANDARD

[Global flags]
     intx CICompilerCount                          = 4                                         {product} {ergonomic}
     uint ConcGCThreads                            = 3                                         {product} {ergonomic}
     uint G1ConcRefinementThreads                  = 10                                        {product} {ergonomic}
   size_t G1HeapRegionSize                         = 2097152                                   {product} {ergonomic}
    uintx GCDrainStackTargetSize                   = 64                                        {product} {ergonomic}
   size_t InitialHeapSize                          = 264241152                                 {product} {ergonomic}
   size_t MarkStackSize                            = 4194304                                   {product} {ergonomic}
   size_t MaxHeapSize                              = 4213178368                                {product} {ergonomic}
   size_t MaxNewSize                               = 2527068160                                {product} {ergonomic}
   size_t MinHeapDeltaBytes                        = 2097152                                   {product} {ergonomic}
   size_t MinHeapSize                              = 8388608                                   {product} {ergonomic}
    uintx NonNMethodCodeHeapSize                   = 5839372                                {pd product} {ergonomic}
    uintx NonProfiledCodeHeapSize                  = 122909434                              {pd product} {ergonomic}
    uintx ProfiledCodeHeapSize                     = 122909434                              {pd product} {ergonomic}
    uintx ReservedCodeCacheSize                    = 251658240                              {pd product} {ergonomic}
     bool SegmentedCodeCache                       = true                                      {product} {ergonomic}
   size_t SoftMaxHeapSize                          = 4213178368                             {manageable} {ergonomic}
     bool UseCompressedOops                        = true                           {product lp64_product} {ergonomic}
     bool UseG1GC                                  = true                                      {product} {ergonomic}
     bool UseLargePagesIndividualAllocation        = false                                  {pd product} {ergonomic}

Logging:
Log output configuration:
 #0: stdout all=warning uptime,level,tags foldmultilines=false
 #1: stderr all=off uptime,level,tags foldmultilines=false

Environment Variables:
JAVA_HOME=C:\Program Files\Android\Android Studio\jbr
CLASSPATH=C:\Users\anchi\HumbleContacts2\\gradle\wrapper\gradle-wrapper.jar
PATH=C:\Program Files (x86)\NVIDIA Corporation\PhysX\Common;C:\Program Files (x86)\Common Files\Oracle\Java\javapath;C:\Python314\Scripts\;C:\Python314\;C:\Windows\system32;C:\Windows;C:\Windows\System32\Wbem;C:\Windows\System32\WindowsPowerShell\v1.0\;C:\Windows\System32\OpenSSH\;C:\Program Files\dotnet\;C:\Program Files\nodejs\;C:\ProgramData\chocolatey\bin;C:\MinGW\bin;C:\Program Files\Cloudflare\Cloudflare WARP\;C:\Program Files\Android\Android Studio\jbr\bin;C:\Program Files (x86)\Windows Kits\8.1\Windows Performance Toolkit\;C:\Windows\system32\config\systemprofile\AppData\Local\Muse Hub\lib;C:\Program Files\Git\cmd;C:\Users\anchi\AppData\Local\Programs\Python\Python313\Scripts\;C:\Users\anchi\AppData\Local\Programs\Python\Python313\;C:\Users\anchi\AppData\Local\Microsoft\WindowsApps;C:\Users\anchi\AppData\Roaming\npm;C:\Users\anchi\AppData\Local\Programs\Microsoft VS Code\bin;C:\Users\anchi\AppData\Local\Python\bin;C:\Users\anchi\AppData\Local\Muse Hub\lib;C:\Users\anchi\.local\bin;C:\Users\anchi\AppData\Local\GitHubDesktop\bin
USERNAME=anchi
OS=Windows_NT
PROCESSOR_IDENTIFIER=Intel64 Family 6 Model 186 Stepping 3, GenuineIntel
TMP=C:\Users\anchi\AppData\Local\Temp
TEMP=C:\Users\anchi\AppData\Local\Temp




Periodic native trim disabled

JNI global refs:
JNI global refs: 14, weak refs: 3

JNI global refs memory usage: 835, weak refs: 833

Process memory usage:
Resident Set Size: 450928K (2% of 16454352K total physical memory with 1230832K free physical memory)

OOME stack traces (most recent first):
Classloader memory used:
Loader jdk.internal.loader.ClassLoaders$AppClassLoader                                 : 48502K
Loader bootstrap                                                                       : 10821K
Loader java.net.URLClassLoader                                                         : 258K

---------------  S Y S T E M  ---------------

OS:
 Windows 11 , 64 bit Build 26100 (10.0.26100.8328)
OS uptime: 0 days 0:32 hours
Hyper-V role detected

CPU: total 12 (initial active 12) (6 cores per cpu, 2 threads per core) family 6 model 186 stepping 3 microcode 0x6134, cx8, cmov, fxsr, ht, mmx, 3dnowpref, sse, sse2, sse3, ssse3, sse4.1, sse4.2, popcnt, lzcnt, tsc, tscinvbit, avx, avx2, aes, erms, clmul, bmi1, bmi2, adx, sha, fma, vzeroupper, clflush, clflushopt, clwb, hv, serialize, rdtscp, rdpid, fsrm, f16c, cet_ibt, cet_ss
Processor Information for the first 12 processors :
  Max Mhz: 1700, Current Mhz: 1700, Mhz Limit: 1700

Memory: 4k page, system-wide physical 16068M (1201M free)
TotalPageFile size 16068M (AvailPageFile size 6M)
current process WorkingSet (physical memory assigned to process): 441M, peak: 442M
current process commit charge ("private bytes"): 478M, peak: 481M

vm_info: OpenJDK 64-Bit Server VM (21.0.6+-13391695-b895.109) for windows-amd64 JRE (21.0.6+-13391695-b895.109), built on 2025-04-22T21:19:17Z by "builder" with MS VC++ 16.10 / 16.11 (VS2019)

END.
